---------------------------------------------------------------
[ 2024-05-15T23:04:49+08:00 ] 113.222.222.59 GET wuliji01.xiaozmax.top:6789/index/index/contentlist.html
[运行时间：0.082078s] [吞吐率：12.18req/s] [内存消耗：3,317.09kb] [文件加载：79]
[ info ] [ BEHAVIOR ] Run Closure @app_init [ RunTime:0.000042s ]
[ info ] [ CACHE ] INIT File
[ info ] [ BEHAVIOR ] Run Closure @app_init [ RunTime:0.002332s ]
[ info ] [ BEHAVIOR ] Run app\common\behavior\Common @app_init [ RunTime:0.001106s ]
[ info ] [ LANG ] /www/wwwroot/code/thinkphp/lang/zh-cn.php
[ info ] [ BEHAVIOR ] Run app\common\behavior\Common @app_dispatch [ RunTime:0.000051s ]
[ info ] [ ROUTE ] array (
  'type' => 'module',
  'module' => 
  array (
    0 => 'index',
    1 => 'index',
    2 => 'contentlist',
  ),
)
[ info ] [ HEADER ] array (
  'cookie' => 'username=xiaoz; login=1; 623eac62931f7a00dc6f5aadbb998f74=125a7254-26fc-41b9-9c65-f2e30dffcf57.XV5-PL9JF3nGJ21obDRtR6HmmCc; order=id%20desc; serverType=nginx; sites_path=/www/wwwroot; site_model=php; bt_user_info=%7B%22status%22%3Atrue%2C%22msg%22%3A%22%u83B7%u53D6%u6210%u529F%21%22%2C%22data%22%3A%7B%22username%22%3A%22178****4785%22%7D%7D; pro_end=-1; ltd_end=-1; rank=list; file_recycle_status=true; Path=/www/wwwroot/code/public; yunzhitecnuid=65; yunzhitecntoken=97cf1edb-7f2e-43f5-9c6b-a66e4635e274; __gads=ID=29a75605efcfa145:T=1710428403:RT=1713917696:S=ALNI_MbmgGoa71IyxnWVMua1ByrklMgrYg; __gpi=UID=00000d379cf1fd58:T=1710428403:RT=1713917696:S=ALNI_MZGvoBm76xnr1iXoqULK0c70zscGA; __eoi=ID=c0cccb40d7e2bcc5:T=1710428403:RT=1713917696:S=AA-Afjb3ZCqpt0JWO096uWSYVc5i',
  'accept-language' => 'zh-CN,zh;q=0.9,en;q=0.8',
  'accept-encoding' => 'gzip, deflate',
  'referer' => 'http://wuliji01.xiaozmax.top:6789/',
  'accept' => 'text/html,application/xhtml+xml,application/xml;q=0.9,image/avif,image/webp,image/apng,*/*;q=0.8,application/signed-exchange;v=b3;q=0.7',
  'user-agent' => 'Mozilla/5.0 (Linux; Android 10; K) AppleWebKit/537.36 (KHTML, like Gecko) Chrome/122.0.0.0 Mobile Safari/537.36',
  'upgrade-insecure-requests' => '1',
  'connection' => 'keep-alive',
  'host' => 'wuliji01.xiaozmax.top:6789',
  'content-length' => '',
  'content-type' => '',
)
[ info ] [ PARAM ] array (
)
[ info ] [ LANG ] /www/wwwroot/code/public/../application/index/lang/zh-cn.php
[ info ] [ BEHAVIOR ] Run app\common\behavior\Common @module_init [ RunTime:0.002273s ]
[ info ] [ TOKEN ] INIT Mysql
[ info ] [ DB ] INIT mysql
[ info ] [ BEHAVIOR ] Run \addons\ueditor\Ueditor @config_init [ RunTime:0.000211s ]
[ info ] [ LANG ] /www/wwwroot/code/public/../application/index/lang/zh-cn/index.php
[ info ] [ RUN ] app\index\controller\Index->contentlist[ /www/wwwroot/code/application/index/controller/Index.php ]
[ info ] [ SESSION ] INIT array (
  'id' => '',
  'var_session_id' => '',
  'prefix' => 'think',
  'type' => '',
  'auto_start' => true,
)
[ info ] [ VIEW ] /www/wwwroot/code/public/../application/index/view/index/contentlist_new.html [ array (
  0 => 'user',
  1 => 'site',
  2 => 'config',
  3 => 'sitename',
  4 => 'secsitename',
  5 => 'message',
) ]
[ info ] [ LOG ] INIT File
---------------------------------------------------------------
[ 2024-05-15T23:04:51+08:00 ] 113.222.222.59 GET wuliji01.xiaozmax.top:6789/favicon.ico
[运行时间：0.034818s] [吞吐率：28.72req/s] [内存消耗：1,457.81kb] [文件加载：55]
[ info ] [ BEHAVIOR ] Run Closure @app_init [ RunTime:0.000029s ]
[ info ] [ CACHE ] INIT File
[ info ] [ BEHAVIOR ] Run Closure @app_init [ RunTime:0.001999s ]
[ info ] [ BEHAVIOR ] Run app\common\behavior\Common @app_init [ RunTime:0.000808s ]
[ info ] [ LANG ] /www/wwwroot/code/thinkphp/lang/zh-cn.php
[ info ] [ BEHAVIOR ] Run app\common\behavior\Common @app_dispatch [ RunTime:0.000036s ]
[ info ] [ ROUTE ] array (
  'type' => 'module',
  'module' => 
  array (
    0 => 'favicon.ico',
    1 => NULL,
    2 => NULL,
  ),
)
[ info ] [ HEADER ] array (
  'cookie' => 'username=xiaoz; login=1; 623eac62931f7a00dc6f5aadbb998f74=125a7254-26fc-41b9-9c65-f2e30dffcf57.XV5-PL9JF3nGJ21obDRtR6HmmCc; order=id%20desc; serverType=nginx; sites_path=/www/wwwroot; site_model=php; bt_user_info=%7B%22status%22%3Atrue%2C%22msg%22%3A%22%u83B7%u53D6%u6210%u529F%21%22%2C%22data%22%3A%7B%22username%22%3A%22178****4785%22%7D%7D; pro_end=-1; ltd_end=-1; rank=list; file_recycle_status=true; Path=/www/wwwroot/code/public; yunzhitecnuid=65; yunzhitecntoken=97cf1edb-7f2e-43f5-9c6b-a66e4635e274; __gads=ID=29a75605efcfa145:T=1710428403:RT=1713917696:S=ALNI_MbmgGoa71IyxnWVMua1ByrklMgrYg; __gpi=UID=00000d379cf1fd58:T=1710428403:RT=1713917696:S=ALNI_MZGvoBm76xnr1iXoqULK0c70zscGA; __eoi=ID=c0cccb40d7e2bcc5:T=1710428403:RT=1713917696:S=AA-Afjb3ZCqpt0JWO096uWSYVc5i; PHPSESSID=nl9scg178ml4340blnlrk62snd',
  'accept-language' => 'zh-CN,zh;q=0.9,en;q=0.8',
  'accept-encoding' => 'gzip, deflate',
  'referer' => 'http://wuliji01.xiaozmax.top:6789/index/index/contentlist.html',
  'accept' => 'image/avif,image/webp,image/apng,image/svg+xml,image/*,*/*;q=0.8',
  'user-agent' => 'Mozilla/5.0 (Linux; Android 10; K) AppleWebKit/537.36 (KHTML, like Gecko) Chrome/122.0.0.0 Mobile Safari/537.36',
  'connection' => 'keep-alive',
  'host' => 'wuliji01.xiaozmax.top:6789',
  'content-length' => '',
  'content-type' => '',
)
[ info ] [ PARAM ] array (
)
[ info ] [ LOG ] INIT File
---------------------------------------------------------------
[ 2024-05-15T23:04:51+08:00 ] 113.222.222.59 GET wuliji01.xiaozmax.top:6789/index/index/get_category
[运行时间：0.069292s] [吞吐率：14.43req/s] [内存消耗：3,286.78kb] [文件加载：79]
[ info ] [ BEHAVIOR ] Run Closure @app_init [ RunTime:0.000036s ]
[ info ] [ CACHE ] INIT File
[ info ] [ BEHAVIOR ] Run Closure @app_init [ RunTime:0.002120s ]
[ info ] [ BEHAVIOR ] Run app\common\behavior\Common @app_init [ RunTime:0.000839s ]
[ info ] [ LANG ] /www/wwwroot/code/thinkphp/lang/zh-cn.php
[ info ] [ BEHAVIOR ] Run app\common\behavior\Common @app_dispatch [ RunTime:0.000041s ]
[ info ] [ ROUTE ] array (
  'type' => 'module',
  'module' => 
  array (
    0 => 'index',
    1 => 'index',
    2 => 'get_category',
  ),
)
[ info ] [ HEADER ] array (
  'cookie' => 'username=xiaoz; login=1; 623eac62931f7a00dc6f5aadbb998f74=125a7254-26fc-41b9-9c65-f2e30dffcf57.XV5-PL9JF3nGJ21obDRtR6HmmCc; order=id%20desc; serverType=nginx; sites_path=/www/wwwroot; site_model=php; bt_user_info=%7B%22status%22%3Atrue%2C%22msg%22%3A%22%u83B7%u53D6%u6210%u529F%21%22%2C%22data%22%3A%7B%22username%22%3A%22178****4785%22%7D%7D; pro_end=-1; ltd_end=-1; rank=list; file_recycle_status=true; Path=/www/wwwroot/code/public; yunzhitecnuid=65; yunzhitecntoken=97cf1edb-7f2e-43f5-9c6b-a66e4635e274; __gads=ID=29a75605efcfa145:T=1710428403:RT=1713917696:S=ALNI_MbmgGoa71IyxnWVMua1ByrklMgrYg; __gpi=UID=00000d379cf1fd58:T=1710428403:RT=1713917696:S=ALNI_MZGvoBm76xnr1iXoqULK0c70zscGA; __eoi=ID=c0cccb40d7e2bcc5:T=1710428403:RT=1713917696:S=AA-Afjb3ZCqpt0JWO096uWSYVc5i; PHPSESSID=nl9scg178ml4340blnlrk62snd',
  'accept-language' => 'zh-CN,zh;q=0.9,en;q=0.8',
  'accept-encoding' => 'gzip, deflate',
  'referer' => 'http://wuliji01.xiaozmax.top:6789/index/index/contentlist.html',
  'x-requested-with' => 'XMLHttpRequest',
  'user-agent' => 'Mozilla/5.0 (Linux; Android 10; K) AppleWebKit/537.36 (KHTML, like Gecko) Chrome/122.0.0.0 Mobile Safari/537.36',
  'accept' => '*/*',
  'connection' => 'keep-alive',
  'host' => 'wuliji01.xiaozmax.top:6789',
  'content-length' => '',
  'content-type' => '',
)
[ info ] [ PARAM ] array (
)
[ info ] [ LANG ] /www/wwwroot/code/public/../application/index/lang/zh-cn.php
[ info ] [ BEHAVIOR ] Run app\common\behavior\Common @module_init [ RunTime:0.002167s ]
[ info ] [ TOKEN ] INIT Mysql
[ info ] [ DB ] INIT mysql
[ info ] [ BEHAVIOR ] Run \addons\ueditor\Ueditor @config_init [ RunTime:0.000167s ]
[ info ] [ LANG ] /www/wwwroot/code/public/../application/index/lang/zh-cn/index.php
[ info ] [ RUN ] app\index\controller\Index->get_category[ /www/wwwroot/code/application/index/controller/Index.php ]
[ info ] [ LOG ] INIT File
---------------------------------------------------------------
[ 2024-05-15T23:04:51+08:00 ] 113.222.222.59 POST wuliji01.xiaozmax.top:6789/index/index/contentlist
[运行时间：0.069839s] [吞吐率：14.32req/s] [内存消耗：3,413.10kb] [文件加载：84]
[ info ] [ BEHAVIOR ] Run Closure @app_init [ RunTime:0.000029s ]
[ info ] [ CACHE ] INIT File
[ info ] [ BEHAVIOR ] Run Closure @app_init [ RunTime:0.002030s ]
[ info ] [ BEHAVIOR ] Run app\common\behavior\Common @app_init [ RunTime:0.000818s ]
[ info ] [ LANG ] /www/wwwroot/code/thinkphp/lang/zh-cn.php
[ info ] [ BEHAVIOR ] Run app\common\behavior\Common @app_dispatch [ RunTime:0.000039s ]
[ info ] [ ROUTE ] array (
  'type' => 'module',
  'module' => 
  array (
    0 => 'index',
    1 => 'index',
    2 => 'contentlist',
  ),
)
[ info ] [ HEADER ] array (
  'cookie' => 'username=xiaoz; login=1; 623eac62931f7a00dc6f5aadbb998f74=125a7254-26fc-41b9-9c65-f2e30dffcf57.XV5-PL9JF3nGJ21obDRtR6HmmCc; order=id%20desc; serverType=nginx; sites_path=/www/wwwroot; site_model=php; bt_user_info=%7B%22status%22%3Atrue%2C%22msg%22%3A%22%u83B7%u53D6%u6210%u529F%21%22%2C%22data%22%3A%7B%22username%22%3A%22178****4785%22%7D%7D; pro_end=-1; ltd_end=-1; rank=list; file_recycle_status=true; Path=/www/wwwroot/code/public; yunzhitecnuid=65; yunzhitecntoken=97cf1edb-7f2e-43f5-9c6b-a66e4635e274; __gads=ID=29a75605efcfa145:T=1710428403:RT=1713917696:S=ALNI_MbmgGoa71IyxnWVMua1ByrklMgrYg; __gpi=UID=00000d379cf1fd58:T=1710428403:RT=1713917696:S=ALNI_MZGvoBm76xnr1iXoqULK0c70zscGA; __eoi=ID=c0cccb40d7e2bcc5:T=1710428403:RT=1713917696:S=AA-Afjb3ZCqpt0JWO096uWSYVc5i; PHPSESSID=nl9scg178ml4340blnlrk62snd',
  'accept-language' => 'zh-CN,zh;q=0.9,en;q=0.8',
  'accept-encoding' => 'gzip, deflate',
  'referer' => 'http://wuliji01.xiaozmax.top:6789/index/index/contentlist.html',
  'origin' => 'http://wuliji01.xiaozmax.top:6789',
  'content-type' => 'application/x-www-form-urlencoded; charset=UTF-8',
  'user-agent' => 'Mozilla/5.0 (Linux; Android 10; K) AppleWebKit/537.36 (KHTML, like Gecko) Chrome/122.0.0.0 Mobile Safari/537.36',
  'x-requested-with' => 'XMLHttpRequest',
  'accept' => '*/*',
  'content-length' => '28',
  'connection' => 'keep-alive',
  'host' => 'wuliji01.xiaozmax.top:6789',
)
[ info ] [ PARAM ] array (
  'category' => '0',
  'size' => '10',
  'pagenow' => '1',
)
[ info ] [ LANG ] /www/wwwroot/code/public/../application/index/lang/zh-cn.php
[ info ] [ BEHAVIOR ] Run app\common\behavior\Common @module_init [ RunTime:0.002172s ]
[ info ] [ TOKEN ] INIT Mysql
[ info ] [ DB ] INIT mysql
[ info ] [ BEHAVIOR ] Run \addons\ueditor\Ueditor @config_init [ RunTime:0.000153s ]
[ info ] [ LANG ] /www/wwwroot/code/public/../application/index/lang/zh-cn/index.php
[ info ] [ RUN ] app\index\controller\Index->contentlist[ /www/wwwroot/code/application/index/controller/Index.php ]
[ info ] [ LOG ] INIT File
---------------------------------------------------------------
[ 2024-05-15T23:53:25+08:00 ] 113.222.222.59 GET wuliji01.xiaozmax.top:6789/
[运行时间：0.069565s] [吞吐率：14.38req/s] [内存消耗：3,180.72kb] [文件加载：76]
[ info ] [ BEHAVIOR ] Run Closure @app_init [ RunTime:0.000042s ]
[ info ] [ CACHE ] INIT File
[ info ] [ BEHAVIOR ] Run Closure @app_init [ RunTime:0.002398s ]
[ info ] [ BEHAVIOR ] Run app\common\behavior\Common @app_init [ RunTime:0.000999s ]
[ info ] [ LANG ] /www/wwwroot/code/thinkphp/lang/zh-cn.php
[ info ] [ BEHAVIOR ] Run app\common\behavior\Common @app_dispatch [ RunTime:0.000038s ]
[ info ] [ ROUTE ] array (
  'type' => 'module',
  'module' => 
  array (
    0 => '',
    1 => NULL,
    2 => NULL,
  ),
)
[ info ] [ HEADER ] array (
  'cookie' => '_ga_Y5DFN9DCWC=GS1.1.1708255990.1.0.1708255990.0.0.0; _ga=GA1.2.2071679804.1708255990; Qs_lvt_383843=1710643478; Qs_pv_383843=733709402420457100; username=admin; login=1; __gads=ID=7bd0f64b084577f6:T=1706666249:RT=1715425416:S=ALNI_MbCInmKXWohg1IBSfqfnDLc0Zb_tA; __gpi=UID=00000cf44adb235a:T=1706666249:RT=1715425416:S=ALNI_MY0owTL-Ycba5WMw8oetFro0CNMtg; __eoi=ID=18024d3687bc2a53:T=1706666249:RT=1715425416:S=AA-Afjb71n_J7x6hqDrfqy2Y6PNB; 623eac62931f7a00dc6f5aadbb998f74=152fca67-c999-480d-89dd-62830cb00e04.RlGevkI5_jkx1TvJ3sKTwKmo5UU; order=id%20desc; serverType=nginx; sites_path=/www/wwwroot; site_model=php; bt_user_info=%7B%22status%22%3Atrue%2C%22msg%22%3A%22%u83B7%u53D6%u6210%u529F%21%22%2C%22data%22%3A%7B%22username%22%3A%22178****4785%22%7D%7D; pro_end=-1; ltd_end=-1; db_page_model=mysql; backup_path=/www/backup',
  'accept-language' => 'zh-CN,zh;q=0.9,en;q=0.8,en-GB;q=0.7,en-US;q=0.6',
  'accept-encoding' => 'gzip, deflate',
  'referer' => 'http://wuliji01.xiaozmax.top:6789/index/user/logout.html',
  'accept' => 'text/html,application/xhtml+xml,application/xml;q=0.9,image/avif,image/webp,image/apng,*/*;q=0.8,application/signed-exchange;v=b3;q=0.7',
  'user-agent' => 'Mozilla/5.0 (Windows NT 10.0; Win64; x64) AppleWebKit/537.36 (KHTML, like Gecko) Chrome/124.0.0.0 Safari/537.36 Edg/124.0.0.0',
  'upgrade-insecure-requests' => '1',
  'connection' => 'keep-alive',
  'host' => 'wuliji01.xiaozmax.top:6789',
  'content-length' => '',
  'content-type' => '',
)
[ info ] [ PARAM ] array (
)
[ info ] [ LANG ] /www/wwwroot/code/public/../application/index/lang/zh-cn.php
[ info ] [ BEHAVIOR ] Run app\common\behavior\Common @module_init [ RunTime:0.002333s ]
[ info ] [ BEHAVIOR ] Run \addons\ueditor\Ueditor @config_init [ RunTime:0.000178s ]
[ info ] [ LANG ] /www/wwwroot/code/public/../application/index/lang/zh-cn/index.php
[ info ] [ RUN ] app\index\controller\Index->index[ /www/wwwroot/code/application/index/controller/Index.php ]
[ info ] [ SESSION ] INIT array (
  'id' => '',
  'var_session_id' => '',
  'prefix' => 'think',
  'type' => '',
  'auto_start' => true,
)
[ info ] [ DB ] INIT mysql
[ info ] [ VIEW ] /www/wwwroot/code/public/../application/index/view/index/index_new.html [ array (
  0 => 'user',
  1 => 'site',
  2 => 'config',
  3 => 'sitename',
  4 => 'secsitename',
  5 => 'message',
) ]
[ info ] [ LOG ] INIT File
---------------------------------------------------------------
[ 2024-05-15T23:53:29+08:00 ] 113.222.222.59 GET wuliji01.xiaozmax.top:6789/favicon.ico
[运行时间：0.035036s] [吞吐率：28.54req/s] [内存消耗：1,458.31kb] [文件加载：55]
[ info ] [ BEHAVIOR ] Run Closure @app_init [ RunTime:0.000042s ]
[ info ] [ CACHE ] INIT File
[ info ] [ BEHAVIOR ] Run Closure @app_init [ RunTime:0.001974s ]
[ info ] [ BEHAVIOR ] Run app\common\behavior\Common @app_init [ RunTime:0.000824s ]
[ info ] [ LANG ] /www/wwwroot/code/thinkphp/lang/zh-cn.php
[ info ] [ BEHAVIOR ] Run app\common\behavior\Common @app_dispatch [ RunTime:0.000038s ]
[ info ] [ ROUTE ] array (
  'type' => 'module',
  'module' => 
  array (
    0 => 'favicon.ico',
    1 => NULL,
    2 => NULL,
  ),
)
[ info ] [ HEADER ] array (
  'cookie' => '_ga_Y5DFN9DCWC=GS1.1.1708255990.1.0.1708255990.0.0.0; _ga=GA1.2.2071679804.1708255990; Qs_lvt_383843=1710643478; Qs_pv_383843=733709402420457100; username=admin; login=1; __gads=ID=7bd0f64b084577f6:T=1706666249:RT=1715425416:S=ALNI_MbCInmKXWohg1IBSfqfnDLc0Zb_tA; __gpi=UID=00000cf44adb235a:T=1706666249:RT=1715425416:S=ALNI_MY0owTL-Ycba5WMw8oetFro0CNMtg; __eoi=ID=18024d3687bc2a53:T=1706666249:RT=1715425416:S=AA-Afjb71n_J7x6hqDrfqy2Y6PNB; 623eac62931f7a00dc6f5aadbb998f74=152fca67-c999-480d-89dd-62830cb00e04.RlGevkI5_jkx1TvJ3sKTwKmo5UU; order=id%20desc; serverType=nginx; sites_path=/www/wwwroot; site_model=php; bt_user_info=%7B%22status%22%3Atrue%2C%22msg%22%3A%22%u83B7%u53D6%u6210%u529F%21%22%2C%22data%22%3A%7B%22username%22%3A%22178****4785%22%7D%7D; pro_end=-1; ltd_end=-1; db_page_model=mysql; backup_path=/www/backup; PHPSESSID=lnlvvcaukrg9kc1bmdqd7ueamg',
  'accept-language' => 'zh-CN,zh;q=0.9,en;q=0.8,en-GB;q=0.7,en-US;q=0.6',
  'accept-encoding' => 'gzip, deflate',
  'referer' => 'http://wuliji01.xiaozmax.top:6789/',
  'accept' => 'image/avif,image/webp,image/apng,image/svg+xml,image/*,*/*;q=0.8',
  'user-agent' => 'Mozilla/5.0 (Windows NT 10.0; Win64; x64) AppleWebKit/537.36 (KHTML, like Gecko) Chrome/124.0.0.0 Safari/537.36 Edg/124.0.0.0',
  'connection' => 'keep-alive',
  'host' => 'wuliji01.xiaozmax.top:6789',
  'content-length' => '',
  'content-type' => '',
)
[ info ] [ PARAM ] array (
)
[ info ] [ LOG ] INIT File
---------------------------------------------------------------
[ 2024-05-15T23:53:31+08:00 ] 113.222.222.59 GET wuliji01.xiaozmax.top:6789/BzZjqEwfvh.php/article?ref=addtabs
[运行时间：0.052108s] [吞吐率：19.19req/s] [内存消耗：2,312.18kb] [文件加载：70]
[ info ] [ BEHAVIOR ] Run Closure @app_init [ RunTime:0.000042s ]
[ info ] [ CACHE ] INIT File
[ info ] [ BEHAVIOR ] Run Closure @app_init [ RunTime:0.002569s ]
[ info ] [ BEHAVIOR ] Run app\common\behavior\Common @app_init [ RunTime:0.000911s ]
[ info ] [ LANG ] /www/wwwroot/code/thinkphp/lang/zh-cn.php
[ info ] [ BEHAVIOR ] Run app\common\behavior\Common @app_dispatch [ RunTime:0.000039s ]
[ info ] [ ROUTE ] array (
  'type' => 'module',
  'module' => 
  array (
    0 => 'admin',
    1 => 'article',
    2 => NULL,
  ),
)
[ info ] [ HEADER ] array (
  'cookie' => '_ga_Y5DFN9DCWC=GS1.1.1708255990.1.0.1708255990.0.0.0; _ga=GA1.2.2071679804.1708255990; Qs_lvt_383843=1710643478; Qs_pv_383843=733709402420457100; username=admin; login=1; __gads=ID=7bd0f64b084577f6:T=1706666249:RT=1715425416:S=ALNI_MbCInmKXWohg1IBSfqfnDLc0Zb_tA; __gpi=UID=00000cf44adb235a:T=1706666249:RT=1715425416:S=ALNI_MY0owTL-Ycba5WMw8oetFro0CNMtg; __eoi=ID=18024d3687bc2a53:T=1706666249:RT=1715425416:S=AA-Afjb71n_J7x6hqDrfqy2Y6PNB; 623eac62931f7a00dc6f5aadbb998f74=152fca67-c999-480d-89dd-62830cb00e04.RlGevkI5_jkx1TvJ3sKTwKmo5UU; order=id%20desc; serverType=nginx; sites_path=/www/wwwroot; site_model=php; bt_user_info=%7B%22status%22%3Atrue%2C%22msg%22%3A%22%u83B7%u53D6%u6210%u529F%21%22%2C%22data%22%3A%7B%22username%22%3A%22178****4785%22%7D%7D; pro_end=-1; ltd_end=-1; db_page_model=mysql; backup_path=/www/backup; PHPSESSID=lnlvvcaukrg9kc1bmdqd7ueamg',
  'accept-language' => 'zh-CN,zh;q=0.9,en;q=0.8,en-GB;q=0.7,en-US;q=0.6',
  'accept-encoding' => 'gzip, deflate',
  'accept' => 'text/html,application/xhtml+xml,application/xml;q=0.9,image/avif,image/webp,image/apng,*/*;q=0.8,application/signed-exchange;v=b3;q=0.7',
  'user-agent' => 'Mozilla/5.0 (Windows NT 10.0; Win64; x64) AppleWebKit/537.36 (KHTML, like Gecko) Chrome/124.0.0.0 Safari/537.36 Edg/124.0.0.0',
  'upgrade-insecure-requests' => '1',
  'connection' => 'keep-alive',
  'host' => 'wuliji01.xiaozmax.top:6789',
  'content-length' => '',
  'content-type' => '',
)
[ info ] [ PARAM ] array (
  'ref' => 'addtabs',
)
[ info ] [ LANG ] /www/wwwroot/code/public/../application/admin/lang/zh-cn.php
[ info ] [ BEHAVIOR ] Run app\common\behavior\Common @module_init [ RunTime:0.002348s ]
[ info ] [ SESSION ] INIT array (
  'id' => '',
  'var_session_id' => '',
  'prefix' => 'think',
  'type' => '',
  'auto_start' => true,
)
[ info ] [ VIEW ] /www/wwwroot/code/public/../application/common/view/tpl/dispatch_jump.tpl [ array (
  0 => 'code',
  1 => 'msg',
  2 => 'data',
  3 => 'url',
  4 => 'wait',
) ]
[ info ] [ BEHAVIOR ] Run app\admin\behavior\AdminLog @app_end [ RunTime:0.000145s ]
[ info ] [ LOG ] INIT File
---------------------------------------------------------------
[ 2024-05-15T23:53:35+08:00 ] 113.222.222.59 GET wuliji01.xiaozmax.top:6789/BzZjqEwfvh.php/index/login?url=%2FBzZjqEwfvh.php%2Farticle%3Fref%3Daddtabs
[运行时间：0.059559s] [吞吐率：16.79req/s] [内存消耗：2,795.83kb] [文件加载：75]
[ info ] [ BEHAVIOR ] Run Closure @app_init [ RunTime:0.000038s ]
[ info ] [ CACHE ] INIT File
[ info ] [ BEHAVIOR ] Run Closure @app_init [ RunTime:0.002192s ]
[ info ] [ BEHAVIOR ] Run app\common\behavior\Common @app_init [ RunTime:0.000911s ]
[ info ] [ LANG ] /www/wwwroot/code/thinkphp/lang/zh-cn.php
[ info ] [ BEHAVIOR ] Run app\common\behavior\Common @app_dispatch [ RunTime:0.000036s ]
[ info ] [ ROUTE ] array (
  'type' => 'module',
  'module' => 
  array (
    0 => 'admin',
    1 => 'index',
    2 => 'login',
  ),
)
[ info ] [ HEADER ] array (
  'cookie' => '_ga_Y5DFN9DCWC=GS1.1.1708255990.1.0.1708255990.0.0.0; _ga=GA1.2.2071679804.1708255990; Qs_lvt_383843=1710643478; Qs_pv_383843=733709402420457100; username=admin; login=1; __gads=ID=7bd0f64b084577f6:T=1706666249:RT=1715425416:S=ALNI_MbCInmKXWohg1IBSfqfnDLc0Zb_tA; __gpi=UID=00000cf44adb235a:T=1706666249:RT=1715425416:S=ALNI_MY0owTL-Ycba5WMw8oetFro0CNMtg; __eoi=ID=18024d3687bc2a53:T=1706666249:RT=1715425416:S=AA-Afjb71n_J7x6hqDrfqy2Y6PNB; 623eac62931f7a00dc6f5aadbb998f74=152fca67-c999-480d-89dd-62830cb00e04.RlGevkI5_jkx1TvJ3sKTwKmo5UU; order=id%20desc; serverType=nginx; sites_path=/www/wwwroot; site_model=php; bt_user_info=%7B%22status%22%3Atrue%2C%22msg%22%3A%22%u83B7%u53D6%u6210%u529F%21%22%2C%22data%22%3A%7B%22username%22%3A%22178****4785%22%7D%7D; pro_end=-1; ltd_end=-1; db_page_model=mysql; backup_path=/www/backup; PHPSESSID=lnlvvcaukrg9kc1bmdqd7ueamg',
  'accept-language' => 'zh-CN,zh;q=0.9,en;q=0.8,en-GB;q=0.7,en-US;q=0.6',
  'accept-encoding' => 'gzip, deflate',
  'referer' => 'http://wuliji01.xiaozmax.top:6789/BzZjqEwfvh.php/article?ref=addtabs',
  'accept' => 'text/html,application/xhtml+xml,application/xml;q=0.9,image/avif,image/webp,image/apng,*/*;q=0.8,application/signed-exchange;v=b3;q=0.7',
  'user-agent' => 'Mozilla/5.0 (Windows NT 10.0; Win64; x64) AppleWebKit/537.36 (KHTML, like Gecko) Chrome/124.0.0.0 Safari/537.36 Edg/124.0.0.0',
  'upgrade-insecure-requests' => '1',
  'connection' => 'keep-alive',
  'host' => 'wuliji01.xiaozmax.top:6789',
  'content-length' => '',
  'content-type' => '',
)
[ info ] [ PARAM ] array (
  'url' => '/BzZjqEwfvh.php/article?ref=addtabs',
)
[ info ] [ LANG ] /www/wwwroot/code/public/../application/admin/lang/zh-cn.php
[ info ] [ BEHAVIOR ] Run app\common\behavior\Common @module_init [ RunTime:0.002275s ]
[ info ] [ SESSION ] INIT array (
  'id' => '',
  'var_session_id' => '',
  'prefix' => 'think',
  'type' => '',
  'auto_start' => true,
)
[ info ] [ BEHAVIOR ] Run \addons\ueditor\Ueditor @config_init [ RunTime:0.000179s ]
[ info ] [ LANG ] /www/wwwroot/code/public/../application/admin/lang/zh-cn/index.php
[ info ] [ RUN ] app\admin\controller\Index->login[ /www/wwwroot/code/application/admin/controller/Index.php ]
[ info ] [ VIEW ] /www/wwwroot/code/public/../application/admin/view/index/login.html [ array (
  0 => 'breadcrumb',
  1 => 'site',
  2 => 'config',
  3 => 'auth',
  4 => 'admin',
  5 => 'keeyloginhours',
  6 => 'background',
  7 => 'title',
) ]
[ info ] [ BEHAVIOR ] Run app\admin\behavior\AdminLog @app_end [ RunTime:0.000101s ]
[ info ] [ LOG ] INIT File
---------------------------------------------------------------
[ 2024-05-15T23:53:39+08:00 ] 113.222.222.59 GET wuliji01.xiaozmax.top:6789/BzZjqEwfvh.php/ajax/lang?callback=define&controllername=index&lang=zh-cn&v=1715788415&v=1715788415
[运行时间：0.054613s] [吞吐率：18.31req/s] [内存消耗：2,711.09kb] [文件加载：74]
[ info ] [ BEHAVIOR ] Run Closure @app_init [ RunTime:0.000040s ]
[ info ] [ CACHE ] INIT File
[ info ] [ BEHAVIOR ] Run Closure @app_init [ RunTime:0.002005s ]
[ info ] [ BEHAVIOR ] Run app\common\behavior\Common @app_init [ RunTime:0.000857s ]
[ info ] [ LANG ] /www/wwwroot/code/thinkphp/lang/zh-cn.php
[ info ] [ BEHAVIOR ] Run app\common\behavior\Common @app_dispatch [ RunTime:0.000033s ]
[ info ] [ ROUTE ] array (
  'type' => 'module',
  'module' => 
  array (
    0 => 'admin',
    1 => 'ajax',
    2 => 'lang',
  ),
)
[ info ] [ HEADER ] array (
  'cookie' => '_ga_Y5DFN9DCWC=GS1.1.1708255990.1.0.1708255990.0.0.0; _ga=GA1.2.2071679804.1708255990; Qs_lvt_383843=1710643478; Qs_pv_383843=733709402420457100; username=admin; login=1; __gads=ID=7bd0f64b084577f6:T=1706666249:RT=1715425416:S=ALNI_MbCInmKXWohg1IBSfqfnDLc0Zb_tA; __gpi=UID=00000cf44adb235a:T=1706666249:RT=1715425416:S=ALNI_MY0owTL-Ycba5WMw8oetFro0CNMtg; __eoi=ID=18024d3687bc2a53:T=1706666249:RT=1715425416:S=AA-Afjb71n_J7x6hqDrfqy2Y6PNB; 623eac62931f7a00dc6f5aadbb998f74=152fca67-c999-480d-89dd-62830cb00e04.RlGevkI5_jkx1TvJ3sKTwKmo5UU; order=id%20desc; serverType=nginx; sites_path=/www/wwwroot; site_model=php; bt_user_info=%7B%22status%22%3Atrue%2C%22msg%22%3A%22%u83B7%u53D6%u6210%u529F%21%22%2C%22data%22%3A%7B%22username%22%3A%22178****4785%22%7D%7D; pro_end=-1; ltd_end=-1; db_page_model=mysql; backup_path=/www/backup; PHPSESSID=lnlvvcaukrg9kc1bmdqd7ueamg',
  'accept-language' => 'zh-CN,zh;q=0.9,en;q=0.8,en-GB;q=0.7,en-US;q=0.6',
  'accept-encoding' => 'gzip, deflate',
  'accept' => '*/*',
  'user-agent' => 'Mozilla/5.0 (Windows NT 10.0; Win64; x64) AppleWebKit/537.36 (KHTML, like Gecko) Chrome/124.0.0.0 Safari/537.36 Edg/124.0.0.0',
  'connection' => 'keep-alive',
  'host' => 'wuliji01.xiaozmax.top:6789',
  'content-length' => '',
  'content-type' => '',
)
[ info ] [ PARAM ] array (
  'callback' => 'define',
  'controllername' => 'index',
  'lang' => 'zh-cn',
  'v' => '1715788415',
)
[ info ] [ LANG ] /www/wwwroot/code/public/../application/admin/lang/zh-cn.php
[ info ] [ BEHAVIOR ] Run app\common\behavior\Common @module_init [ RunTime:0.002138s ]
[ info ] [ SESSION ] INIT array (
  'id' => '',
  'var_session_id' => '',
  'prefix' => 'think',
  'type' => '',
  'auto_start' => true,
)
[ info ] [ BEHAVIOR ] Run \addons\ueditor\Ueditor @config_init [ RunTime:0.000160s ]
[ info ] [ LANG ] /www/wwwroot/code/public/../application/admin/lang/zh-cn/ajax.php
[ info ] [ RUN ] app\admin\controller\Ajax->lang[ /www/wwwroot/code/application/admin/controller/Ajax.php ]
[ info ] [ LANG ] /www/wwwroot/code/public/../application/admin/lang/zh-cn/index.php
[ info ] [ BEHAVIOR ] Run app\admin\behavior\AdminLog @app_end [ RunTime:0.000111s ]
[ info ] [ LOG ] INIT File
