---------------------------------------------------------------
[ 2024-01-22T17:24:19+08:00 ] 10.0.0.19 GET 10.0.0.242/BzZjqEwfvh.php/gethydro?ref=addtabs
[运行时间：1.866342s] [吞吐率：0.54req/s] [内存消耗：2,398.82kb] [文件加载：63]
[ info ] [ BEHAVIOR ] Run Closure @app_init [ RunTime:0.000827s ]
[ info ] [ CACHE ] INIT File
[ info ] [ BEHAVIOR ] Run Closure @app_init [ RunTime:0.004432s ]
[ info ] [ BEHAVIOR ] Run app\common\behavior\Common @app_init [ RunTime:0.001921s ]
[ info ] [ LANG ] /www/wwwroot/code/thinkphp/lang/zh-cn.php
[ info ] [ BEHAVIOR ] Run app\common\behavior\Common @app_dispatch [ RunTime:0.000150s ]
[ info ] [ ROUTE ] array (
  'type' => 'module',
  'module' => 
  array (
    0 => 'admin',
    1 => 'gethydro',
    2 => NULL,
  ),
)
[ info ] [ HEADER ] array (
  'cookie' => 'order=id%20desc; serverType=nginx; pro_end=-1; ltd_end=-1; sites_path=/www/wwwroot; site_model=php; 260dbf7a6caeff16476fb3a2d9629ef2=3ad869ab-3a3f-4752-9891-77735c883abd.KOP-p-wwe083NNrwk0Xwf1oBw1o; memSize=5928; bt_user_info=%7B%22status%22%3Atrue%2C%22msg%22%3A%22%u83B7%u53D6%u6210%u529F%21%22%2C%22data%22%3A%7B%22username%22%3A%22178****4785%22%7D%7D; distribution=ubuntu; force=0; soft_remarks=%7B%22list%22%3A%5B%22%u66F4%u6362%u6388%u6743IP%22%2C%225%u5206%u949F%u6781%u901F%u54CD%u5E94%22%2C%2215%u5929%u65E0%u7406%u7531%u9000%u6B3E%22%2C%2230+%u6B3E%u4ED8%u8D39%u63D2%u4EF6%22%2C%2220+%u4F01%u4E1A%u7248%u4E13%u4EAB%u529F%u80FD%22%2C%221000%u6761%u514D%u8D39%u77ED%u4FE1%uFF08%u5E74%u4ED8%uFF09%22%2C%222%u5F20SSL%u5546%u7528%u8BC1%u4E66%uFF08%u5E74%u4ED8%uFF09%22%2C%22%u4E13%u4EAB%u4F01%u4E1A%u670D%u52A1%u7FA4%uFF08%u5E74%u4ED8%uFF09%22%5D%2C%22pro_list%22%3A%5B%22%u66F4%u6362%u6388%u6743IP%22%2C%22%u5BA2%u670D%u4F18%u5148%u54CD%u5E94%22%2C%2215+%u6B3E%u4ED8%u8D39%u63D2%u4EF6%22%2C%2215%u5929%u65E0%u7406%u7531%u9000%u6B3E%22%2C%22%u5546%u7528%u9632%u706B%u5899%u6388%u6743%22%5D%2C%22kfqq%22%3A%223007255432%22%2C%22kf%22%3A%22http%3A//q.url.cn/CDfQPS%3F_type%3Dwpa%26qidian%3Dtrue%22%2C%22qun%22%3A%22%22%2C%22activity_list%22%3A%5B%22%3Cspan%20style%3D%5C%22color%3A%23D98704%3Bpadding-right%3A10px%5C%22%3E618%u7279%u60E0%u6D3B%u52A8%uFF0C6%u67089%u65E5-%206%u670818%u65E5%uFF0C%u6700%u9AD8%u51CF15000%u5143%3C/span%3E%3Ca%20style%3D%5C%22text-decoration%3Anone%3B%5C%22%20href%3D%5C%22https%3A//www.bt.cn/618%5C%22%20rel%3D%5C%22noreferrer%5C%22%20%20target%3D%5C%22_blank%5C%22%20class%3D%5C%22btlink%5C%22%3E%u70B9%u51FB%u7ACB%u5373%u67E5%u770B%3E%3E%3C/a%3E%22%5D%2C%22kf_list%22%3A%5B%7B%22qq%22%3A%223007255432%22%2C%22kf%22%3A%22http%3A//q.url.cn/CDfQPS%3F_type%3Dwpa%26qidian%3Dtrue%22%7D%2C%7B%22qq%22%3A%222927440070%22%2C%22kf%22%3A%22http%3A//wpa.qq.com/msgrd%3Fv%3D3%26uin%3D2927440070%26site%3Dqq%26menu%3Dyes%26from%3Dmessage%26isappinstalled%3D0%22%7D%5D%2C%22wx_list%22%3A%5B%7B%22ps%22%3A%22%u5728%u7EBF%u5BA2%u670D%22%2C%22kf%22%3A%22https%3A//www.bt.cn/new/wechat_customer%22%7D%5D%2C%22vips_list%22%3A%7B%22%u591A%u5BF9%u4E00%u6280%u672F%u652F%u6301%22%3A%7B%22pro%22%3A0%2C%22ltd%22%3A0%2C%22vltd%22%3A1%7D%2C%22%u5168%u5E745%u6B21%u5B89%u5168%u6392%u67E5%22%3A%7B%22pro%22%3A0%2C%22ltd%22%3A0%2C%22vltd%22%3A1%7D%2C%225%u5206%u949F%u6025%u901F%u54CD%u5E94%22%3A%7B%22pro%22%3A0%2C%22ltd%22%3A1%2C%22vltd%22%3A1%7D%2C%2230+%u6B3E%u4ED8%u8D39%u63D2%u4EF6%22%3A%7B%22pro%22%3A0%2C%22ltd%22%3A1%2C%22vltd%22%3A1%7D%2C%2220+%u4F01%u4E1A%u7248%u4E13%u4EAB%u529F%u80FD%22%3A%7B%22pro%22%3A0%2C%22ltd%22%3A1%2C%22vltd%22%3A1%7D%2C%221000%u6761%u514D%u8D39%u77ED%u4FE1%28%u5E74%u4ED8%29%22%3A%7B%22pro%22%3A0%2C%22ltd%22%3A1%2C%22vltd%22%3A1%7D%2C%222%u5F20SSL%u5546%u7528%u8BC1%u4E66%28%u5E74%u4ED8%29%22%3A%7B%22pro%22%3A0%2C%22ltd%22%3A1%2C%22vltd%22%3A1%7D%2C%22%u4E13%u4EAB%u4F01%u4E1A%u670D%u52A1%u7FA4%28%u5E74%u4ED8%29%22%3A%7B%22pro%22%3A0%2C%22ltd%22%3A1%2C%22vltd%22%3A1%7D%2C%22WAF%u9632%u706B%u5899%22%3A%7B%22pro%22%3A1%2C%22ltd%22%3A1%2C%22vltd%22%3A1%7D%2C%22%u66F4%u6362%u6388%u6743IP%22%3A%7B%22pro%22%3A1%2C%22ltd%22%3A1%2C%22vltd%22%3A1%7D%2C%22%u5BA2%u670D%u4F18%u5148%u54CD%u5E94%22%3A%7B%22pro%22%3A1%2C%22ltd%22%3A1%2C%22vltd%22%3A1%7D%2C%2215+%u6B3E%u4ED8%u8D39%u63D2%u4EF6%22%3A%7B%22pro%22%3A1%2C%22ltd%22%3A1%2C%22vltd%22%3A1%7D%2C%2215%u5929%u65E0%u7406%u7531%u9000%u6B3E%22%3A%7B%22pro%22%3A1%2C%22ltd%22%3A1%2C%22vltd%22%3A1%7D%7D%7D; load_search=undefined; softType=5; load_page=1; p5=1; load_type=5; rank=list; file_recycle_status=true; PHPSESSID=l83u94g8mccf5im56u1r9jjhg5; code-server-session=%24argon2id%24v%3D19%24m%3D65536%2Ct%3D3%2Cp%3D4%24X3czMXhMOVmidZWr%2BHm9xA%24kuCKed7MIXQaXkYpHI577HsV0h83FZiCxEvHh2oVooo; site_type=0; record_paste_type=null; db_page_model=mysql; backup_path=/www/backup; Path=/www/wwwroot/code/public/webconsole; 0c2824ca3bf26da7038babc69970a4f2=a394d54c-354c-4974-9de6-2a47c97ee852.ML87GAIRuDX-ChsWTC3PcTFwMAY',
  'accept-language' => 'zh-CN,zh;q=0.9,en;q=0.8,en-GB;q=0.7,en-US;q=0.6',
  'accept-encoding' => 'gzip, deflate',
  'accept' => 'text/html,application/xhtml+xml,application/xml;q=0.9,image/webp,image/apng,*/*;q=0.8,application/signed-exchange;v=b3;q=0.7',
  'user-agent' => 'Mozilla/5.0 (Windows NT 10.0; Win64; x64) AppleWebKit/537.36 (KHTML, like Gecko) Chrome/119.0.0.0 Safari/537.36 Edg/119.0.0.0',
  'upgrade-insecure-requests' => '1',
  'connection' => 'keep-alive',
  'host' => '10.0.0.242',
  'content-length' => '',
  'content-type' => '',
)
[ info ] [ PARAM ] array (
  'ref' => 'addtabs',
)
[ info ] [ LANG ] /www/wwwroot/code/public/../application/admin/lang/zh-cn.php
[ info ] [ BEHAVIOR ] Run app\common\behavior\Common @module_init [ RunTime:0.007384s ]
[ info ] [ RUN ] app\admin\controller\Gethydro->index[ /www/wwwroot/code/application/admin/controller/Gethydro.php ]
[ info ] [ VIEW ] /www/wwwroot/code/public/../application/admin/view/gethydro/index.html [ array (
) ]
[ info ] [ BEHAVIOR ] Run app\admin\behavior\AdminLog @app_end [ RunTime:0.000193s ]
[ info ] [ LOG ] INIT File
---------------------------------------------------------------
[ 2024-01-22T17:24:20+08:00 ] 10.0.0.19 GET 10.0.0.242/favicon.ico
[运行时间：0.092596s] [吞吐率：10.80req/s] [内存消耗：1,862.95kb] [文件加载：53]
[ info ] [ BEHAVIOR ] Run Closure @app_init [ RunTime:0.000504s ]
[ info ] [ CACHE ] INIT File
[ info ] [ BEHAVIOR ] Run Closure @app_init [ RunTime:0.003825s ]
[ info ] [ BEHAVIOR ] Run app\common\behavior\Common @app_init [ RunTime:0.002434s ]
[ info ] [ LANG ] /www/wwwroot/code/thinkphp/lang/zh-cn.php
[ info ] [ BEHAVIOR ] Run app\common\behavior\Common @app_dispatch [ RunTime:0.000144s ]
[ info ] [ ROUTE ] array (
  'type' => 'module',
  'module' => 
  array (
    0 => 'favicon.ico',
    1 => NULL,
    2 => NULL,
  ),
)
[ info ] [ HEADER ] array (
  'cookie' => 'order=id%20desc; serverType=nginx; pro_end=-1; ltd_end=-1; sites_path=/www/wwwroot; site_model=php; 260dbf7a6caeff16476fb3a2d9629ef2=3ad869ab-3a3f-4752-9891-77735c883abd.KOP-p-wwe083NNrwk0Xwf1oBw1o; memSize=5928; bt_user_info=%7B%22status%22%3Atrue%2C%22msg%22%3A%22%u83B7%u53D6%u6210%u529F%21%22%2C%22data%22%3A%7B%22username%22%3A%22178****4785%22%7D%7D; distribution=ubuntu; force=0; soft_remarks=%7B%22list%22%3A%5B%22%u66F4%u6362%u6388%u6743IP%22%2C%225%u5206%u949F%u6781%u901F%u54CD%u5E94%22%2C%2215%u5929%u65E0%u7406%u7531%u9000%u6B3E%22%2C%2230+%u6B3E%u4ED8%u8D39%u63D2%u4EF6%22%2C%2220+%u4F01%u4E1A%u7248%u4E13%u4EAB%u529F%u80FD%22%2C%221000%u6761%u514D%u8D39%u77ED%u4FE1%uFF08%u5E74%u4ED8%uFF09%22%2C%222%u5F20SSL%u5546%u7528%u8BC1%u4E66%uFF08%u5E74%u4ED8%uFF09%22%2C%22%u4E13%u4EAB%u4F01%u4E1A%u670D%u52A1%u7FA4%uFF08%u5E74%u4ED8%uFF09%22%5D%2C%22pro_list%22%3A%5B%22%u66F4%u6362%u6388%u6743IP%22%2C%22%u5BA2%u670D%u4F18%u5148%u54CD%u5E94%22%2C%2215+%u6B3E%u4ED8%u8D39%u63D2%u4EF6%22%2C%2215%u5929%u65E0%u7406%u7531%u9000%u6B3E%22%2C%22%u5546%u7528%u9632%u706B%u5899%u6388%u6743%22%5D%2C%22kfqq%22%3A%223007255432%22%2C%22kf%22%3A%22http%3A//q.url.cn/CDfQPS%3F_type%3Dwpa%26qidian%3Dtrue%22%2C%22qun%22%3A%22%22%2C%22activity_list%22%3A%5B%22%3Cspan%20style%3D%5C%22color%3A%23D98704%3Bpadding-right%3A10px%5C%22%3E618%u7279%u60E0%u6D3B%u52A8%uFF0C6%u67089%u65E5-%206%u670818%u65E5%uFF0C%u6700%u9AD8%u51CF15000%u5143%3C/span%3E%3Ca%20style%3D%5C%22text-decoration%3Anone%3B%5C%22%20href%3D%5C%22https%3A//www.bt.cn/618%5C%22%20rel%3D%5C%22noreferrer%5C%22%20%20target%3D%5C%22_blank%5C%22%20class%3D%5C%22btlink%5C%22%3E%u70B9%u51FB%u7ACB%u5373%u67E5%u770B%3E%3E%3C/a%3E%22%5D%2C%22kf_list%22%3A%5B%7B%22qq%22%3A%223007255432%22%2C%22kf%22%3A%22http%3A//q.url.cn/CDfQPS%3F_type%3Dwpa%26qidian%3Dtrue%22%7D%2C%7B%22qq%22%3A%222927440070%22%2C%22kf%22%3A%22http%3A//wpa.qq.com/msgrd%3Fv%3D3%26uin%3D2927440070%26site%3Dqq%26menu%3Dyes%26from%3Dmessage%26isappinstalled%3D0%22%7D%5D%2C%22wx_list%22%3A%5B%7B%22ps%22%3A%22%u5728%u7EBF%u5BA2%u670D%22%2C%22kf%22%3A%22https%3A//www.bt.cn/new/wechat_customer%22%7D%5D%2C%22vips_list%22%3A%7B%22%u591A%u5BF9%u4E00%u6280%u672F%u652F%u6301%22%3A%7B%22pro%22%3A0%2C%22ltd%22%3A0%2C%22vltd%22%3A1%7D%2C%22%u5168%u5E745%u6B21%u5B89%u5168%u6392%u67E5%22%3A%7B%22pro%22%3A0%2C%22ltd%22%3A0%2C%22vltd%22%3A1%7D%2C%225%u5206%u949F%u6025%u901F%u54CD%u5E94%22%3A%7B%22pro%22%3A0%2C%22ltd%22%3A1%2C%22vltd%22%3A1%7D%2C%2230+%u6B3E%u4ED8%u8D39%u63D2%u4EF6%22%3A%7B%22pro%22%3A0%2C%22ltd%22%3A1%2C%22vltd%22%3A1%7D%2C%2220+%u4F01%u4E1A%u7248%u4E13%u4EAB%u529F%u80FD%22%3A%7B%22pro%22%3A0%2C%22ltd%22%3A1%2C%22vltd%22%3A1%7D%2C%221000%u6761%u514D%u8D39%u77ED%u4FE1%28%u5E74%u4ED8%29%22%3A%7B%22pro%22%3A0%2C%22ltd%22%3A1%2C%22vltd%22%3A1%7D%2C%222%u5F20SSL%u5546%u7528%u8BC1%u4E66%28%u5E74%u4ED8%29%22%3A%7B%22pro%22%3A0%2C%22ltd%22%3A1%2C%22vltd%22%3A1%7D%2C%22%u4E13%u4EAB%u4F01%u4E1A%u670D%u52A1%u7FA4%28%u5E74%u4ED8%29%22%3A%7B%22pro%22%3A0%2C%22ltd%22%3A1%2C%22vltd%22%3A1%7D%2C%22WAF%u9632%u706B%u5899%22%3A%7B%22pro%22%3A1%2C%22ltd%22%3A1%2C%22vltd%22%3A1%7D%2C%22%u66F4%u6362%u6388%u6743IP%22%3A%7B%22pro%22%3A1%2C%22ltd%22%3A1%2C%22vltd%22%3A1%7D%2C%22%u5BA2%u670D%u4F18%u5148%u54CD%u5E94%22%3A%7B%22pro%22%3A1%2C%22ltd%22%3A1%2C%22vltd%22%3A1%7D%2C%2215+%u6B3E%u4ED8%u8D39%u63D2%u4EF6%22%3A%7B%22pro%22%3A1%2C%22ltd%22%3A1%2C%22vltd%22%3A1%7D%2C%2215%u5929%u65E0%u7406%u7531%u9000%u6B3E%22%3A%7B%22pro%22%3A1%2C%22ltd%22%3A1%2C%22vltd%22%3A1%7D%7D%7D; load_search=undefined; softType=5; load_page=1; p5=1; load_type=5; rank=list; file_recycle_status=true; PHPSESSID=l83u94g8mccf5im56u1r9jjhg5; code-server-session=%24argon2id%24v%3D19%24m%3D65536%2Ct%3D3%2Cp%3D4%24X3czMXhMOVmidZWr%2BHm9xA%24kuCKed7MIXQaXkYpHI577HsV0h83FZiCxEvHh2oVooo; site_type=0; record_paste_type=null; db_page_model=mysql; backup_path=/www/backup; Path=/www/wwwroot/code/public/webconsole; 0c2824ca3bf26da7038babc69970a4f2=a394d54c-354c-4974-9de6-2a47c97ee852.ML87GAIRuDX-ChsWTC3PcTFwMAY',
  'accept-language' => 'zh-CN,zh;q=0.9,en;q=0.8,en-GB;q=0.7,en-US;q=0.6',
  'accept-encoding' => 'gzip, deflate',
  'referer' => 'http://10.0.0.242/BzZjqEwfvh.php/gethydro?ref=addtabs',
  'accept' => 'image/webp,image/apng,image/svg+xml,image/*,*/*;q=0.8',
  'user-agent' => 'Mozilla/5.0 (Windows NT 10.0; Win64; x64) AppleWebKit/537.36 (KHTML, like Gecko) Chrome/119.0.0.0 Safari/537.36 Edg/119.0.0.0',
  'connection' => 'keep-alive',
  'host' => '10.0.0.242',
  'content-length' => '',
  'content-type' => '',
)
[ info ] [ PARAM ] array (
)
[ info ] [ LOG ] INIT File
---------------------------------------------------------------
[ 2024-01-22T17:24:25+08:00 ] 10.0.0.19 GET 10.0.0.242/BzZjqEwfvh.php/gethydro/inhydro
[运行时间：0.092791s] [吞吐率：10.78req/s] [内存消耗：2,398.80kb] [文件加载：63]
[ info ] [ BEHAVIOR ] Run Closure @app_init [ RunTime:0.000377s ]
[ info ] [ CACHE ] INIT File
[ info ] [ BEHAVIOR ] Run Closure @app_init [ RunTime:0.003152s ]
[ info ] [ BEHAVIOR ] Run app\common\behavior\Common @app_init [ RunTime:0.001756s ]
[ info ] [ LANG ] /www/wwwroot/code/thinkphp/lang/zh-cn.php
[ info ] [ BEHAVIOR ] Run app\common\behavior\Common @app_dispatch [ RunTime:0.000087s ]
[ info ] [ ROUTE ] array (
  'type' => 'module',
  'module' => 
  array (
    0 => 'admin',
    1 => 'gethydro',
    2 => 'inhydro',
  ),
)
[ info ] [ HEADER ] array (
  'cookie' => 'order=id%20desc; serverType=nginx; pro_end=-1; ltd_end=-1; sites_path=/www/wwwroot; site_model=php; 260dbf7a6caeff16476fb3a2d9629ef2=3ad869ab-3a3f-4752-9891-77735c883abd.KOP-p-wwe083NNrwk0Xwf1oBw1o; memSize=5928; bt_user_info=%7B%22status%22%3Atrue%2C%22msg%22%3A%22%u83B7%u53D6%u6210%u529F%21%22%2C%22data%22%3A%7B%22username%22%3A%22178****4785%22%7D%7D; distribution=ubuntu; force=0; soft_remarks=%7B%22list%22%3A%5B%22%u66F4%u6362%u6388%u6743IP%22%2C%225%u5206%u949F%u6781%u901F%u54CD%u5E94%22%2C%2215%u5929%u65E0%u7406%u7531%u9000%u6B3E%22%2C%2230+%u6B3E%u4ED8%u8D39%u63D2%u4EF6%22%2C%2220+%u4F01%u4E1A%u7248%u4E13%u4EAB%u529F%u80FD%22%2C%221000%u6761%u514D%u8D39%u77ED%u4FE1%uFF08%u5E74%u4ED8%uFF09%22%2C%222%u5F20SSL%u5546%u7528%u8BC1%u4E66%uFF08%u5E74%u4ED8%uFF09%22%2C%22%u4E13%u4EAB%u4F01%u4E1A%u670D%u52A1%u7FA4%uFF08%u5E74%u4ED8%uFF09%22%5D%2C%22pro_list%22%3A%5B%22%u66F4%u6362%u6388%u6743IP%22%2C%22%u5BA2%u670D%u4F18%u5148%u54CD%u5E94%22%2C%2215+%u6B3E%u4ED8%u8D39%u63D2%u4EF6%22%2C%2215%u5929%u65E0%u7406%u7531%u9000%u6B3E%22%2C%22%u5546%u7528%u9632%u706B%u5899%u6388%u6743%22%5D%2C%22kfqq%22%3A%223007255432%22%2C%22kf%22%3A%22http%3A//q.url.cn/CDfQPS%3F_type%3Dwpa%26qidian%3Dtrue%22%2C%22qun%22%3A%22%22%2C%22activity_list%22%3A%5B%22%3Cspan%20style%3D%5C%22color%3A%23D98704%3Bpadding-right%3A10px%5C%22%3E618%u7279%u60E0%u6D3B%u52A8%uFF0C6%u67089%u65E5-%206%u670818%u65E5%uFF0C%u6700%u9AD8%u51CF15000%u5143%3C/span%3E%3Ca%20style%3D%5C%22text-decoration%3Anone%3B%5C%22%20href%3D%5C%22https%3A//www.bt.cn/618%5C%22%20rel%3D%5C%22noreferrer%5C%22%20%20target%3D%5C%22_blank%5C%22%20class%3D%5C%22btlink%5C%22%3E%u70B9%u51FB%u7ACB%u5373%u67E5%u770B%3E%3E%3C/a%3E%22%5D%2C%22kf_list%22%3A%5B%7B%22qq%22%3A%223007255432%22%2C%22kf%22%3A%22http%3A//q.url.cn/CDfQPS%3F_type%3Dwpa%26qidian%3Dtrue%22%7D%2C%7B%22qq%22%3A%222927440070%22%2C%22kf%22%3A%22http%3A//wpa.qq.com/msgrd%3Fv%3D3%26uin%3D2927440070%26site%3Dqq%26menu%3Dyes%26from%3Dmessage%26isappinstalled%3D0%22%7D%5D%2C%22wx_list%22%3A%5B%7B%22ps%22%3A%22%u5728%u7EBF%u5BA2%u670D%22%2C%22kf%22%3A%22https%3A//www.bt.cn/new/wechat_customer%22%7D%5D%2C%22vips_list%22%3A%7B%22%u591A%u5BF9%u4E00%u6280%u672F%u652F%u6301%22%3A%7B%22pro%22%3A0%2C%22ltd%22%3A0%2C%22vltd%22%3A1%7D%2C%22%u5168%u5E745%u6B21%u5B89%u5168%u6392%u67E5%22%3A%7B%22pro%22%3A0%2C%22ltd%22%3A0%2C%22vltd%22%3A1%7D%2C%225%u5206%u949F%u6025%u901F%u54CD%u5E94%22%3A%7B%22pro%22%3A0%2C%22ltd%22%3A1%2C%22vltd%22%3A1%7D%2C%2230+%u6B3E%u4ED8%u8D39%u63D2%u4EF6%22%3A%7B%22pro%22%3A0%2C%22ltd%22%3A1%2C%22vltd%22%3A1%7D%2C%2220+%u4F01%u4E1A%u7248%u4E13%u4EAB%u529F%u80FD%22%3A%7B%22pro%22%3A0%2C%22ltd%22%3A1%2C%22vltd%22%3A1%7D%2C%221000%u6761%u514D%u8D39%u77ED%u4FE1%28%u5E74%u4ED8%29%22%3A%7B%22pro%22%3A0%2C%22ltd%22%3A1%2C%22vltd%22%3A1%7D%2C%222%u5F20SSL%u5546%u7528%u8BC1%u4E66%28%u5E74%u4ED8%29%22%3A%7B%22pro%22%3A0%2C%22ltd%22%3A1%2C%22vltd%22%3A1%7D%2C%22%u4E13%u4EAB%u4F01%u4E1A%u670D%u52A1%u7FA4%28%u5E74%u4ED8%29%22%3A%7B%22pro%22%3A0%2C%22ltd%22%3A1%2C%22vltd%22%3A1%7D%2C%22WAF%u9632%u706B%u5899%22%3A%7B%22pro%22%3A1%2C%22ltd%22%3A1%2C%22vltd%22%3A1%7D%2C%22%u66F4%u6362%u6388%u6743IP%22%3A%7B%22pro%22%3A1%2C%22ltd%22%3A1%2C%22vltd%22%3A1%7D%2C%22%u5BA2%u670D%u4F18%u5148%u54CD%u5E94%22%3A%7B%22pro%22%3A1%2C%22ltd%22%3A1%2C%22vltd%22%3A1%7D%2C%2215+%u6B3E%u4ED8%u8D39%u63D2%u4EF6%22%3A%7B%22pro%22%3A1%2C%22ltd%22%3A1%2C%22vltd%22%3A1%7D%2C%2215%u5929%u65E0%u7406%u7531%u9000%u6B3E%22%3A%7B%22pro%22%3A1%2C%22ltd%22%3A1%2C%22vltd%22%3A1%7D%7D%7D; load_search=undefined; softType=5; load_page=1; p5=1; load_type=5; rank=list; file_recycle_status=true; PHPSESSID=l83u94g8mccf5im56u1r9jjhg5; code-server-session=%24argon2id%24v%3D19%24m%3D65536%2Ct%3D3%2Cp%3D4%24X3czMXhMOVmidZWr%2BHm9xA%24kuCKed7MIXQaXkYpHI577HsV0h83FZiCxEvHh2oVooo; site_type=0; record_paste_type=null; db_page_model=mysql; backup_path=/www/backup; Path=/www/wwwroot/code/public/webconsole; 0c2824ca3bf26da7038babc69970a4f2=a394d54c-354c-4974-9de6-2a47c97ee852.ML87GAIRuDX-ChsWTC3PcTFwMAY',
  'accept-language' => 'zh-CN,zh;q=0.9,en;q=0.8,en-GB;q=0.7,en-US;q=0.6',
  'accept-encoding' => 'gzip, deflate',
  'referer' => 'http://10.0.0.242/BzZjqEwfvh.php/gethydro?ref=addtabs',
  'accept' => 'text/html,application/xhtml+xml,application/xml;q=0.9,image/webp,image/apng,*/*;q=0.8,application/signed-exchange;v=b3;q=0.7',
  'user-agent' => 'Mozilla/5.0 (Windows NT 10.0; Win64; x64) AppleWebKit/537.36 (KHTML, like Gecko) Chrome/119.0.0.0 Safari/537.36 Edg/119.0.0.0',
  'upgrade-insecure-requests' => '1',
  'connection' => 'keep-alive',
  'host' => '10.0.0.242',
  'content-length' => '',
  'content-type' => '',
)
[ info ] [ PARAM ] array (
)
[ info ] [ LANG ] /www/wwwroot/code/public/../application/admin/lang/zh-cn.php
[ info ] [ BEHAVIOR ] Run app\common\behavior\Common @module_init [ RunTime:0.007643s ]
[ info ] [ RUN ] app\admin\controller\Gethydro->inhydro[ /www/wwwroot/code/application/admin/controller/Gethydro.php ]
[ info ] [ VIEW ] /www/wwwroot/code/public/../application/admin/view/gethydro/inhydro.html [ array (
) ]
[ info ] [ BEHAVIOR ] Run app\admin\behavior\AdminLog @app_end [ RunTime:0.000272s ]
[ info ] [ LOG ] INIT File
---------------------------------------------------------------
[ 2024-01-22T17:24:28+08:00 ] 10.0.0.19 GET 10.0.0.242/BzZjqEwfvh.php/dashboard?ref=addtabs
[运行时间：0.358929s] [吞吐率：2.79req/s] [内存消耗：19,478.99kb] [文件加载：77]
[ info ] [ BEHAVIOR ] Run Closure @app_init [ RunTime:0.000575s ]
[ info ] [ CACHE ] INIT File
[ info ] [ BEHAVIOR ] Run Closure @app_init [ RunTime:0.003691s ]
[ info ] [ BEHAVIOR ] Run app\common\behavior\Common @app_init [ RunTime:0.002976s ]
[ info ] [ LANG ] /www/wwwroot/code/thinkphp/lang/zh-cn.php
[ info ] [ BEHAVIOR ] Run app\common\behavior\Common @app_dispatch [ RunTime:0.000119s ]
[ info ] [ ROUTE ] array (
  'type' => 'module',
  'module' => 
  array (
    0 => 'admin',
    1 => 'dashboard',
    2 => NULL,
  ),
)
[ info ] [ HEADER ] array (
  'cookie' => 'order=id%20desc; serverType=nginx; pro_end=-1; ltd_end=-1; sites_path=/www/wwwroot; site_model=php; 260dbf7a6caeff16476fb3a2d9629ef2=3ad869ab-3a3f-4752-9891-77735c883abd.KOP-p-wwe083NNrwk0Xwf1oBw1o; memSize=5928; bt_user_info=%7B%22status%22%3Atrue%2C%22msg%22%3A%22%u83B7%u53D6%u6210%u529F%21%22%2C%22data%22%3A%7B%22username%22%3A%22178****4785%22%7D%7D; distribution=ubuntu; force=0; soft_remarks=%7B%22list%22%3A%5B%22%u66F4%u6362%u6388%u6743IP%22%2C%225%u5206%u949F%u6781%u901F%u54CD%u5E94%22%2C%2215%u5929%u65E0%u7406%u7531%u9000%u6B3E%22%2C%2230+%u6B3E%u4ED8%u8D39%u63D2%u4EF6%22%2C%2220+%u4F01%u4E1A%u7248%u4E13%u4EAB%u529F%u80FD%22%2C%221000%u6761%u514D%u8D39%u77ED%u4FE1%uFF08%u5E74%u4ED8%uFF09%22%2C%222%u5F20SSL%u5546%u7528%u8BC1%u4E66%uFF08%u5E74%u4ED8%uFF09%22%2C%22%u4E13%u4EAB%u4F01%u4E1A%u670D%u52A1%u7FA4%uFF08%u5E74%u4ED8%uFF09%22%5D%2C%22pro_list%22%3A%5B%22%u66F4%u6362%u6388%u6743IP%22%2C%22%u5BA2%u670D%u4F18%u5148%u54CD%u5E94%22%2C%2215+%u6B3E%u4ED8%u8D39%u63D2%u4EF6%22%2C%2215%u5929%u65E0%u7406%u7531%u9000%u6B3E%22%2C%22%u5546%u7528%u9632%u706B%u5899%u6388%u6743%22%5D%2C%22kfqq%22%3A%223007255432%22%2C%22kf%22%3A%22http%3A//q.url.cn/CDfQPS%3F_type%3Dwpa%26qidian%3Dtrue%22%2C%22qun%22%3A%22%22%2C%22activity_list%22%3A%5B%22%3Cspan%20style%3D%5C%22color%3A%23D98704%3Bpadding-right%3A10px%5C%22%3E618%u7279%u60E0%u6D3B%u52A8%uFF0C6%u67089%u65E5-%206%u670818%u65E5%uFF0C%u6700%u9AD8%u51CF15000%u5143%3C/span%3E%3Ca%20style%3D%5C%22text-decoration%3Anone%3B%5C%22%20href%3D%5C%22https%3A//www.bt.cn/618%5C%22%20rel%3D%5C%22noreferrer%5C%22%20%20target%3D%5C%22_blank%5C%22%20class%3D%5C%22btlink%5C%22%3E%u70B9%u51FB%u7ACB%u5373%u67E5%u770B%3E%3E%3C/a%3E%22%5D%2C%22kf_list%22%3A%5B%7B%22qq%22%3A%223007255432%22%2C%22kf%22%3A%22http%3A//q.url.cn/CDfQPS%3F_type%3Dwpa%26qidian%3Dtrue%22%7D%2C%7B%22qq%22%3A%222927440070%22%2C%22kf%22%3A%22http%3A//wpa.qq.com/msgrd%3Fv%3D3%26uin%3D2927440070%26site%3Dqq%26menu%3Dyes%26from%3Dmessage%26isappinstalled%3D0%22%7D%5D%2C%22wx_list%22%3A%5B%7B%22ps%22%3A%22%u5728%u7EBF%u5BA2%u670D%22%2C%22kf%22%3A%22https%3A//www.bt.cn/new/wechat_customer%22%7D%5D%2C%22vips_list%22%3A%7B%22%u591A%u5BF9%u4E00%u6280%u672F%u652F%u6301%22%3A%7B%22pro%22%3A0%2C%22ltd%22%3A0%2C%22vltd%22%3A1%7D%2C%22%u5168%u5E745%u6B21%u5B89%u5168%u6392%u67E5%22%3A%7B%22pro%22%3A0%2C%22ltd%22%3A0%2C%22vltd%22%3A1%7D%2C%225%u5206%u949F%u6025%u901F%u54CD%u5E94%22%3A%7B%22pro%22%3A0%2C%22ltd%22%3A1%2C%22vltd%22%3A1%7D%2C%2230+%u6B3E%u4ED8%u8D39%u63D2%u4EF6%22%3A%7B%22pro%22%3A0%2C%22ltd%22%3A1%2C%22vltd%22%3A1%7D%2C%2220+%u4F01%u4E1A%u7248%u4E13%u4EAB%u529F%u80FD%22%3A%7B%22pro%22%3A0%2C%22ltd%22%3A1%2C%22vltd%22%3A1%7D%2C%221000%u6761%u514D%u8D39%u77ED%u4FE1%28%u5E74%u4ED8%29%22%3A%7B%22pro%22%3A0%2C%22ltd%22%3A1%2C%22vltd%22%3A1%7D%2C%222%u5F20SSL%u5546%u7528%u8BC1%u4E66%28%u5E74%u4ED8%29%22%3A%7B%22pro%22%3A0%2C%22ltd%22%3A1%2C%22vltd%22%3A1%7D%2C%22%u4E13%u4EAB%u4F01%u4E1A%u670D%u52A1%u7FA4%28%u5E74%u4ED8%29%22%3A%7B%22pro%22%3A0%2C%22ltd%22%3A1%2C%22vltd%22%3A1%7D%2C%22WAF%u9632%u706B%u5899%22%3A%7B%22pro%22%3A1%2C%22ltd%22%3A1%2C%22vltd%22%3A1%7D%2C%22%u66F4%u6362%u6388%u6743IP%22%3A%7B%22pro%22%3A1%2C%22ltd%22%3A1%2C%22vltd%22%3A1%7D%2C%22%u5BA2%u670D%u4F18%u5148%u54CD%u5E94%22%3A%7B%22pro%22%3A1%2C%22ltd%22%3A1%2C%22vltd%22%3A1%7D%2C%2215+%u6B3E%u4ED8%u8D39%u63D2%u4EF6%22%3A%7B%22pro%22%3A1%2C%22ltd%22%3A1%2C%22vltd%22%3A1%7D%2C%2215%u5929%u65E0%u7406%u7531%u9000%u6B3E%22%3A%7B%22pro%22%3A1%2C%22ltd%22%3A1%2C%22vltd%22%3A1%7D%7D%7D; load_search=undefined; softType=5; load_page=1; p5=1; load_type=5; rank=list; file_recycle_status=true; PHPSESSID=l83u94g8mccf5im56u1r9jjhg5; code-server-session=%24argon2id%24v%3D19%24m%3D65536%2Ct%3D3%2Cp%3D4%24X3czMXhMOVmidZWr%2BHm9xA%24kuCKed7MIXQaXkYpHI577HsV0h83FZiCxEvHh2oVooo; site_type=0; record_paste_type=null; db_page_model=mysql; backup_path=/www/backup; Path=/www/wwwroot/code/public/webconsole; 0c2824ca3bf26da7038babc69970a4f2=a394d54c-354c-4974-9de6-2a47c97ee852.ML87GAIRuDX-ChsWTC3PcTFwMAY',
  'accept-language' => 'zh-CN,zh;q=0.9,en;q=0.8,en-GB;q=0.7,en-US;q=0.6',
  'accept-encoding' => 'gzip, deflate',
  'accept' => 'text/html,application/xhtml+xml,application/xml;q=0.9,image/webp,image/apng,*/*;q=0.8,application/signed-exchange;v=b3;q=0.7',
  'user-agent' => 'Mozilla/5.0 (Windows NT 10.0; Win64; x64) AppleWebKit/537.36 (KHTML, like Gecko) Chrome/119.0.0.0 Safari/537.36 Edg/119.0.0.0',
  'upgrade-insecure-requests' => '1',
  'connection' => 'keep-alive',
  'host' => '10.0.0.242',
  'content-length' => '',
  'content-type' => '',
)
[ info ] [ PARAM ] array (
  'ref' => 'addtabs',
)
[ info ] [ LANG ] /www/wwwroot/code/public/../application/admin/lang/zh-cn.php
[ info ] [ BEHAVIOR ] Run app\common\behavior\Common @module_init [ RunTime:0.009154s ]
[ info ] [ SESSION ] INIT array (
  'id' => '',
  'var_session_id' => '',
  'prefix' => 'think',
  'type' => '',
  'auto_start' => true,
)
[ info ] [ DB ] INIT mysql
[ info ] [ BEHAVIOR ] Run app\admin\behavior\AdminLog @app_end [ RunTime:0.000303s ]
[ info ] [ LOG ] INIT File
---------------------------------------------------------------
[ 2024-01-22T17:24:29+08:00 ] 10.0.0.19 GET 10.0.0.242/BzZjqEwfvh.php/index/index
[运行时间：0.234082s] [吞吐率：4.27req/s] [内存消耗：19,790.09kb] [文件加载：84]
[ info ] [ BEHAVIOR ] Run Closure @app_init [ RunTime:0.000478s ]
[ info ] [ CACHE ] INIT File
[ info ] [ BEHAVIOR ] Run Closure @app_init [ RunTime:0.003493s ]
[ info ] [ BEHAVIOR ] Run app\common\behavior\Common @app_init [ RunTime:0.001958s ]
[ info ] [ LANG ] /www/wwwroot/code/thinkphp/lang/zh-cn.php
[ info ] [ BEHAVIOR ] Run app\common\behavior\Common @app_dispatch [ RunTime:0.000084s ]
[ info ] [ ROUTE ] array (
  'type' => 'module',
  'module' => 
  array (
    0 => 'admin',
    1 => 'index',
    2 => 'index',
  ),
)
[ info ] [ HEADER ] array (
  'cookie' => 'order=id%20desc; serverType=nginx; pro_end=-1; ltd_end=-1; sites_path=/www/wwwroot; site_model=php; 260dbf7a6caeff16476fb3a2d9629ef2=3ad869ab-3a3f-4752-9891-77735c883abd.KOP-p-wwe083NNrwk0Xwf1oBw1o; memSize=5928; bt_user_info=%7B%22status%22%3Atrue%2C%22msg%22%3A%22%u83B7%u53D6%u6210%u529F%21%22%2C%22data%22%3A%7B%22username%22%3A%22178****4785%22%7D%7D; distribution=ubuntu; force=0; soft_remarks=%7B%22list%22%3A%5B%22%u66F4%u6362%u6388%u6743IP%22%2C%225%u5206%u949F%u6781%u901F%u54CD%u5E94%22%2C%2215%u5929%u65E0%u7406%u7531%u9000%u6B3E%22%2C%2230+%u6B3E%u4ED8%u8D39%u63D2%u4EF6%22%2C%2220+%u4F01%u4E1A%u7248%u4E13%u4EAB%u529F%u80FD%22%2C%221000%u6761%u514D%u8D39%u77ED%u4FE1%uFF08%u5E74%u4ED8%uFF09%22%2C%222%u5F20SSL%u5546%u7528%u8BC1%u4E66%uFF08%u5E74%u4ED8%uFF09%22%2C%22%u4E13%u4EAB%u4F01%u4E1A%u670D%u52A1%u7FA4%uFF08%u5E74%u4ED8%uFF09%22%5D%2C%22pro_list%22%3A%5B%22%u66F4%u6362%u6388%u6743IP%22%2C%22%u5BA2%u670D%u4F18%u5148%u54CD%u5E94%22%2C%2215+%u6B3E%u4ED8%u8D39%u63D2%u4EF6%22%2C%2215%u5929%u65E0%u7406%u7531%u9000%u6B3E%22%2C%22%u5546%u7528%u9632%u706B%u5899%u6388%u6743%22%5D%2C%22kfqq%22%3A%223007255432%22%2C%22kf%22%3A%22http%3A//q.url.cn/CDfQPS%3F_type%3Dwpa%26qidian%3Dtrue%22%2C%22qun%22%3A%22%22%2C%22activity_list%22%3A%5B%22%3Cspan%20style%3D%5C%22color%3A%23D98704%3Bpadding-right%3A10px%5C%22%3E618%u7279%u60E0%u6D3B%u52A8%uFF0C6%u67089%u65E5-%206%u670818%u65E5%uFF0C%u6700%u9AD8%u51CF15000%u5143%3C/span%3E%3Ca%20style%3D%5C%22text-decoration%3Anone%3B%5C%22%20href%3D%5C%22https%3A//www.bt.cn/618%5C%22%20rel%3D%5C%22noreferrer%5C%22%20%20target%3D%5C%22_blank%5C%22%20class%3D%5C%22btlink%5C%22%3E%u70B9%u51FB%u7ACB%u5373%u67E5%u770B%3E%3E%3C/a%3E%22%5D%2C%22kf_list%22%3A%5B%7B%22qq%22%3A%223007255432%22%2C%22kf%22%3A%22http%3A//q.url.cn/CDfQPS%3F_type%3Dwpa%26qidian%3Dtrue%22%7D%2C%7B%22qq%22%3A%222927440070%22%2C%22kf%22%3A%22http%3A//wpa.qq.com/msgrd%3Fv%3D3%26uin%3D2927440070%26site%3Dqq%26menu%3Dyes%26from%3Dmessage%26isappinstalled%3D0%22%7D%5D%2C%22wx_list%22%3A%5B%7B%22ps%22%3A%22%u5728%u7EBF%u5BA2%u670D%22%2C%22kf%22%3A%22https%3A//www.bt.cn/new/wechat_customer%22%7D%5D%2C%22vips_list%22%3A%7B%22%u591A%u5BF9%u4E00%u6280%u672F%u652F%u6301%22%3A%7B%22pro%22%3A0%2C%22ltd%22%3A0%2C%22vltd%22%3A1%7D%2C%22%u5168%u5E745%u6B21%u5B89%u5168%u6392%u67E5%22%3A%7B%22pro%22%3A0%2C%22ltd%22%3A0%2C%22vltd%22%3A1%7D%2C%225%u5206%u949F%u6025%u901F%u54CD%u5E94%22%3A%7B%22pro%22%3A0%2C%22ltd%22%3A1%2C%22vltd%22%3A1%7D%2C%2230+%u6B3E%u4ED8%u8D39%u63D2%u4EF6%22%3A%7B%22pro%22%3A0%2C%22ltd%22%3A1%2C%22vltd%22%3A1%7D%2C%2220+%u4F01%u4E1A%u7248%u4E13%u4EAB%u529F%u80FD%22%3A%7B%22pro%22%3A0%2C%22ltd%22%3A1%2C%22vltd%22%3A1%7D%2C%221000%u6761%u514D%u8D39%u77ED%u4FE1%28%u5E74%u4ED8%29%22%3A%7B%22pro%22%3A0%2C%22ltd%22%3A1%2C%22vltd%22%3A1%7D%2C%222%u5F20SSL%u5546%u7528%u8BC1%u4E66%28%u5E74%u4ED8%29%22%3A%7B%22pro%22%3A0%2C%22ltd%22%3A1%2C%22vltd%22%3A1%7D%2C%22%u4E13%u4EAB%u4F01%u4E1A%u670D%u52A1%u7FA4%28%u5E74%u4ED8%29%22%3A%7B%22pro%22%3A0%2C%22ltd%22%3A1%2C%22vltd%22%3A1%7D%2C%22WAF%u9632%u706B%u5899%22%3A%7B%22pro%22%3A1%2C%22ltd%22%3A1%2C%22vltd%22%3A1%7D%2C%22%u66F4%u6362%u6388%u6743IP%22%3A%7B%22pro%22%3A1%2C%22ltd%22%3A1%2C%22vltd%22%3A1%7D%2C%22%u5BA2%u670D%u4F18%u5148%u54CD%u5E94%22%3A%7B%22pro%22%3A1%2C%22ltd%22%3A1%2C%22vltd%22%3A1%7D%2C%2215+%u6B3E%u4ED8%u8D39%u63D2%u4EF6%22%3A%7B%22pro%22%3A1%2C%22ltd%22%3A1%2C%22vltd%22%3A1%7D%2C%2215%u5929%u65E0%u7406%u7531%u9000%u6B3E%22%3A%7B%22pro%22%3A1%2C%22ltd%22%3A1%2C%22vltd%22%3A1%7D%7D%7D; load_search=undefined; softType=5; load_page=1; p5=1; load_type=5; rank=list; file_recycle_status=true; PHPSESSID=l83u94g8mccf5im56u1r9jjhg5; code-server-session=%24argon2id%24v%3D19%24m%3D65536%2Ct%3D3%2Cp%3D4%24X3czMXhMOVmidZWr%2BHm9xA%24kuCKed7MIXQaXkYpHI577HsV0h83FZiCxEvHh2oVooo; site_type=0; record_paste_type=null; db_page_model=mysql; backup_path=/www/backup; Path=/www/wwwroot/code/public/webconsole; 0c2824ca3bf26da7038babc69970a4f2=a394d54c-354c-4974-9de6-2a47c97ee852.ML87GAIRuDX-ChsWTC3PcTFwMAY',
  'accept-language' => 'zh-CN,zh;q=0.9,en;q=0.8,en-GB;q=0.7,en-US;q=0.6',
  'accept-encoding' => 'gzip, deflate',
  'accept' => 'text/html,application/xhtml+xml,application/xml;q=0.9,image/webp,image/apng,*/*;q=0.8,application/signed-exchange;v=b3;q=0.7',
  'user-agent' => 'Mozilla/5.0 (Windows NT 10.0; Win64; x64) AppleWebKit/537.36 (KHTML, like Gecko) Chrome/119.0.0.0 Safari/537.36 Edg/119.0.0.0',
  'upgrade-insecure-requests' => '1',
  'connection' => 'keep-alive',
  'host' => '10.0.0.242',
  'content-length' => '',
  'content-type' => '',
)
[ info ] [ PARAM ] array (
)
[ info ] [ LANG ] /www/wwwroot/code/public/../application/admin/lang/zh-cn.php
[ info ] [ BEHAVIOR ] Run app\common\behavior\Common @module_init [ RunTime:0.006031s ]
[ info ] [ SESSION ] INIT array (
  'id' => '',
  'var_session_id' => '',
  'prefix' => 'think',
  'type' => '',
  'auto_start' => true,
)
[ info ] [ DB ] INIT mysql
[ info ] [ LANG ] /www/wwwroot/code/public/../application/admin/lang/zh-cn/index.php
[ info ] [ RUN ] app\admin\controller\Index->index[ /www/wwwroot/code/application/admin/controller/Index.php ]
[ info ] [ VIEW ] /www/wwwroot/code/public/../application/admin/view/index/index.html [ array (
  0 => 'breadcrumb',
  1 => 'site',
  2 => 'config',
  3 => 'auth',
  4 => 'admin',
  5 => 'menulist',
  6 => 'navlist',
  7 => 'fixedmenu',
  8 => 'referermenu',
  9 => 'title',
) ]
[ info ] [ BEHAVIOR ] Run app\admin\behavior\AdminLog @app_end [ RunTime:0.000388s ]
[ info ] [ LOG ] INIT File
---------------------------------------------------------------
[ 2024-01-22T17:24:29+08:00 ] 10.0.0.19 GET 10.0.0.242/BzZjqEwfvh.php/dashboard?addtabs=1
[运行时间：0.260063s] [吞吐率：3.85req/s] [内存消耗：19,680.05kb] [文件加载：83]
[ info ] [ BEHAVIOR ] Run Closure @app_init [ RunTime:0.000133s ]
[ info ] [ CACHE ] INIT File
[ info ] [ BEHAVIOR ] Run Closure @app_init [ RunTime:0.003138s ]
[ info ] [ BEHAVIOR ] Run app\common\behavior\Common @app_init [ RunTime:0.002024s ]
[ info ] [ LANG ] /www/wwwroot/code/thinkphp/lang/zh-cn.php
[ info ] [ BEHAVIOR ] Run app\common\behavior\Common @app_dispatch [ RunTime:0.000092s ]
[ info ] [ ROUTE ] array (
  'type' => 'module',
  'module' => 
  array (
    0 => 'admin',
    1 => 'dashboard',
    2 => NULL,
  ),
)
[ info ] [ HEADER ] array (
  'cookie' => 'order=id%20desc; serverType=nginx; pro_end=-1; ltd_end=-1; sites_path=/www/wwwroot; site_model=php; 260dbf7a6caeff16476fb3a2d9629ef2=3ad869ab-3a3f-4752-9891-77735c883abd.KOP-p-wwe083NNrwk0Xwf1oBw1o; memSize=5928; bt_user_info=%7B%22status%22%3Atrue%2C%22msg%22%3A%22%u83B7%u53D6%u6210%u529F%21%22%2C%22data%22%3A%7B%22username%22%3A%22178****4785%22%7D%7D; distribution=ubuntu; force=0; soft_remarks=%7B%22list%22%3A%5B%22%u66F4%u6362%u6388%u6743IP%22%2C%225%u5206%u949F%u6781%u901F%u54CD%u5E94%22%2C%2215%u5929%u65E0%u7406%u7531%u9000%u6B3E%22%2C%2230+%u6B3E%u4ED8%u8D39%u63D2%u4EF6%22%2C%2220+%u4F01%u4E1A%u7248%u4E13%u4EAB%u529F%u80FD%22%2C%221000%u6761%u514D%u8D39%u77ED%u4FE1%uFF08%u5E74%u4ED8%uFF09%22%2C%222%u5F20SSL%u5546%u7528%u8BC1%u4E66%uFF08%u5E74%u4ED8%uFF09%22%2C%22%u4E13%u4EAB%u4F01%u4E1A%u670D%u52A1%u7FA4%uFF08%u5E74%u4ED8%uFF09%22%5D%2C%22pro_list%22%3A%5B%22%u66F4%u6362%u6388%u6743IP%22%2C%22%u5BA2%u670D%u4F18%u5148%u54CD%u5E94%22%2C%2215+%u6B3E%u4ED8%u8D39%u63D2%u4EF6%22%2C%2215%u5929%u65E0%u7406%u7531%u9000%u6B3E%22%2C%22%u5546%u7528%u9632%u706B%u5899%u6388%u6743%22%5D%2C%22kfqq%22%3A%223007255432%22%2C%22kf%22%3A%22http%3A//q.url.cn/CDfQPS%3F_type%3Dwpa%26qidian%3Dtrue%22%2C%22qun%22%3A%22%22%2C%22activity_list%22%3A%5B%22%3Cspan%20style%3D%5C%22color%3A%23D98704%3Bpadding-right%3A10px%5C%22%3E618%u7279%u60E0%u6D3B%u52A8%uFF0C6%u67089%u65E5-%206%u670818%u65E5%uFF0C%u6700%u9AD8%u51CF15000%u5143%3C/span%3E%3Ca%20style%3D%5C%22text-decoration%3Anone%3B%5C%22%20href%3D%5C%22https%3A//www.bt.cn/618%5C%22%20rel%3D%5C%22noreferrer%5C%22%20%20target%3D%5C%22_blank%5C%22%20class%3D%5C%22btlink%5C%22%3E%u70B9%u51FB%u7ACB%u5373%u67E5%u770B%3E%3E%3C/a%3E%22%5D%2C%22kf_list%22%3A%5B%7B%22qq%22%3A%223007255432%22%2C%22kf%22%3A%22http%3A//q.url.cn/CDfQPS%3F_type%3Dwpa%26qidian%3Dtrue%22%7D%2C%7B%22qq%22%3A%222927440070%22%2C%22kf%22%3A%22http%3A//wpa.qq.com/msgrd%3Fv%3D3%26uin%3D2927440070%26site%3Dqq%26menu%3Dyes%26from%3Dmessage%26isappinstalled%3D0%22%7D%5D%2C%22wx_list%22%3A%5B%7B%22ps%22%3A%22%u5728%u7EBF%u5BA2%u670D%22%2C%22kf%22%3A%22https%3A//www.bt.cn/new/wechat_customer%22%7D%5D%2C%22vips_list%22%3A%7B%22%u591A%u5BF9%u4E00%u6280%u672F%u652F%u6301%22%3A%7B%22pro%22%3A0%2C%22ltd%22%3A0%2C%22vltd%22%3A1%7D%2C%22%u5168%u5E745%u6B21%u5B89%u5168%u6392%u67E5%22%3A%7B%22pro%22%3A0%2C%22ltd%22%3A0%2C%22vltd%22%3A1%7D%2C%225%u5206%u949F%u6025%u901F%u54CD%u5E94%22%3A%7B%22pro%22%3A0%2C%22ltd%22%3A1%2C%22vltd%22%3A1%7D%2C%2230+%u6B3E%u4ED8%u8D39%u63D2%u4EF6%22%3A%7B%22pro%22%3A0%2C%22ltd%22%3A1%2C%22vltd%22%3A1%7D%2C%2220+%u4F01%u4E1A%u7248%u4E13%u4EAB%u529F%u80FD%22%3A%7B%22pro%22%3A0%2C%22ltd%22%3A1%2C%22vltd%22%3A1%7D%2C%221000%u6761%u514D%u8D39%u77ED%u4FE1%28%u5E74%u4ED8%29%22%3A%7B%22pro%22%3A0%2C%22ltd%22%3A1%2C%22vltd%22%3A1%7D%2C%222%u5F20SSL%u5546%u7528%u8BC1%u4E66%28%u5E74%u4ED8%29%22%3A%7B%22pro%22%3A0%2C%22ltd%22%3A1%2C%22vltd%22%3A1%7D%2C%22%u4E13%u4EAB%u4F01%u4E1A%u670D%u52A1%u7FA4%28%u5E74%u4ED8%29%22%3A%7B%22pro%22%3A0%2C%22ltd%22%3A1%2C%22vltd%22%3A1%7D%2C%22WAF%u9632%u706B%u5899%22%3A%7B%22pro%22%3A1%2C%22ltd%22%3A1%2C%22vltd%22%3A1%7D%2C%22%u66F4%u6362%u6388%u6743IP%22%3A%7B%22pro%22%3A1%2C%22ltd%22%3A1%2C%22vltd%22%3A1%7D%2C%22%u5BA2%u670D%u4F18%u5148%u54CD%u5E94%22%3A%7B%22pro%22%3A1%2C%22ltd%22%3A1%2C%22vltd%22%3A1%7D%2C%2215+%u6B3E%u4ED8%u8D39%u63D2%u4EF6%22%3A%7B%22pro%22%3A1%2C%22ltd%22%3A1%2C%22vltd%22%3A1%7D%2C%2215%u5929%u65E0%u7406%u7531%u9000%u6B3E%22%3A%7B%22pro%22%3A1%2C%22ltd%22%3A1%2C%22vltd%22%3A1%7D%7D%7D; load_search=undefined; softType=5; load_page=1; p5=1; load_type=5; rank=list; file_recycle_status=true; PHPSESSID=l83u94g8mccf5im56u1r9jjhg5; code-server-session=%24argon2id%24v%3D19%24m%3D65536%2Ct%3D3%2Cp%3D4%24X3czMXhMOVmidZWr%2BHm9xA%24kuCKed7MIXQaXkYpHI577HsV0h83FZiCxEvHh2oVooo; site_type=0; record_paste_type=null; db_page_model=mysql; backup_path=/www/backup; Path=/www/wwwroot/code/public/webconsole; 0c2824ca3bf26da7038babc69970a4f2=a394d54c-354c-4974-9de6-2a47c97ee852.ML87GAIRuDX-ChsWTC3PcTFwMAY',
  'accept-language' => 'zh-CN,zh;q=0.9,en;q=0.8,en-GB;q=0.7,en-US;q=0.6',
  'accept-encoding' => 'gzip, deflate',
  'accept' => 'text/html,application/xhtml+xml,application/xml;q=0.9,image/webp,image/apng,*/*;q=0.8,application/signed-exchange;v=b3;q=0.7',
  'user-agent' => 'Mozilla/5.0 (Windows NT 10.0; Win64; x64) AppleWebKit/537.36 (KHTML, like Gecko) Chrome/119.0.0.0 Safari/537.36 Edg/119.0.0.0',
  'upgrade-insecure-requests' => '1',
  'connection' => 'keep-alive',
  'host' => '10.0.0.242',
  'content-length' => '',
  'content-type' => '',
)
[ info ] [ PARAM ] array (
  'addtabs' => '1',
)
[ info ] [ LANG ] /www/wwwroot/code/public/../application/admin/lang/zh-cn.php
[ info ] [ BEHAVIOR ] Run app\common\behavior\Common @module_init [ RunTime:0.006671s ]
[ info ] [ SESSION ] INIT array (
  'id' => '',
  'var_session_id' => '',
  'prefix' => 'think',
  'type' => '',
  'auto_start' => true,
)
[ info ] [ DB ] INIT mysql
[ info ] [ LANG ] /www/wwwroot/code/public/../application/admin/lang/zh-cn/dashboard.php
[ info ] [ RUN ] app\admin\controller\Dashboard->index[ /www/wwwroot/code/application/admin/controller/Dashboard.php ]
[ info ] [ VIEW ] /www/wwwroot/code/public/../application/admin/view/dashboard/index.html [ array (
  0 => 'breadcrumb',
  1 => 'site',
  2 => 'config',
  3 => 'auth',
  4 => 'admin',
  5 => 'totaluser',
  6 => 'totaladdon',
  7 => 'totaladmin',
  8 => 'totalcategory',
  9 => 'todayusersignup',
  10 => 'todayuserlogin',
  11 => 'sevendau',
  12 => 'thirtydau',
  13 => 'threednu',
  14 => 'sevendnu',
  15 => 'dbtablenums',
  16 => 'dbsize',
  17 => 'totalworkingaddon',
  18 => 'attachmentnums',
  19 => 'attachmentsize',
  20 => 'picturenums',
  21 => 'picturesize',
) ]
[ info ] [ BEHAVIOR ] Run app\admin\behavior\AdminLog @app_end [ RunTime:0.000229s ]
[ info ] [ LOG ] INIT File
---------------------------------------------------------------
[ 2024-01-22T17:24:29+08:00 ] 10.0.0.19 GET 10.0.0.242/BzZjqEwfvh.php/ajax/lang?callback=define&controllername=index&lang=zh-cn&v=1705915469&v=1705915469
[运行时间：0.147012s] [吞吐率：6.80req/s] [内存消耗：18,429.47kb] [文件加载：71]
[ info ] [ BEHAVIOR ] Run Closure @app_init [ RunTime:0.000144s ]
[ info ] [ CACHE ] INIT File
[ info ] [ BEHAVIOR ] Run Closure @app_init [ RunTime:0.003939s ]
[ info ] [ BEHAVIOR ] Run app\common\behavior\Common @app_init [ RunTime:0.002062s ]
[ info ] [ LANG ] /www/wwwroot/code/thinkphp/lang/zh-cn.php
[ info ] [ BEHAVIOR ] Run app\common\behavior\Common @app_dispatch [ RunTime:0.000073s ]
[ info ] [ ROUTE ] array (
  'type' => 'module',
  'module' => 
  array (
    0 => 'admin',
    1 => 'ajax',
    2 => 'lang',
  ),
)
[ info ] [ HEADER ] array (
  'cookie' => 'order=id%20desc; serverType=nginx; pro_end=-1; ltd_end=-1; sites_path=/www/wwwroot; site_model=php; 260dbf7a6caeff16476fb3a2d9629ef2=3ad869ab-3a3f-4752-9891-77735c883abd.KOP-p-wwe083NNrwk0Xwf1oBw1o; memSize=5928; bt_user_info=%7B%22status%22%3Atrue%2C%22msg%22%3A%22%u83B7%u53D6%u6210%u529F%21%22%2C%22data%22%3A%7B%22username%22%3A%22178****4785%22%7D%7D; distribution=ubuntu; force=0; soft_remarks=%7B%22list%22%3A%5B%22%u66F4%u6362%u6388%u6743IP%22%2C%225%u5206%u949F%u6781%u901F%u54CD%u5E94%22%2C%2215%u5929%u65E0%u7406%u7531%u9000%u6B3E%22%2C%2230+%u6B3E%u4ED8%u8D39%u63D2%u4EF6%22%2C%2220+%u4F01%u4E1A%u7248%u4E13%u4EAB%u529F%u80FD%22%2C%221000%u6761%u514D%u8D39%u77ED%u4FE1%uFF08%u5E74%u4ED8%uFF09%22%2C%222%u5F20SSL%u5546%u7528%u8BC1%u4E66%uFF08%u5E74%u4ED8%uFF09%22%2C%22%u4E13%u4EAB%u4F01%u4E1A%u670D%u52A1%u7FA4%uFF08%u5E74%u4ED8%uFF09%22%5D%2C%22pro_list%22%3A%5B%22%u66F4%u6362%u6388%u6743IP%22%2C%22%u5BA2%u670D%u4F18%u5148%u54CD%u5E94%22%2C%2215+%u6B3E%u4ED8%u8D39%u63D2%u4EF6%22%2C%2215%u5929%u65E0%u7406%u7531%u9000%u6B3E%22%2C%22%u5546%u7528%u9632%u706B%u5899%u6388%u6743%22%5D%2C%22kfqq%22%3A%223007255432%22%2C%22kf%22%3A%22http%3A//q.url.cn/CDfQPS%3F_type%3Dwpa%26qidian%3Dtrue%22%2C%22qun%22%3A%22%22%2C%22activity_list%22%3A%5B%22%3Cspan%20style%3D%5C%22color%3A%23D98704%3Bpadding-right%3A10px%5C%22%3E618%u7279%u60E0%u6D3B%u52A8%uFF0C6%u67089%u65E5-%206%u670818%u65E5%uFF0C%u6700%u9AD8%u51CF15000%u5143%3C/span%3E%3Ca%20style%3D%5C%22text-decoration%3Anone%3B%5C%22%20href%3D%5C%22https%3A//www.bt.cn/618%5C%22%20rel%3D%5C%22noreferrer%5C%22%20%20target%3D%5C%22_blank%5C%22%20class%3D%5C%22btlink%5C%22%3E%u70B9%u51FB%u7ACB%u5373%u67E5%u770B%3E%3E%3C/a%3E%22%5D%2C%22kf_list%22%3A%5B%7B%22qq%22%3A%223007255432%22%2C%22kf%22%3A%22http%3A//q.url.cn/CDfQPS%3F_type%3Dwpa%26qidian%3Dtrue%22%7D%2C%7B%22qq%22%3A%222927440070%22%2C%22kf%22%3A%22http%3A//wpa.qq.com/msgrd%3Fv%3D3%26uin%3D2927440070%26site%3Dqq%26menu%3Dyes%26from%3Dmessage%26isappinstalled%3D0%22%7D%5D%2C%22wx_list%22%3A%5B%7B%22ps%22%3A%22%u5728%u7EBF%u5BA2%u670D%22%2C%22kf%22%3A%22https%3A//www.bt.cn/new/wechat_customer%22%7D%5D%2C%22vips_list%22%3A%7B%22%u591A%u5BF9%u4E00%u6280%u672F%u652F%u6301%22%3A%7B%22pro%22%3A0%2C%22ltd%22%3A0%2C%22vltd%22%3A1%7D%2C%22%u5168%u5E745%u6B21%u5B89%u5168%u6392%u67E5%22%3A%7B%22pro%22%3A0%2C%22ltd%22%3A0%2C%22vltd%22%3A1%7D%2C%225%u5206%u949F%u6025%u901F%u54CD%u5E94%22%3A%7B%22pro%22%3A0%2C%22ltd%22%3A1%2C%22vltd%22%3A1%7D%2C%2230+%u6B3E%u4ED8%u8D39%u63D2%u4EF6%22%3A%7B%22pro%22%3A0%2C%22ltd%22%3A1%2C%22vltd%22%3A1%7D%2C%2220+%u4F01%u4E1A%u7248%u4E13%u4EAB%u529F%u80FD%22%3A%7B%22pro%22%3A0%2C%22ltd%22%3A1%2C%22vltd%22%3A1%7D%2C%221000%u6761%u514D%u8D39%u77ED%u4FE1%28%u5E74%u4ED8%29%22%3A%7B%22pro%22%3A0%2C%22ltd%22%3A1%2C%22vltd%22%3A1%7D%2C%222%u5F20SSL%u5546%u7528%u8BC1%u4E66%28%u5E74%u4ED8%29%22%3A%7B%22pro%22%3A0%2C%22ltd%22%3A1%2C%22vltd%22%3A1%7D%2C%22%u4E13%u4EAB%u4F01%u4E1A%u670D%u52A1%u7FA4%28%u5E74%u4ED8%29%22%3A%7B%22pro%22%3A0%2C%22ltd%22%3A1%2C%22vltd%22%3A1%7D%2C%22WAF%u9632%u706B%u5899%22%3A%7B%22pro%22%3A1%2C%22ltd%22%3A1%2C%22vltd%22%3A1%7D%2C%22%u66F4%u6362%u6388%u6743IP%22%3A%7B%22pro%22%3A1%2C%22ltd%22%3A1%2C%22vltd%22%3A1%7D%2C%22%u5BA2%u670D%u4F18%u5148%u54CD%u5E94%22%3A%7B%22pro%22%3A1%2C%22ltd%22%3A1%2C%22vltd%22%3A1%7D%2C%2215+%u6B3E%u4ED8%u8D39%u63D2%u4EF6%22%3A%7B%22pro%22%3A1%2C%22ltd%22%3A1%2C%22vltd%22%3A1%7D%2C%2215%u5929%u65E0%u7406%u7531%u9000%u6B3E%22%3A%7B%22pro%22%3A1%2C%22ltd%22%3A1%2C%22vltd%22%3A1%7D%7D%7D; load_search=undefined; softType=5; load_page=1; p5=1; load_type=5; rank=list; file_recycle_status=true; PHPSESSID=l83u94g8mccf5im56u1r9jjhg5; code-server-session=%24argon2id%24v%3D19%24m%3D65536%2Ct%3D3%2Cp%3D4%24X3czMXhMOVmidZWr%2BHm9xA%24kuCKed7MIXQaXkYpHI577HsV0h83FZiCxEvHh2oVooo; site_type=0; record_paste_type=null; db_page_model=mysql; backup_path=/www/backup; Path=/www/wwwroot/code/public/webconsole; 0c2824ca3bf26da7038babc69970a4f2=a394d54c-354c-4974-9de6-2a47c97ee852.ML87GAIRuDX-ChsWTC3PcTFwMAY',
  'accept-language' => 'zh-CN,zh;q=0.9,en;q=0.8,en-GB;q=0.7,en-US;q=0.6',
  'accept-encoding' => 'gzip, deflate',
  'accept' => '*/*',
  'user-agent' => 'Mozilla/5.0 (Windows NT 10.0; Win64; x64) AppleWebKit/537.36 (KHTML, like Gecko) Chrome/119.0.0.0 Safari/537.36 Edg/119.0.0.0',
  'connection' => 'keep-alive',
  'host' => '10.0.0.242',
  'content-length' => '',
  'content-type' => '',
)
[ info ] [ PARAM ] array (
  'callback' => 'define',
  'controllername' => 'index',
  'lang' => 'zh-cn',
  'v' => '1705915469',
)
[ info ] [ LANG ] /www/wwwroot/code/public/../application/admin/lang/zh-cn.php
[ info ] [ BEHAVIOR ] Run app\common\behavior\Common @module_init [ RunTime:0.005148s ]
[ info ] [ SESSION ] INIT array (
  'id' => '',
  'var_session_id' => '',
  'prefix' => 'think',
  'type' => '',
  'auto_start' => true,
)
[ info ] [ LANG ] /www/wwwroot/code/public/../application/admin/lang/zh-cn/ajax.php
[ info ] [ RUN ] app\admin\controller\Ajax->lang[ /www/wwwroot/code/application/admin/controller/Ajax.php ]
[ info ] [ LANG ] /www/wwwroot/code/public/../application/admin/lang/zh-cn/index.php
[ info ] [ BEHAVIOR ] Run app\admin\behavior\AdminLog @app_end [ RunTime:0.000309s ]
[ info ] [ LOG ] INIT File
---------------------------------------------------------------
[ 2024-01-22T17:24:30+08:00 ] 10.0.0.19 GET 10.0.0.242/BzZjqEwfvh.php/ajax/lang?callback=define&controllername=dashboard&lang=zh-cn&v=1705915469&v=1705915469
[运行时间：0.146368s] [吞吐率：6.83req/s] [内存消耗：18,427.01kb] [文件加载：71]
[ info ] [ BEHAVIOR ] Run Closure @app_init [ RunTime:0.000126s ]
[ info ] [ CACHE ] INIT File
[ info ] [ BEHAVIOR ] Run Closure @app_init [ RunTime:0.003124s ]
[ info ] [ BEHAVIOR ] Run app\common\behavior\Common @app_init [ RunTime:0.001857s ]
[ info ] [ LANG ] /www/wwwroot/code/thinkphp/lang/zh-cn.php
[ info ] [ BEHAVIOR ] Run app\common\behavior\Common @app_dispatch [ RunTime:0.000066s ]
[ info ] [ ROUTE ] array (
  'type' => 'module',
  'module' => 
  array (
    0 => 'admin',
    1 => 'ajax',
    2 => 'lang',
  ),
)
[ info ] [ HEADER ] array (
  'cookie' => 'order=id%20desc; serverType=nginx; pro_end=-1; ltd_end=-1; sites_path=/www/wwwroot; site_model=php; 260dbf7a6caeff16476fb3a2d9629ef2=3ad869ab-3a3f-4752-9891-77735c883abd.KOP-p-wwe083NNrwk0Xwf1oBw1o; memSize=5928; bt_user_info=%7B%22status%22%3Atrue%2C%22msg%22%3A%22%u83B7%u53D6%u6210%u529F%21%22%2C%22data%22%3A%7B%22username%22%3A%22178****4785%22%7D%7D; distribution=ubuntu; force=0; soft_remarks=%7B%22list%22%3A%5B%22%u66F4%u6362%u6388%u6743IP%22%2C%225%u5206%u949F%u6781%u901F%u54CD%u5E94%22%2C%2215%u5929%u65E0%u7406%u7531%u9000%u6B3E%22%2C%2230+%u6B3E%u4ED8%u8D39%u63D2%u4EF6%22%2C%2220+%u4F01%u4E1A%u7248%u4E13%u4EAB%u529F%u80FD%22%2C%221000%u6761%u514D%u8D39%u77ED%u4FE1%uFF08%u5E74%u4ED8%uFF09%22%2C%222%u5F20SSL%u5546%u7528%u8BC1%u4E66%uFF08%u5E74%u4ED8%uFF09%22%2C%22%u4E13%u4EAB%u4F01%u4E1A%u670D%u52A1%u7FA4%uFF08%u5E74%u4ED8%uFF09%22%5D%2C%22pro_list%22%3A%5B%22%u66F4%u6362%u6388%u6743IP%22%2C%22%u5BA2%u670D%u4F18%u5148%u54CD%u5E94%22%2C%2215+%u6B3E%u4ED8%u8D39%u63D2%u4EF6%22%2C%2215%u5929%u65E0%u7406%u7531%u9000%u6B3E%22%2C%22%u5546%u7528%u9632%u706B%u5899%u6388%u6743%22%5D%2C%22kfqq%22%3A%223007255432%22%2C%22kf%22%3A%22http%3A//q.url.cn/CDfQPS%3F_type%3Dwpa%26qidian%3Dtrue%22%2C%22qun%22%3A%22%22%2C%22activity_list%22%3A%5B%22%3Cspan%20style%3D%5C%22color%3A%23D98704%3Bpadding-right%3A10px%5C%22%3E618%u7279%u60E0%u6D3B%u52A8%uFF0C6%u67089%u65E5-%206%u670818%u65E5%uFF0C%u6700%u9AD8%u51CF15000%u5143%3C/span%3E%3Ca%20style%3D%5C%22text-decoration%3Anone%3B%5C%22%20href%3D%5C%22https%3A//www.bt.cn/618%5C%22%20rel%3D%5C%22noreferrer%5C%22%20%20target%3D%5C%22_blank%5C%22%20class%3D%5C%22btlink%5C%22%3E%u70B9%u51FB%u7ACB%u5373%u67E5%u770B%3E%3E%3C/a%3E%22%5D%2C%22kf_list%22%3A%5B%7B%22qq%22%3A%223007255432%22%2C%22kf%22%3A%22http%3A//q.url.cn/CDfQPS%3F_type%3Dwpa%26qidian%3Dtrue%22%7D%2C%7B%22qq%22%3A%222927440070%22%2C%22kf%22%3A%22http%3A//wpa.qq.com/msgrd%3Fv%3D3%26uin%3D2927440070%26site%3Dqq%26menu%3Dyes%26from%3Dmessage%26isappinstalled%3D0%22%7D%5D%2C%22wx_list%22%3A%5B%7B%22ps%22%3A%22%u5728%u7EBF%u5BA2%u670D%22%2C%22kf%22%3A%22https%3A//www.bt.cn/new/wechat_customer%22%7D%5D%2C%22vips_list%22%3A%7B%22%u591A%u5BF9%u4E00%u6280%u672F%u652F%u6301%22%3A%7B%22pro%22%3A0%2C%22ltd%22%3A0%2C%22vltd%22%3A1%7D%2C%22%u5168%u5E745%u6B21%u5B89%u5168%u6392%u67E5%22%3A%7B%22pro%22%3A0%2C%22ltd%22%3A0%2C%22vltd%22%3A1%7D%2C%225%u5206%u949F%u6025%u901F%u54CD%u5E94%22%3A%7B%22pro%22%3A0%2C%22ltd%22%3A1%2C%22vltd%22%3A1%7D%2C%2230+%u6B3E%u4ED8%u8D39%u63D2%u4EF6%22%3A%7B%22pro%22%3A0%2C%22ltd%22%3A1%2C%22vltd%22%3A1%7D%2C%2220+%u4F01%u4E1A%u7248%u4E13%u4EAB%u529F%u80FD%22%3A%7B%22pro%22%3A0%2C%22ltd%22%3A1%2C%22vltd%22%3A1%7D%2C%221000%u6761%u514D%u8D39%u77ED%u4FE1%28%u5E74%u4ED8%29%22%3A%7B%22pro%22%3A0%2C%22ltd%22%3A1%2C%22vltd%22%3A1%7D%2C%222%u5F20SSL%u5546%u7528%u8BC1%u4E66%28%u5E74%u4ED8%29%22%3A%7B%22pro%22%3A0%2C%22ltd%22%3A1%2C%22vltd%22%3A1%7D%2C%22%u4E13%u4EAB%u4F01%u4E1A%u670D%u52A1%u7FA4%28%u5E74%u4ED8%29%22%3A%7B%22pro%22%3A0%2C%22ltd%22%3A1%2C%22vltd%22%3A1%7D%2C%22WAF%u9632%u706B%u5899%22%3A%7B%22pro%22%3A1%2C%22ltd%22%3A1%2C%22vltd%22%3A1%7D%2C%22%u66F4%u6362%u6388%u6743IP%22%3A%7B%22pro%22%3A1%2C%22ltd%22%3A1%2C%22vltd%22%3A1%7D%2C%22%u5BA2%u670D%u4F18%u5148%u54CD%u5E94%22%3A%7B%22pro%22%3A1%2C%22ltd%22%3A1%2C%22vltd%22%3A1%7D%2C%2215+%u6B3E%u4ED8%u8D39%u63D2%u4EF6%22%3A%7B%22pro%22%3A1%2C%22ltd%22%3A1%2C%22vltd%22%3A1%7D%2C%2215%u5929%u65E0%u7406%u7531%u9000%u6B3E%22%3A%7B%22pro%22%3A1%2C%22ltd%22%3A1%2C%22vltd%22%3A1%7D%7D%7D; load_search=undefined; softType=5; load_page=1; p5=1; load_type=5; rank=list; file_recycle_status=true; PHPSESSID=l83u94g8mccf5im56u1r9jjhg5; code-server-session=%24argon2id%24v%3D19%24m%3D65536%2Ct%3D3%2Cp%3D4%24X3czMXhMOVmidZWr%2BHm9xA%24kuCKed7MIXQaXkYpHI577HsV0h83FZiCxEvHh2oVooo; site_type=0; record_paste_type=null; db_page_model=mysql; backup_path=/www/backup; Path=/www/wwwroot/code/public/webconsole; 0c2824ca3bf26da7038babc69970a4f2=a394d54c-354c-4974-9de6-2a47c97ee852.ML87GAIRuDX-ChsWTC3PcTFwMAY',
  'accept-language' => 'zh-CN,zh;q=0.9,en;q=0.8,en-GB;q=0.7,en-US;q=0.6',
  'accept-encoding' => 'gzip, deflate',
  'accept' => '*/*',
  'user-agent' => 'Mozilla/5.0 (Windows NT 10.0; Win64; x64) AppleWebKit/537.36 (KHTML, like Gecko) Chrome/119.0.0.0 Safari/537.36 Edg/119.0.0.0',
  'connection' => 'keep-alive',
  'host' => '10.0.0.242',
  'content-length' => '',
  'content-type' => '',
)
[ info ] [ PARAM ] array (
  'callback' => 'define',
  'controllername' => 'dashboard',
  'lang' => 'zh-cn',
  'v' => '1705915469',
)
[ info ] [ LANG ] /www/wwwroot/code/public/../application/admin/lang/zh-cn.php
[ info ] [ BEHAVIOR ] Run app\common\behavior\Common @module_init [ RunTime:0.005036s ]
[ info ] [ SESSION ] INIT array (
  'id' => '',
  'var_session_id' => '',
  'prefix' => 'think',
  'type' => '',
  'auto_start' => true,
)
[ info ] [ LANG ] /www/wwwroot/code/public/../application/admin/lang/zh-cn/ajax.php
[ info ] [ RUN ] app\admin\controller\Ajax->lang[ /www/wwwroot/code/application/admin/controller/Ajax.php ]
[ info ] [ LANG ] /www/wwwroot/code/public/../application/admin/lang/zh-cn/dashboard.php
[ info ] [ BEHAVIOR ] Run app\admin\behavior\AdminLog @app_end [ RunTime:0.000340s ]
[ info ] [ LOG ] INIT File
