---------------------------------------------------------------
[ 2023-12-04T17:29:07+08:00 ] 10.0.0.19 GET 10.0.0.242/
[运行时间：0.166447s] [吞吐率：6.01req/s] [内存消耗：3,525.40kb] [文件加载：73]
[ info ] [ BEHAVIOR ] Run Closure @app_init [ RunTime:0.000699s ]
[ info ] [ CACHE ] INIT File
[ info ] [ BEHAVIOR ] Run Closure @app_init [ RunTime:0.004904s ]
[ info ] [ BEHAVIOR ] Run app\common\behavior\Common @app_init [ RunTime:0.002267s ]
[ info ] [ LANG ] /www/wwwroot/code/thinkphp/lang/zh-cn.php
[ info ] [ BEHAVIOR ] Run app\common\behavior\Common @app_dispatch [ RunTime:0.000096s ]
[ info ] [ ROUTE ] array (
  'type' => 'module',
  'module' => 
  array (
    0 => '',
    1 => NULL,
    2 => NULL,
  ),
)
[ info ] [ HEADER ] array (
  'cookie' => 'order=id%20desc; serverType=nginx; pro_end=-1; ltd_end=-1; memSize=11964; sites_path=/www/wwwroot; site_model=php; distribution=ubuntu; force=0; soft_remarks=%7B%22list%22%3A%5B%22%u66F4%u6362%u6388%u6743IP%22%2C%225%u5206%u949F%u6781%u901F%u54CD%u5E94%22%2C%2215%u5929%u65E0%u7406%u7531%u9000%u6B3E%22%2C%2230+%u6B3E%u4ED8%u8D39%u63D2%u4EF6%22%2C%2220+%u4F01%u4E1A%u7248%u4E13%u4EAB%u529F%u80FD%22%2C%221000%u6761%u514D%u8D39%u77ED%u4FE1%uFF08%u5E74%u4ED8%uFF09%22%2C%222%u5F20SSL%u5546%u7528%u8BC1%u4E66%uFF08%u5E74%u4ED8%uFF09%22%2C%22%u4E13%u4EAB%u4F01%u4E1A%u670D%u52A1%u7FA4%uFF08%u5E74%u4ED8%uFF09%22%5D%2C%22pro_list%22%3A%5B%22%u66F4%u6362%u6388%u6743IP%22%2C%22%u5BA2%u670D%u4F18%u5148%u54CD%u5E94%22%2C%2215+%u6B3E%u4ED8%u8D39%u63D2%u4EF6%22%2C%2215%u5929%u65E0%u7406%u7531%u9000%u6B3E%22%2C%22%u5546%u7528%u9632%u706B%u5899%u6388%u6743%22%5D%2C%22kfqq%22%3A%223007255432%22%2C%22kf%22%3A%22http%3A//q.url.cn/CDfQPS%3F_type%3Dwpa%26qidian%3Dtrue%22%2C%22qun%22%3A%22%22%2C%22activity_list%22%3A%5B%22%3Cspan%20style%3D%5C%22color%3A%23D98704%3Bpadding-right%3A10px%5C%22%3E618%u7279%u60E0%u6D3B%u52A8%uFF0C6%u67089%u65E5-%206%u670818%u65E5%uFF0C%u6700%u9AD8%u51CF15000%u5143%3C/span%3E%3Ca%20style%3D%5C%22text-decoration%3Anone%3B%5C%22%20href%3D%5C%22https%3A//www.bt.cn/618%5C%22%20rel%3D%5C%22noreferrer%5C%22%20%20target%3D%5C%22_blank%5C%22%20class%3D%5C%22btlink%5C%22%3E%u70B9%u51FB%u7ACB%u5373%u67E5%u770B%3E%3E%3C/a%3E%22%5D%2C%22kf_list%22%3A%5B%7B%22qq%22%3A%223007255432%22%2C%22kf%22%3A%22http%3A//q.url.cn/CDfQPS%3F_type%3Dwpa%26qidian%3Dtrue%22%7D%2C%7B%22qq%22%3A%222927440070%22%2C%22kf%22%3A%22http%3A//wpa.qq.com/msgrd%3Fv%3D3%26uin%3D2927440070%26site%3Dqq%26menu%3Dyes%26from%3Dmessage%26isappinstalled%3D0%22%7D%5D%2C%22wx_list%22%3A%5B%7B%22ps%22%3A%22%u5728%u7EBF%u5BA2%u670D%22%2C%22kf%22%3A%22https%3A//www.bt.cn/new/wechat_customer%22%7D%5D%2C%22vips_list%22%3A%7B%22%u591A%u5BF9%u4E00%u6280%u672F%u652F%u6301%22%3A%7B%22pro%22%3A0%2C%22ltd%22%3A0%2C%22vltd%22%3A1%7D%2C%22%u5168%u5E745%u6B21%u5B89%u5168%u6392%u67E5%22%3A%7B%22pro%22%3A0%2C%22ltd%22%3A0%2C%22vltd%22%3A1%7D%2C%225%u5206%u949F%u6025%u901F%u54CD%u5E94%22%3A%7B%22pro%22%3A0%2C%22ltd%22%3A1%2C%22vltd%22%3A1%7D%2C%2230+%u6B3E%u4ED8%u8D39%u63D2%u4EF6%22%3A%7B%22pro%22%3A0%2C%22ltd%22%3A1%2C%22vltd%22%3A1%7D%2C%2220+%u4F01%u4E1A%u7248%u4E13%u4EAB%u529F%u80FD%22%3A%7B%22pro%22%3A0%2C%22ltd%22%3A1%2C%22vltd%22%3A1%7D%2C%221000%u6761%u514D%u8D39%u77ED%u4FE1%28%u5E74%u4ED8%29%22%3A%7B%22pro%22%3A0%2C%22ltd%22%3A1%2C%22vltd%22%3A1%7D%2C%222%u5F20SSL%u5546%u7528%u8BC1%u4E66%28%u5E74%u4ED8%29%22%3A%7B%22pro%22%3A0%2C%22ltd%22%3A1%2C%22vltd%22%3A1%7D%2C%22%u4E13%u4EAB%u4F01%u4E1A%u670D%u52A1%u7FA4%28%u5E74%u4ED8%29%22%3A%7B%22pro%22%3A0%2C%22ltd%22%3A1%2C%22vltd%22%3A1%7D%2C%22WAF%u9632%u706B%u5899%22%3A%7B%22pro%22%3A1%2C%22ltd%22%3A1%2C%22vltd%22%3A1%7D%2C%22%u66F4%u6362%u6388%u6743IP%22%3A%7B%22pro%22%3A1%2C%22ltd%22%3A1%2C%22vltd%22%3A1%7D%2C%22%u5BA2%u670D%u4F18%u5148%u54CD%u5E94%22%3A%7B%22pro%22%3A1%2C%22ltd%22%3A1%2C%22vltd%22%3A1%7D%2C%2215+%u6B3E%u4ED8%u8D39%u63D2%u4EF6%22%3A%7B%22pro%22%3A1%2C%22ltd%22%3A1%2C%22vltd%22%3A1%7D%2C%2215%u5929%u65E0%u7406%u7531%u9000%u6B3E%22%3A%7B%22pro%22%3A1%2C%22ltd%22%3A1%2C%22vltd%22%3A1%7D%7D%7D; load_search=undefined; load_page=1; p5=1; load_type=5; file_recycle_status=true; db_page_model=mysql; backup_path=/www/backup; 6ee004500db39a7b550405578fd99dc1=eef43b85-04e3-49af-89d9-79902e1ea2fb.Id0HycvHaeX8g5XdetHW8lthAyI; 8c0f367431bd489cd5c1f7da4e88dead=32a1487d-263c-4f3b-b664-82f76a7949dc.kYlbhmO--hr_iqxwBnYy6CrGMTw; 479fabe9ab89a92bbf19dc7bc7249214=259a265a-5b57-477f-9129-a719e4769aa6.eIpdgnoYxsAZQrQStk5vT_8c_JI; bt_user_info=%7B%22status%22%3Atrue%2C%22msg%22%3A%22%u83B7%u53D6%u6210%u529F%21%22%2C%22data%22%3A%7B%22username%22%3A%22178****4785%22%7D%7D; rank=list; Path=/www/wwwroot/code/application/index/controller; code-server-session=%24argon2id%24v%3D19%24m%3D65536%2Ct%3D3%2Cp%3D4%24%2F5XgYJRS0I7VnYrR08hNSQ%246qSoQWo56hz1Fw6fDk22%2FT9Po%2FhjNdfMTiJZWPgKVMk',
  'accept-language' => 'zh-CN,zh;q=0.9,en;q=0.8,en-GB;q=0.7,en-US;q=0.6',
  'accept-encoding' => 'gzip, deflate',
  'accept' => 'text/html,application/xhtml+xml,application/xml;q=0.9,image/webp,image/apng,*/*;q=0.8,application/signed-exchange;v=b3;q=0.7',
  'user-agent' => 'Mozilla/5.0 (Windows NT 10.0; Win64; x64) AppleWebKit/537.36 (KHTML, like Gecko) Chrome/119.0.0.0 Safari/537.36 Edg/119.0.0.0',
  'upgrade-insecure-requests' => '1',
  'connection' => 'keep-alive',
  'host' => '10.0.0.242',
  'content-length' => '',
  'content-type' => '',
)
[ info ] [ PARAM ] array (
)
[ info ] [ LANG ] /www/wwwroot/code/public/../application/index/lang/zh-cn.php
[ info ] [ BEHAVIOR ] Run app\common\behavior\Common @module_init [ RunTime:0.006231s ]
[ info ] [ LANG ] /www/wwwroot/code/public/../application/index/lang/zh-cn/index.php
[ info ] [ RUN ] app\index\controller\Index->index[ /www/wwwroot/code/application/index/controller/Index.php ]
[ info ] [ DB ] INIT mysql
[ info ] [ VIEW ] /www/wwwroot/code/public/../application/index/view/index/index.html [ array (
  0 => 'user',
  1 => 'site',
  2 => 'config',
  3 => 'sitename',
  4 => 'secsitename',
  5 => 'message',
) ]
[ info ] [ LOG ] INIT File
---------------------------------------------------------------
[ 2023-12-04T17:29:17+08:00 ] 10.0.0.19 GET 10.0.0.242/
[运行时间：0.198705s] [吞吐率：5.03req/s] [内存消耗：3,525.41kb] [文件加载：73]
[ info ] [ BEHAVIOR ] Run Closure @app_init [ RunTime:0.000382s ]
[ info ] [ CACHE ] INIT File
[ info ] [ BEHAVIOR ] Run Closure @app_init [ RunTime:0.004119s ]
[ info ] [ BEHAVIOR ] Run app\common\behavior\Common @app_init [ RunTime:0.002839s ]
[ info ] [ LANG ] /www/wwwroot/code/thinkphp/lang/zh-cn.php
[ info ] [ BEHAVIOR ] Run app\common\behavior\Common @app_dispatch [ RunTime:0.000101s ]
[ info ] [ ROUTE ] array (
  'type' => 'module',
  'module' => 
  array (
    0 => '',
    1 => NULL,
    2 => NULL,
  ),
)
[ info ] [ HEADER ] array (
  'cookie' => 'order=id%20desc; serverType=nginx; pro_end=-1; ltd_end=-1; memSize=11964; sites_path=/www/wwwroot; site_model=php; distribution=ubuntu; force=0; soft_remarks=%7B%22list%22%3A%5B%22%u66F4%u6362%u6388%u6743IP%22%2C%225%u5206%u949F%u6781%u901F%u54CD%u5E94%22%2C%2215%u5929%u65E0%u7406%u7531%u9000%u6B3E%22%2C%2230+%u6B3E%u4ED8%u8D39%u63D2%u4EF6%22%2C%2220+%u4F01%u4E1A%u7248%u4E13%u4EAB%u529F%u80FD%22%2C%221000%u6761%u514D%u8D39%u77ED%u4FE1%uFF08%u5E74%u4ED8%uFF09%22%2C%222%u5F20SSL%u5546%u7528%u8BC1%u4E66%uFF08%u5E74%u4ED8%uFF09%22%2C%22%u4E13%u4EAB%u4F01%u4E1A%u670D%u52A1%u7FA4%uFF08%u5E74%u4ED8%uFF09%22%5D%2C%22pro_list%22%3A%5B%22%u66F4%u6362%u6388%u6743IP%22%2C%22%u5BA2%u670D%u4F18%u5148%u54CD%u5E94%22%2C%2215+%u6B3E%u4ED8%u8D39%u63D2%u4EF6%22%2C%2215%u5929%u65E0%u7406%u7531%u9000%u6B3E%22%2C%22%u5546%u7528%u9632%u706B%u5899%u6388%u6743%22%5D%2C%22kfqq%22%3A%223007255432%22%2C%22kf%22%3A%22http%3A//q.url.cn/CDfQPS%3F_type%3Dwpa%26qidian%3Dtrue%22%2C%22qun%22%3A%22%22%2C%22activity_list%22%3A%5B%22%3Cspan%20style%3D%5C%22color%3A%23D98704%3Bpadding-right%3A10px%5C%22%3E618%u7279%u60E0%u6D3B%u52A8%uFF0C6%u67089%u65E5-%206%u670818%u65E5%uFF0C%u6700%u9AD8%u51CF15000%u5143%3C/span%3E%3Ca%20style%3D%5C%22text-decoration%3Anone%3B%5C%22%20href%3D%5C%22https%3A//www.bt.cn/618%5C%22%20rel%3D%5C%22noreferrer%5C%22%20%20target%3D%5C%22_blank%5C%22%20class%3D%5C%22btlink%5C%22%3E%u70B9%u51FB%u7ACB%u5373%u67E5%u770B%3E%3E%3C/a%3E%22%5D%2C%22kf_list%22%3A%5B%7B%22qq%22%3A%223007255432%22%2C%22kf%22%3A%22http%3A//q.url.cn/CDfQPS%3F_type%3Dwpa%26qidian%3Dtrue%22%7D%2C%7B%22qq%22%3A%222927440070%22%2C%22kf%22%3A%22http%3A//wpa.qq.com/msgrd%3Fv%3D3%26uin%3D2927440070%26site%3Dqq%26menu%3Dyes%26from%3Dmessage%26isappinstalled%3D0%22%7D%5D%2C%22wx_list%22%3A%5B%7B%22ps%22%3A%22%u5728%u7EBF%u5BA2%u670D%22%2C%22kf%22%3A%22https%3A//www.bt.cn/new/wechat_customer%22%7D%5D%2C%22vips_list%22%3A%7B%22%u591A%u5BF9%u4E00%u6280%u672F%u652F%u6301%22%3A%7B%22pro%22%3A0%2C%22ltd%22%3A0%2C%22vltd%22%3A1%7D%2C%22%u5168%u5E745%u6B21%u5B89%u5168%u6392%u67E5%22%3A%7B%22pro%22%3A0%2C%22ltd%22%3A0%2C%22vltd%22%3A1%7D%2C%225%u5206%u949F%u6025%u901F%u54CD%u5E94%22%3A%7B%22pro%22%3A0%2C%22ltd%22%3A1%2C%22vltd%22%3A1%7D%2C%2230+%u6B3E%u4ED8%u8D39%u63D2%u4EF6%22%3A%7B%22pro%22%3A0%2C%22ltd%22%3A1%2C%22vltd%22%3A1%7D%2C%2220+%u4F01%u4E1A%u7248%u4E13%u4EAB%u529F%u80FD%22%3A%7B%22pro%22%3A0%2C%22ltd%22%3A1%2C%22vltd%22%3A1%7D%2C%221000%u6761%u514D%u8D39%u77ED%u4FE1%28%u5E74%u4ED8%29%22%3A%7B%22pro%22%3A0%2C%22ltd%22%3A1%2C%22vltd%22%3A1%7D%2C%222%u5F20SSL%u5546%u7528%u8BC1%u4E66%28%u5E74%u4ED8%29%22%3A%7B%22pro%22%3A0%2C%22ltd%22%3A1%2C%22vltd%22%3A1%7D%2C%22%u4E13%u4EAB%u4F01%u4E1A%u670D%u52A1%u7FA4%28%u5E74%u4ED8%29%22%3A%7B%22pro%22%3A0%2C%22ltd%22%3A1%2C%22vltd%22%3A1%7D%2C%22WAF%u9632%u706B%u5899%22%3A%7B%22pro%22%3A1%2C%22ltd%22%3A1%2C%22vltd%22%3A1%7D%2C%22%u66F4%u6362%u6388%u6743IP%22%3A%7B%22pro%22%3A1%2C%22ltd%22%3A1%2C%22vltd%22%3A1%7D%2C%22%u5BA2%u670D%u4F18%u5148%u54CD%u5E94%22%3A%7B%22pro%22%3A1%2C%22ltd%22%3A1%2C%22vltd%22%3A1%7D%2C%2215+%u6B3E%u4ED8%u8D39%u63D2%u4EF6%22%3A%7B%22pro%22%3A1%2C%22ltd%22%3A1%2C%22vltd%22%3A1%7D%2C%2215%u5929%u65E0%u7406%u7531%u9000%u6B3E%22%3A%7B%22pro%22%3A1%2C%22ltd%22%3A1%2C%22vltd%22%3A1%7D%7D%7D; load_search=undefined; load_page=1; p5=1; load_type=5; file_recycle_status=true; db_page_model=mysql; backup_path=/www/backup; 6ee004500db39a7b550405578fd99dc1=eef43b85-04e3-49af-89d9-79902e1ea2fb.Id0HycvHaeX8g5XdetHW8lthAyI; 8c0f367431bd489cd5c1f7da4e88dead=32a1487d-263c-4f3b-b664-82f76a7949dc.kYlbhmO--hr_iqxwBnYy6CrGMTw; 479fabe9ab89a92bbf19dc7bc7249214=259a265a-5b57-477f-9129-a719e4769aa6.eIpdgnoYxsAZQrQStk5vT_8c_JI; bt_user_info=%7B%22status%22%3Atrue%2C%22msg%22%3A%22%u83B7%u53D6%u6210%u529F%21%22%2C%22data%22%3A%7B%22username%22%3A%22178****4785%22%7D%7D; rank=list; Path=/www/wwwroot/code/application/index/controller; code-server-session=%24argon2id%24v%3D19%24m%3D65536%2Ct%3D3%2Cp%3D4%24%2F5XgYJRS0I7VnYrR08hNSQ%246qSoQWo56hz1Fw6fDk22%2FT9Po%2FhjNdfMTiJZWPgKVMk',
  'accept-language' => 'zh-CN,zh;q=0.9,en;q=0.8,en-GB;q=0.7,en-US;q=0.6',
  'accept-encoding' => 'gzip, deflate',
  'accept' => 'text/html,application/xhtml+xml,application/xml;q=0.9,image/webp,image/apng,*/*;q=0.8,application/signed-exchange;v=b3;q=0.7',
  'user-agent' => 'Mozilla/5.0 (Windows NT 10.0; Win64; x64) AppleWebKit/537.36 (KHTML, like Gecko) Chrome/119.0.0.0 Safari/537.36 Edg/119.0.0.0',
  'upgrade-insecure-requests' => '1',
  'connection' => 'keep-alive',
  'host' => '10.0.0.242',
  'content-length' => '',
  'content-type' => '',
)
[ info ] [ PARAM ] array (
)
[ info ] [ LANG ] /www/wwwroot/code/public/../application/index/lang/zh-cn.php
[ info ] [ BEHAVIOR ] Run app\common\behavior\Common @module_init [ RunTime:0.006295s ]
[ info ] [ LANG ] /www/wwwroot/code/public/../application/index/lang/zh-cn/index.php
[ info ] [ RUN ] app\index\controller\Index->index[ /www/wwwroot/code/application/index/controller/Index.php ]
[ info ] [ DB ] INIT mysql
[ info ] [ VIEW ] /www/wwwroot/code/public/../application/index/view/index/index.html [ array (
  0 => 'user',
  1 => 'site',
  2 => 'config',
  3 => 'sitename',
  4 => 'secsitename',
  5 => 'message',
) ]
[ info ] [ LOG ] INIT File
---------------------------------------------------------------
[ 2023-12-04T17:29:19+08:00 ] 10.0.0.19 GET 10.0.0.242/favicon.ico
[运行时间：0.092807s] [吞吐率：10.78req/s] [内存消耗：1,862.48kb] [文件加载：53]
[ info ] [ BEHAVIOR ] Run Closure @app_init [ RunTime:0.000095s ]
[ info ] [ CACHE ] INIT File
[ info ] [ BEHAVIOR ] Run Closure @app_init [ RunTime:0.005430s ]
[ info ] [ BEHAVIOR ] Run app\common\behavior\Common @app_init [ RunTime:0.003306s ]
[ info ] [ LANG ] /www/wwwroot/code/thinkphp/lang/zh-cn.php
[ info ] [ BEHAVIOR ] Run app\common\behavior\Common @app_dispatch [ RunTime:0.000121s ]
[ info ] [ ROUTE ] array (
  'type' => 'module',
  'module' => 
  array (
    0 => 'favicon.ico',
    1 => NULL,
    2 => NULL,
  ),
)
[ info ] [ HEADER ] array (
  'cookie' => 'order=id%20desc; serverType=nginx; pro_end=-1; ltd_end=-1; memSize=11964; sites_path=/www/wwwroot; site_model=php; distribution=ubuntu; force=0; soft_remarks=%7B%22list%22%3A%5B%22%u66F4%u6362%u6388%u6743IP%22%2C%225%u5206%u949F%u6781%u901F%u54CD%u5E94%22%2C%2215%u5929%u65E0%u7406%u7531%u9000%u6B3E%22%2C%2230+%u6B3E%u4ED8%u8D39%u63D2%u4EF6%22%2C%2220+%u4F01%u4E1A%u7248%u4E13%u4EAB%u529F%u80FD%22%2C%221000%u6761%u514D%u8D39%u77ED%u4FE1%uFF08%u5E74%u4ED8%uFF09%22%2C%222%u5F20SSL%u5546%u7528%u8BC1%u4E66%uFF08%u5E74%u4ED8%uFF09%22%2C%22%u4E13%u4EAB%u4F01%u4E1A%u670D%u52A1%u7FA4%uFF08%u5E74%u4ED8%uFF09%22%5D%2C%22pro_list%22%3A%5B%22%u66F4%u6362%u6388%u6743IP%22%2C%22%u5BA2%u670D%u4F18%u5148%u54CD%u5E94%22%2C%2215+%u6B3E%u4ED8%u8D39%u63D2%u4EF6%22%2C%2215%u5929%u65E0%u7406%u7531%u9000%u6B3E%22%2C%22%u5546%u7528%u9632%u706B%u5899%u6388%u6743%22%5D%2C%22kfqq%22%3A%223007255432%22%2C%22kf%22%3A%22http%3A//q.url.cn/CDfQPS%3F_type%3Dwpa%26qidian%3Dtrue%22%2C%22qun%22%3A%22%22%2C%22activity_list%22%3A%5B%22%3Cspan%20style%3D%5C%22color%3A%23D98704%3Bpadding-right%3A10px%5C%22%3E618%u7279%u60E0%u6D3B%u52A8%uFF0C6%u67089%u65E5-%206%u670818%u65E5%uFF0C%u6700%u9AD8%u51CF15000%u5143%3C/span%3E%3Ca%20style%3D%5C%22text-decoration%3Anone%3B%5C%22%20href%3D%5C%22https%3A//www.bt.cn/618%5C%22%20rel%3D%5C%22noreferrer%5C%22%20%20target%3D%5C%22_blank%5C%22%20class%3D%5C%22btlink%5C%22%3E%u70B9%u51FB%u7ACB%u5373%u67E5%u770B%3E%3E%3C/a%3E%22%5D%2C%22kf_list%22%3A%5B%7B%22qq%22%3A%223007255432%22%2C%22kf%22%3A%22http%3A//q.url.cn/CDfQPS%3F_type%3Dwpa%26qidian%3Dtrue%22%7D%2C%7B%22qq%22%3A%222927440070%22%2C%22kf%22%3A%22http%3A//wpa.qq.com/msgrd%3Fv%3D3%26uin%3D2927440070%26site%3Dqq%26menu%3Dyes%26from%3Dmessage%26isappinstalled%3D0%22%7D%5D%2C%22wx_list%22%3A%5B%7B%22ps%22%3A%22%u5728%u7EBF%u5BA2%u670D%22%2C%22kf%22%3A%22https%3A//www.bt.cn/new/wechat_customer%22%7D%5D%2C%22vips_list%22%3A%7B%22%u591A%u5BF9%u4E00%u6280%u672F%u652F%u6301%22%3A%7B%22pro%22%3A0%2C%22ltd%22%3A0%2C%22vltd%22%3A1%7D%2C%22%u5168%u5E745%u6B21%u5B89%u5168%u6392%u67E5%22%3A%7B%22pro%22%3A0%2C%22ltd%22%3A0%2C%22vltd%22%3A1%7D%2C%225%u5206%u949F%u6025%u901F%u54CD%u5E94%22%3A%7B%22pro%22%3A0%2C%22ltd%22%3A1%2C%22vltd%22%3A1%7D%2C%2230+%u6B3E%u4ED8%u8D39%u63D2%u4EF6%22%3A%7B%22pro%22%3A0%2C%22ltd%22%3A1%2C%22vltd%22%3A1%7D%2C%2220+%u4F01%u4E1A%u7248%u4E13%u4EAB%u529F%u80FD%22%3A%7B%22pro%22%3A0%2C%22ltd%22%3A1%2C%22vltd%22%3A1%7D%2C%221000%u6761%u514D%u8D39%u77ED%u4FE1%28%u5E74%u4ED8%29%22%3A%7B%22pro%22%3A0%2C%22ltd%22%3A1%2C%22vltd%22%3A1%7D%2C%222%u5F20SSL%u5546%u7528%u8BC1%u4E66%28%u5E74%u4ED8%29%22%3A%7B%22pro%22%3A0%2C%22ltd%22%3A1%2C%22vltd%22%3A1%7D%2C%22%u4E13%u4EAB%u4F01%u4E1A%u670D%u52A1%u7FA4%28%u5E74%u4ED8%29%22%3A%7B%22pro%22%3A0%2C%22ltd%22%3A1%2C%22vltd%22%3A1%7D%2C%22WAF%u9632%u706B%u5899%22%3A%7B%22pro%22%3A1%2C%22ltd%22%3A1%2C%22vltd%22%3A1%7D%2C%22%u66F4%u6362%u6388%u6743IP%22%3A%7B%22pro%22%3A1%2C%22ltd%22%3A1%2C%22vltd%22%3A1%7D%2C%22%u5BA2%u670D%u4F18%u5148%u54CD%u5E94%22%3A%7B%22pro%22%3A1%2C%22ltd%22%3A1%2C%22vltd%22%3A1%7D%2C%2215+%u6B3E%u4ED8%u8D39%u63D2%u4EF6%22%3A%7B%22pro%22%3A1%2C%22ltd%22%3A1%2C%22vltd%22%3A1%7D%2C%2215%u5929%u65E0%u7406%u7531%u9000%u6B3E%22%3A%7B%22pro%22%3A1%2C%22ltd%22%3A1%2C%22vltd%22%3A1%7D%7D%7D; load_search=undefined; load_page=1; p5=1; load_type=5; file_recycle_status=true; db_page_model=mysql; backup_path=/www/backup; 6ee004500db39a7b550405578fd99dc1=eef43b85-04e3-49af-89d9-79902e1ea2fb.Id0HycvHaeX8g5XdetHW8lthAyI; 8c0f367431bd489cd5c1f7da4e88dead=32a1487d-263c-4f3b-b664-82f76a7949dc.kYlbhmO--hr_iqxwBnYy6CrGMTw; 479fabe9ab89a92bbf19dc7bc7249214=259a265a-5b57-477f-9129-a719e4769aa6.eIpdgnoYxsAZQrQStk5vT_8c_JI; bt_user_info=%7B%22status%22%3Atrue%2C%22msg%22%3A%22%u83B7%u53D6%u6210%u529F%21%22%2C%22data%22%3A%7B%22username%22%3A%22178****4785%22%7D%7D; rank=list; Path=/www/wwwroot/code/application/index/controller; code-server-session=%24argon2id%24v%3D19%24m%3D65536%2Ct%3D3%2Cp%3D4%24%2F5XgYJRS0I7VnYrR08hNSQ%246qSoQWo56hz1Fw6fDk22%2FT9Po%2FhjNdfMTiJZWPgKVMk',
  'accept-language' => 'zh-CN,zh;q=0.9,en;q=0.8,en-GB;q=0.7,en-US;q=0.6',
  'accept-encoding' => 'gzip, deflate',
  'referer' => 'http://10.0.0.242/',
  'accept' => 'image/webp,image/apng,image/svg+xml,image/*,*/*;q=0.8',
  'user-agent' => 'Mozilla/5.0 (Windows NT 10.0; Win64; x64) AppleWebKit/537.36 (KHTML, like Gecko) Chrome/119.0.0.0 Safari/537.36 Edg/119.0.0.0',
  'connection' => 'keep-alive',
  'host' => '10.0.0.242',
  'content-length' => '',
  'content-type' => '',
)
[ info ] [ PARAM ] array (
)
[ info ] [ LOG ] INIT File
---------------------------------------------------------------
[ 2023-12-04T17:29:21+08:00 ] 10.0.0.19 GET 10.0.0.242/index/index/contentlist
[运行时间：0.164984s] [吞吐率：6.06req/s] [内存消耗：3,528.52kb] [文件加载：72]
[ info ] [ BEHAVIOR ] Run Closure @app_init [ RunTime:0.000381s ]
[ info ] [ CACHE ] INIT File
[ info ] [ BEHAVIOR ] Run Closure @app_init [ RunTime:0.004126s ]
[ info ] [ BEHAVIOR ] Run app\common\behavior\Common @app_init [ RunTime:0.002419s ]
[ info ] [ LANG ] /www/wwwroot/code/thinkphp/lang/zh-cn.php
[ info ] [ BEHAVIOR ] Run app\common\behavior\Common @app_dispatch [ RunTime:0.000109s ]
[ info ] [ ROUTE ] array (
  'type' => 'module',
  'module' => 
  array (
    0 => 'index',
    1 => 'index',
    2 => 'contentlist',
  ),
)
[ info ] [ HEADER ] array (
  'cookie' => 'order=id%20desc; serverType=nginx; pro_end=-1; ltd_end=-1; memSize=11964; sites_path=/www/wwwroot; site_model=php; distribution=ubuntu; force=0; soft_remarks=%7B%22list%22%3A%5B%22%u66F4%u6362%u6388%u6743IP%22%2C%225%u5206%u949F%u6781%u901F%u54CD%u5E94%22%2C%2215%u5929%u65E0%u7406%u7531%u9000%u6B3E%22%2C%2230+%u6B3E%u4ED8%u8D39%u63D2%u4EF6%22%2C%2220+%u4F01%u4E1A%u7248%u4E13%u4EAB%u529F%u80FD%22%2C%221000%u6761%u514D%u8D39%u77ED%u4FE1%uFF08%u5E74%u4ED8%uFF09%22%2C%222%u5F20SSL%u5546%u7528%u8BC1%u4E66%uFF08%u5E74%u4ED8%uFF09%22%2C%22%u4E13%u4EAB%u4F01%u4E1A%u670D%u52A1%u7FA4%uFF08%u5E74%u4ED8%uFF09%22%5D%2C%22pro_list%22%3A%5B%22%u66F4%u6362%u6388%u6743IP%22%2C%22%u5BA2%u670D%u4F18%u5148%u54CD%u5E94%22%2C%2215+%u6B3E%u4ED8%u8D39%u63D2%u4EF6%22%2C%2215%u5929%u65E0%u7406%u7531%u9000%u6B3E%22%2C%22%u5546%u7528%u9632%u706B%u5899%u6388%u6743%22%5D%2C%22kfqq%22%3A%223007255432%22%2C%22kf%22%3A%22http%3A//q.url.cn/CDfQPS%3F_type%3Dwpa%26qidian%3Dtrue%22%2C%22qun%22%3A%22%22%2C%22activity_list%22%3A%5B%22%3Cspan%20style%3D%5C%22color%3A%23D98704%3Bpadding-right%3A10px%5C%22%3E618%u7279%u60E0%u6D3B%u52A8%uFF0C6%u67089%u65E5-%206%u670818%u65E5%uFF0C%u6700%u9AD8%u51CF15000%u5143%3C/span%3E%3Ca%20style%3D%5C%22text-decoration%3Anone%3B%5C%22%20href%3D%5C%22https%3A//www.bt.cn/618%5C%22%20rel%3D%5C%22noreferrer%5C%22%20%20target%3D%5C%22_blank%5C%22%20class%3D%5C%22btlink%5C%22%3E%u70B9%u51FB%u7ACB%u5373%u67E5%u770B%3E%3E%3C/a%3E%22%5D%2C%22kf_list%22%3A%5B%7B%22qq%22%3A%223007255432%22%2C%22kf%22%3A%22http%3A//q.url.cn/CDfQPS%3F_type%3Dwpa%26qidian%3Dtrue%22%7D%2C%7B%22qq%22%3A%222927440070%22%2C%22kf%22%3A%22http%3A//wpa.qq.com/msgrd%3Fv%3D3%26uin%3D2927440070%26site%3Dqq%26menu%3Dyes%26from%3Dmessage%26isappinstalled%3D0%22%7D%5D%2C%22wx_list%22%3A%5B%7B%22ps%22%3A%22%u5728%u7EBF%u5BA2%u670D%22%2C%22kf%22%3A%22https%3A//www.bt.cn/new/wechat_customer%22%7D%5D%2C%22vips_list%22%3A%7B%22%u591A%u5BF9%u4E00%u6280%u672F%u652F%u6301%22%3A%7B%22pro%22%3A0%2C%22ltd%22%3A0%2C%22vltd%22%3A1%7D%2C%22%u5168%u5E745%u6B21%u5B89%u5168%u6392%u67E5%22%3A%7B%22pro%22%3A0%2C%22ltd%22%3A0%2C%22vltd%22%3A1%7D%2C%225%u5206%u949F%u6025%u901F%u54CD%u5E94%22%3A%7B%22pro%22%3A0%2C%22ltd%22%3A1%2C%22vltd%22%3A1%7D%2C%2230+%u6B3E%u4ED8%u8D39%u63D2%u4EF6%22%3A%7B%22pro%22%3A0%2C%22ltd%22%3A1%2C%22vltd%22%3A1%7D%2C%2220+%u4F01%u4E1A%u7248%u4E13%u4EAB%u529F%u80FD%22%3A%7B%22pro%22%3A0%2C%22ltd%22%3A1%2C%22vltd%22%3A1%7D%2C%221000%u6761%u514D%u8D39%u77ED%u4FE1%28%u5E74%u4ED8%29%22%3A%7B%22pro%22%3A0%2C%22ltd%22%3A1%2C%22vltd%22%3A1%7D%2C%222%u5F20SSL%u5546%u7528%u8BC1%u4E66%28%u5E74%u4ED8%29%22%3A%7B%22pro%22%3A0%2C%22ltd%22%3A1%2C%22vltd%22%3A1%7D%2C%22%u4E13%u4EAB%u4F01%u4E1A%u670D%u52A1%u7FA4%28%u5E74%u4ED8%29%22%3A%7B%22pro%22%3A0%2C%22ltd%22%3A1%2C%22vltd%22%3A1%7D%2C%22WAF%u9632%u706B%u5899%22%3A%7B%22pro%22%3A1%2C%22ltd%22%3A1%2C%22vltd%22%3A1%7D%2C%22%u66F4%u6362%u6388%u6743IP%22%3A%7B%22pro%22%3A1%2C%22ltd%22%3A1%2C%22vltd%22%3A1%7D%2C%22%u5BA2%u670D%u4F18%u5148%u54CD%u5E94%22%3A%7B%22pro%22%3A1%2C%22ltd%22%3A1%2C%22vltd%22%3A1%7D%2C%2215+%u6B3E%u4ED8%u8D39%u63D2%u4EF6%22%3A%7B%22pro%22%3A1%2C%22ltd%22%3A1%2C%22vltd%22%3A1%7D%2C%2215%u5929%u65E0%u7406%u7531%u9000%u6B3E%22%3A%7B%22pro%22%3A1%2C%22ltd%22%3A1%2C%22vltd%22%3A1%7D%7D%7D; load_search=undefined; load_page=1; p5=1; load_type=5; file_recycle_status=true; db_page_model=mysql; backup_path=/www/backup; 6ee004500db39a7b550405578fd99dc1=eef43b85-04e3-49af-89d9-79902e1ea2fb.Id0HycvHaeX8g5XdetHW8lthAyI; 8c0f367431bd489cd5c1f7da4e88dead=32a1487d-263c-4f3b-b664-82f76a7949dc.kYlbhmO--hr_iqxwBnYy6CrGMTw; 479fabe9ab89a92bbf19dc7bc7249214=259a265a-5b57-477f-9129-a719e4769aa6.eIpdgnoYxsAZQrQStk5vT_8c_JI; bt_user_info=%7B%22status%22%3Atrue%2C%22msg%22%3A%22%u83B7%u53D6%u6210%u529F%21%22%2C%22data%22%3A%7B%22username%22%3A%22178****4785%22%7D%7D; rank=list; Path=/www/wwwroot/code/application/index/controller; code-server-session=%24argon2id%24v%3D19%24m%3D65536%2Ct%3D3%2Cp%3D4%24%2F5XgYJRS0I7VnYrR08hNSQ%246qSoQWo56hz1Fw6fDk22%2FT9Po%2FhjNdfMTiJZWPgKVMk',
  'accept-language' => 'zh-CN,zh;q=0.9,en;q=0.8,en-GB;q=0.7,en-US;q=0.6',
  'accept-encoding' => 'gzip, deflate',
  'referer' => 'http://10.0.0.242/',
  'accept' => 'text/html,application/xhtml+xml,application/xml;q=0.9,image/webp,image/apng,*/*;q=0.8,application/signed-exchange;v=b3;q=0.7',
  'user-agent' => 'Mozilla/5.0 (Windows NT 10.0; Win64; x64) AppleWebKit/537.36 (KHTML, like Gecko) Chrome/119.0.0.0 Safari/537.36 Edg/119.0.0.0',
  'upgrade-insecure-requests' => '1',
  'connection' => 'keep-alive',
  'host' => '10.0.0.242',
  'content-length' => '',
  'content-type' => '',
)
[ info ] [ PARAM ] array (
)
[ info ] [ LANG ] /www/wwwroot/code/public/../application/index/lang/zh-cn.php
[ info ] [ BEHAVIOR ] Run app\common\behavior\Common @module_init [ RunTime:0.007293s ]
[ info ] [ LANG ] /www/wwwroot/code/public/../application/index/lang/zh-cn/index.php
[ info ] [ RUN ] app\index\controller\Index->contentlist[ /www/wwwroot/code/application/index/controller/Index.php ]
[ info ] [ DB ] INIT mysql
[ info ] [ VIEW ] /www/wwwroot/code/public/../application/index/view/index/contectlist.html [ array (
  0 => 'user',
  1 => 'site',
  2 => 'config',
  3 => 'status',
  4 => 'message',
  5 => 'secsitename',
  6 => 'sitename',
) ]
[ info ] [ LOG ] INIT File
---------------------------------------------------------------
[ 2023-12-04T17:29:30+08:00 ] 10.0.0.19 GET 10.0.0.242/index/index/content?id=1
[运行时间：0.167514s] [吞吐率：5.97req/s] [内存消耗：3,564.74kb] [文件加载：75]
[ info ] [ BEHAVIOR ] Run Closure @app_init [ RunTime:0.000333s ]
[ info ] [ CACHE ] INIT File
[ info ] [ BEHAVIOR ] Run Closure @app_init [ RunTime:0.004787s ]
[ info ] [ BEHAVIOR ] Run app\common\behavior\Common @app_init [ RunTime:0.002366s ]
[ info ] [ LANG ] /www/wwwroot/code/thinkphp/lang/zh-cn.php
[ info ] [ BEHAVIOR ] Run app\common\behavior\Common @app_dispatch [ RunTime:0.000099s ]
[ info ] [ ROUTE ] array (
  'type' => 'module',
  'module' => 
  array (
    0 => 'index',
    1 => 'index',
    2 => 'content',
  ),
)
[ info ] [ HEADER ] array (
  'cookie' => 'order=id%20desc; serverType=nginx; pro_end=-1; ltd_end=-1; memSize=11964; sites_path=/www/wwwroot; site_model=php; distribution=ubuntu; force=0; soft_remarks=%7B%22list%22%3A%5B%22%u66F4%u6362%u6388%u6743IP%22%2C%225%u5206%u949F%u6781%u901F%u54CD%u5E94%22%2C%2215%u5929%u65E0%u7406%u7531%u9000%u6B3E%22%2C%2230+%u6B3E%u4ED8%u8D39%u63D2%u4EF6%22%2C%2220+%u4F01%u4E1A%u7248%u4E13%u4EAB%u529F%u80FD%22%2C%221000%u6761%u514D%u8D39%u77ED%u4FE1%uFF08%u5E74%u4ED8%uFF09%22%2C%222%u5F20SSL%u5546%u7528%u8BC1%u4E66%uFF08%u5E74%u4ED8%uFF09%22%2C%22%u4E13%u4EAB%u4F01%u4E1A%u670D%u52A1%u7FA4%uFF08%u5E74%u4ED8%uFF09%22%5D%2C%22pro_list%22%3A%5B%22%u66F4%u6362%u6388%u6743IP%22%2C%22%u5BA2%u670D%u4F18%u5148%u54CD%u5E94%22%2C%2215+%u6B3E%u4ED8%u8D39%u63D2%u4EF6%22%2C%2215%u5929%u65E0%u7406%u7531%u9000%u6B3E%22%2C%22%u5546%u7528%u9632%u706B%u5899%u6388%u6743%22%5D%2C%22kfqq%22%3A%223007255432%22%2C%22kf%22%3A%22http%3A//q.url.cn/CDfQPS%3F_type%3Dwpa%26qidian%3Dtrue%22%2C%22qun%22%3A%22%22%2C%22activity_list%22%3A%5B%22%3Cspan%20style%3D%5C%22color%3A%23D98704%3Bpadding-right%3A10px%5C%22%3E618%u7279%u60E0%u6D3B%u52A8%uFF0C6%u67089%u65E5-%206%u670818%u65E5%uFF0C%u6700%u9AD8%u51CF15000%u5143%3C/span%3E%3Ca%20style%3D%5C%22text-decoration%3Anone%3B%5C%22%20href%3D%5C%22https%3A//www.bt.cn/618%5C%22%20rel%3D%5C%22noreferrer%5C%22%20%20target%3D%5C%22_blank%5C%22%20class%3D%5C%22btlink%5C%22%3E%u70B9%u51FB%u7ACB%u5373%u67E5%u770B%3E%3E%3C/a%3E%22%5D%2C%22kf_list%22%3A%5B%7B%22qq%22%3A%223007255432%22%2C%22kf%22%3A%22http%3A//q.url.cn/CDfQPS%3F_type%3Dwpa%26qidian%3Dtrue%22%7D%2C%7B%22qq%22%3A%222927440070%22%2C%22kf%22%3A%22http%3A//wpa.qq.com/msgrd%3Fv%3D3%26uin%3D2927440070%26site%3Dqq%26menu%3Dyes%26from%3Dmessage%26isappinstalled%3D0%22%7D%5D%2C%22wx_list%22%3A%5B%7B%22ps%22%3A%22%u5728%u7EBF%u5BA2%u670D%22%2C%22kf%22%3A%22https%3A//www.bt.cn/new/wechat_customer%22%7D%5D%2C%22vips_list%22%3A%7B%22%u591A%u5BF9%u4E00%u6280%u672F%u652F%u6301%22%3A%7B%22pro%22%3A0%2C%22ltd%22%3A0%2C%22vltd%22%3A1%7D%2C%22%u5168%u5E745%u6B21%u5B89%u5168%u6392%u67E5%22%3A%7B%22pro%22%3A0%2C%22ltd%22%3A0%2C%22vltd%22%3A1%7D%2C%225%u5206%u949F%u6025%u901F%u54CD%u5E94%22%3A%7B%22pro%22%3A0%2C%22ltd%22%3A1%2C%22vltd%22%3A1%7D%2C%2230+%u6B3E%u4ED8%u8D39%u63D2%u4EF6%22%3A%7B%22pro%22%3A0%2C%22ltd%22%3A1%2C%22vltd%22%3A1%7D%2C%2220+%u4F01%u4E1A%u7248%u4E13%u4EAB%u529F%u80FD%22%3A%7B%22pro%22%3A0%2C%22ltd%22%3A1%2C%22vltd%22%3A1%7D%2C%221000%u6761%u514D%u8D39%u77ED%u4FE1%28%u5E74%u4ED8%29%22%3A%7B%22pro%22%3A0%2C%22ltd%22%3A1%2C%22vltd%22%3A1%7D%2C%222%u5F20SSL%u5546%u7528%u8BC1%u4E66%28%u5E74%u4ED8%29%22%3A%7B%22pro%22%3A0%2C%22ltd%22%3A1%2C%22vltd%22%3A1%7D%2C%22%u4E13%u4EAB%u4F01%u4E1A%u670D%u52A1%u7FA4%28%u5E74%u4ED8%29%22%3A%7B%22pro%22%3A0%2C%22ltd%22%3A1%2C%22vltd%22%3A1%7D%2C%22WAF%u9632%u706B%u5899%22%3A%7B%22pro%22%3A1%2C%22ltd%22%3A1%2C%22vltd%22%3A1%7D%2C%22%u66F4%u6362%u6388%u6743IP%22%3A%7B%22pro%22%3A1%2C%22ltd%22%3A1%2C%22vltd%22%3A1%7D%2C%22%u5BA2%u670D%u4F18%u5148%u54CD%u5E94%22%3A%7B%22pro%22%3A1%2C%22ltd%22%3A1%2C%22vltd%22%3A1%7D%2C%2215+%u6B3E%u4ED8%u8D39%u63D2%u4EF6%22%3A%7B%22pro%22%3A1%2C%22ltd%22%3A1%2C%22vltd%22%3A1%7D%2C%2215%u5929%u65E0%u7406%u7531%u9000%u6B3E%22%3A%7B%22pro%22%3A1%2C%22ltd%22%3A1%2C%22vltd%22%3A1%7D%7D%7D; load_search=undefined; load_page=1; p5=1; load_type=5; file_recycle_status=true; db_page_model=mysql; backup_path=/www/backup; 6ee004500db39a7b550405578fd99dc1=eef43b85-04e3-49af-89d9-79902e1ea2fb.Id0HycvHaeX8g5XdetHW8lthAyI; 8c0f367431bd489cd5c1f7da4e88dead=32a1487d-263c-4f3b-b664-82f76a7949dc.kYlbhmO--hr_iqxwBnYy6CrGMTw; 479fabe9ab89a92bbf19dc7bc7249214=259a265a-5b57-477f-9129-a719e4769aa6.eIpdgnoYxsAZQrQStk5vT_8c_JI; bt_user_info=%7B%22status%22%3Atrue%2C%22msg%22%3A%22%u83B7%u53D6%u6210%u529F%21%22%2C%22data%22%3A%7B%22username%22%3A%22178****4785%22%7D%7D; rank=list; Path=/www/wwwroot/code/application/index/controller; code-server-session=%24argon2id%24v%3D19%24m%3D65536%2Ct%3D3%2Cp%3D4%24%2F5XgYJRS0I7VnYrR08hNSQ%246qSoQWo56hz1Fw6fDk22%2FT9Po%2FhjNdfMTiJZWPgKVMk',
  'accept-language' => 'zh-CN,zh;q=0.9,en;q=0.8,en-GB;q=0.7,en-US;q=0.6',
  'accept-encoding' => 'gzip, deflate',
  'accept' => 'text/html,application/xhtml+xml,application/xml;q=0.9,image/webp,image/apng,*/*;q=0.8,application/signed-exchange;v=b3;q=0.7',
  'user-agent' => 'Mozilla/5.0 (Windows NT 10.0; Win64; x64) AppleWebKit/537.36 (KHTML, like Gecko) Chrome/119.0.0.0 Safari/537.36 Edg/119.0.0.0',
  'upgrade-insecure-requests' => '1',
  'connection' => 'keep-alive',
  'host' => '10.0.0.242',
  'content-length' => '',
  'content-type' => '',
)
[ info ] [ PARAM ] array (
  'id' => '1',
)
[ info ] [ LANG ] /www/wwwroot/code/public/../application/index/lang/zh-cn.php
[ info ] [ BEHAVIOR ] Run app\common\behavior\Common @module_init [ RunTime:0.006659s ]
[ info ] [ LANG ] /www/wwwroot/code/public/../application/index/lang/zh-cn/index.php
[ info ] [ RUN ] app\index\controller\Index->content[ /www/wwwroot/code/application/index/controller/Index.php ]
[ info ] [ DB ] INIT mysql
[ info ] [ VIEW ] /www/wwwroot/code/public/../application/index/view/index/content.html [ array (
  0 => 'user',
  1 => 'site',
  2 => 'config',
  3 => 'content',
  4 => 'title',
  5 => 'sitename',
  6 => 'secsitename',
  7 => 'message',
) ]
[ info ] [ LOG ] INIT File
[ error ] [8]未定义变量: group[/www/wwwroot/code/runtime/temp/545ebe29516396623ddc0d3fbe1523d8.php:102]
---------------------------------------------------------------
[ 2023-12-04T17:29:47+08:00 ] 10.0.0.19 GET 10.0.0.242/index/index/class
[运行时间：0.167611s] [吞吐率：5.97req/s] [内存消耗：3,528.14kb] [文件加载：72]
[ info ] [ BEHAVIOR ] Run Closure @app_init [ RunTime:0.000359s ]
[ info ] [ CACHE ] INIT File
[ info ] [ BEHAVIOR ] Run Closure @app_init [ RunTime:0.004283s ]
[ info ] [ BEHAVIOR ] Run app\common\behavior\Common @app_init [ RunTime:0.002473s ]
[ info ] [ LANG ] /www/wwwroot/code/thinkphp/lang/zh-cn.php
[ info ] [ BEHAVIOR ] Run app\common\behavior\Common @app_dispatch [ RunTime:0.000120s ]
[ info ] [ ROUTE ] array (
  'type' => 'module',
  'module' => 
  array (
    0 => 'index',
    1 => 'index',
    2 => 'class',
  ),
)
[ info ] [ HEADER ] array (
  'cookie' => 'order=id%20desc; serverType=nginx; pro_end=-1; ltd_end=-1; memSize=11964; sites_path=/www/wwwroot; site_model=php; distribution=ubuntu; force=0; soft_remarks=%7B%22list%22%3A%5B%22%u66F4%u6362%u6388%u6743IP%22%2C%225%u5206%u949F%u6781%u901F%u54CD%u5E94%22%2C%2215%u5929%u65E0%u7406%u7531%u9000%u6B3E%22%2C%2230+%u6B3E%u4ED8%u8D39%u63D2%u4EF6%22%2C%2220+%u4F01%u4E1A%u7248%u4E13%u4EAB%u529F%u80FD%22%2C%221000%u6761%u514D%u8D39%u77ED%u4FE1%uFF08%u5E74%u4ED8%uFF09%22%2C%222%u5F20SSL%u5546%u7528%u8BC1%u4E66%uFF08%u5E74%u4ED8%uFF09%22%2C%22%u4E13%u4EAB%u4F01%u4E1A%u670D%u52A1%u7FA4%uFF08%u5E74%u4ED8%uFF09%22%5D%2C%22pro_list%22%3A%5B%22%u66F4%u6362%u6388%u6743IP%22%2C%22%u5BA2%u670D%u4F18%u5148%u54CD%u5E94%22%2C%2215+%u6B3E%u4ED8%u8D39%u63D2%u4EF6%22%2C%2215%u5929%u65E0%u7406%u7531%u9000%u6B3E%22%2C%22%u5546%u7528%u9632%u706B%u5899%u6388%u6743%22%5D%2C%22kfqq%22%3A%223007255432%22%2C%22kf%22%3A%22http%3A//q.url.cn/CDfQPS%3F_type%3Dwpa%26qidian%3Dtrue%22%2C%22qun%22%3A%22%22%2C%22activity_list%22%3A%5B%22%3Cspan%20style%3D%5C%22color%3A%23D98704%3Bpadding-right%3A10px%5C%22%3E618%u7279%u60E0%u6D3B%u52A8%uFF0C6%u67089%u65E5-%206%u670818%u65E5%uFF0C%u6700%u9AD8%u51CF15000%u5143%3C/span%3E%3Ca%20style%3D%5C%22text-decoration%3Anone%3B%5C%22%20href%3D%5C%22https%3A//www.bt.cn/618%5C%22%20rel%3D%5C%22noreferrer%5C%22%20%20target%3D%5C%22_blank%5C%22%20class%3D%5C%22btlink%5C%22%3E%u70B9%u51FB%u7ACB%u5373%u67E5%u770B%3E%3E%3C/a%3E%22%5D%2C%22kf_list%22%3A%5B%7B%22qq%22%3A%223007255432%22%2C%22kf%22%3A%22http%3A//q.url.cn/CDfQPS%3F_type%3Dwpa%26qidian%3Dtrue%22%7D%2C%7B%22qq%22%3A%222927440070%22%2C%22kf%22%3A%22http%3A//wpa.qq.com/msgrd%3Fv%3D3%26uin%3D2927440070%26site%3Dqq%26menu%3Dyes%26from%3Dmessage%26isappinstalled%3D0%22%7D%5D%2C%22wx_list%22%3A%5B%7B%22ps%22%3A%22%u5728%u7EBF%u5BA2%u670D%22%2C%22kf%22%3A%22https%3A//www.bt.cn/new/wechat_customer%22%7D%5D%2C%22vips_list%22%3A%7B%22%u591A%u5BF9%u4E00%u6280%u672F%u652F%u6301%22%3A%7B%22pro%22%3A0%2C%22ltd%22%3A0%2C%22vltd%22%3A1%7D%2C%22%u5168%u5E745%u6B21%u5B89%u5168%u6392%u67E5%22%3A%7B%22pro%22%3A0%2C%22ltd%22%3A0%2C%22vltd%22%3A1%7D%2C%225%u5206%u949F%u6025%u901F%u54CD%u5E94%22%3A%7B%22pro%22%3A0%2C%22ltd%22%3A1%2C%22vltd%22%3A1%7D%2C%2230+%u6B3E%u4ED8%u8D39%u63D2%u4EF6%22%3A%7B%22pro%22%3A0%2C%22ltd%22%3A1%2C%22vltd%22%3A1%7D%2C%2220+%u4F01%u4E1A%u7248%u4E13%u4EAB%u529F%u80FD%22%3A%7B%22pro%22%3A0%2C%22ltd%22%3A1%2C%22vltd%22%3A1%7D%2C%221000%u6761%u514D%u8D39%u77ED%u4FE1%28%u5E74%u4ED8%29%22%3A%7B%22pro%22%3A0%2C%22ltd%22%3A1%2C%22vltd%22%3A1%7D%2C%222%u5F20SSL%u5546%u7528%u8BC1%u4E66%28%u5E74%u4ED8%29%22%3A%7B%22pro%22%3A0%2C%22ltd%22%3A1%2C%22vltd%22%3A1%7D%2C%22%u4E13%u4EAB%u4F01%u4E1A%u670D%u52A1%u7FA4%28%u5E74%u4ED8%29%22%3A%7B%22pro%22%3A0%2C%22ltd%22%3A1%2C%22vltd%22%3A1%7D%2C%22WAF%u9632%u706B%u5899%22%3A%7B%22pro%22%3A1%2C%22ltd%22%3A1%2C%22vltd%22%3A1%7D%2C%22%u66F4%u6362%u6388%u6743IP%22%3A%7B%22pro%22%3A1%2C%22ltd%22%3A1%2C%22vltd%22%3A1%7D%2C%22%u5BA2%u670D%u4F18%u5148%u54CD%u5E94%22%3A%7B%22pro%22%3A1%2C%22ltd%22%3A1%2C%22vltd%22%3A1%7D%2C%2215+%u6B3E%u4ED8%u8D39%u63D2%u4EF6%22%3A%7B%22pro%22%3A1%2C%22ltd%22%3A1%2C%22vltd%22%3A1%7D%2C%2215%u5929%u65E0%u7406%u7531%u9000%u6B3E%22%3A%7B%22pro%22%3A1%2C%22ltd%22%3A1%2C%22vltd%22%3A1%7D%7D%7D; load_search=undefined; load_page=1; p5=1; load_type=5; file_recycle_status=true; db_page_model=mysql; backup_path=/www/backup; 6ee004500db39a7b550405578fd99dc1=eef43b85-04e3-49af-89d9-79902e1ea2fb.Id0HycvHaeX8g5XdetHW8lthAyI; 8c0f367431bd489cd5c1f7da4e88dead=32a1487d-263c-4f3b-b664-82f76a7949dc.kYlbhmO--hr_iqxwBnYy6CrGMTw; 479fabe9ab89a92bbf19dc7bc7249214=259a265a-5b57-477f-9129-a719e4769aa6.eIpdgnoYxsAZQrQStk5vT_8c_JI; bt_user_info=%7B%22status%22%3Atrue%2C%22msg%22%3A%22%u83B7%u53D6%u6210%u529F%21%22%2C%22data%22%3A%7B%22username%22%3A%22178****4785%22%7D%7D; rank=list; Path=/www/wwwroot/code/application/index/controller; code-server-session=%24argon2id%24v%3D19%24m%3D65536%2Ct%3D3%2Cp%3D4%24%2F5XgYJRS0I7VnYrR08hNSQ%246qSoQWo56hz1Fw6fDk22%2FT9Po%2FhjNdfMTiJZWPgKVMk',
  'accept-language' => 'zh-CN,zh;q=0.9,en;q=0.8,en-GB;q=0.7,en-US;q=0.6',
  'accept-encoding' => 'gzip, deflate',
  'referer' => 'http://10.0.0.242/index/index/content?id=1',
  'accept' => 'text/html,application/xhtml+xml,application/xml;q=0.9,image/webp,image/apng,*/*;q=0.8,application/signed-exchange;v=b3;q=0.7',
  'user-agent' => 'Mozilla/5.0 (Windows NT 10.0; Win64; x64) AppleWebKit/537.36 (KHTML, like Gecko) Chrome/119.0.0.0 Safari/537.36 Edg/119.0.0.0',
  'upgrade-insecure-requests' => '1',
  'connection' => 'keep-alive',
  'host' => '10.0.0.242',
  'content-length' => '',
  'content-type' => '',
)
[ info ] [ PARAM ] array (
)
[ info ] [ LANG ] /www/wwwroot/code/public/../application/index/lang/zh-cn.php
[ info ] [ BEHAVIOR ] Run app\common\behavior\Common @module_init [ RunTime:0.007215s ]
[ info ] [ LANG ] /www/wwwroot/code/public/../application/index/lang/zh-cn/index.php
[ info ] [ RUN ] app\index\controller\Index->class[ /www/wwwroot/code/application/index/controller/Index.php ]
[ info ] [ DB ] INIT mysql
[ info ] [ VIEW ] /www/wwwroot/code/public/../application/index/view/index/class.html [ array (
  0 => 'user',
  1 => 'site',
  2 => 'config',
  3 => 'status',
  4 => 'message',
  5 => 'secsitename',
  6 => 'sitename',
) ]
[ info ] [ LOG ] INIT File
---------------------------------------------------------------
[ 2023-12-04T17:29:49+08:00 ] 10.0.0.19 GET 10.0.0.242/
[运行时间：0.158938s] [吞吐率：6.29req/s] [内存消耗：3,525.63kb] [文件加载：73]
[ info ] [ BEHAVIOR ] Run Closure @app_init [ RunTime:0.000326s ]
[ info ] [ CACHE ] INIT File
[ info ] [ BEHAVIOR ] Run Closure @app_init [ RunTime:0.004368s ]
[ info ] [ BEHAVIOR ] Run app\common\behavior\Common @app_init [ RunTime:0.002530s ]
[ info ] [ LANG ] /www/wwwroot/code/thinkphp/lang/zh-cn.php
[ info ] [ BEHAVIOR ] Run app\common\behavior\Common @app_dispatch [ RunTime:0.000109s ]
[ info ] [ ROUTE ] array (
  'type' => 'module',
  'module' => 
  array (
    0 => '',
    1 => NULL,
    2 => NULL,
  ),
)
[ info ] [ HEADER ] array (
  'cookie' => 'order=id%20desc; serverType=nginx; pro_end=-1; ltd_end=-1; memSize=11964; sites_path=/www/wwwroot; site_model=php; distribution=ubuntu; force=0; soft_remarks=%7B%22list%22%3A%5B%22%u66F4%u6362%u6388%u6743IP%22%2C%225%u5206%u949F%u6781%u901F%u54CD%u5E94%22%2C%2215%u5929%u65E0%u7406%u7531%u9000%u6B3E%22%2C%2230+%u6B3E%u4ED8%u8D39%u63D2%u4EF6%22%2C%2220+%u4F01%u4E1A%u7248%u4E13%u4EAB%u529F%u80FD%22%2C%221000%u6761%u514D%u8D39%u77ED%u4FE1%uFF08%u5E74%u4ED8%uFF09%22%2C%222%u5F20SSL%u5546%u7528%u8BC1%u4E66%uFF08%u5E74%u4ED8%uFF09%22%2C%22%u4E13%u4EAB%u4F01%u4E1A%u670D%u52A1%u7FA4%uFF08%u5E74%u4ED8%uFF09%22%5D%2C%22pro_list%22%3A%5B%22%u66F4%u6362%u6388%u6743IP%22%2C%22%u5BA2%u670D%u4F18%u5148%u54CD%u5E94%22%2C%2215+%u6B3E%u4ED8%u8D39%u63D2%u4EF6%22%2C%2215%u5929%u65E0%u7406%u7531%u9000%u6B3E%22%2C%22%u5546%u7528%u9632%u706B%u5899%u6388%u6743%22%5D%2C%22kfqq%22%3A%223007255432%22%2C%22kf%22%3A%22http%3A//q.url.cn/CDfQPS%3F_type%3Dwpa%26qidian%3Dtrue%22%2C%22qun%22%3A%22%22%2C%22activity_list%22%3A%5B%22%3Cspan%20style%3D%5C%22color%3A%23D98704%3Bpadding-right%3A10px%5C%22%3E618%u7279%u60E0%u6D3B%u52A8%uFF0C6%u67089%u65E5-%206%u670818%u65E5%uFF0C%u6700%u9AD8%u51CF15000%u5143%3C/span%3E%3Ca%20style%3D%5C%22text-decoration%3Anone%3B%5C%22%20href%3D%5C%22https%3A//www.bt.cn/618%5C%22%20rel%3D%5C%22noreferrer%5C%22%20%20target%3D%5C%22_blank%5C%22%20class%3D%5C%22btlink%5C%22%3E%u70B9%u51FB%u7ACB%u5373%u67E5%u770B%3E%3E%3C/a%3E%22%5D%2C%22kf_list%22%3A%5B%7B%22qq%22%3A%223007255432%22%2C%22kf%22%3A%22http%3A//q.url.cn/CDfQPS%3F_type%3Dwpa%26qidian%3Dtrue%22%7D%2C%7B%22qq%22%3A%222927440070%22%2C%22kf%22%3A%22http%3A//wpa.qq.com/msgrd%3Fv%3D3%26uin%3D2927440070%26site%3Dqq%26menu%3Dyes%26from%3Dmessage%26isappinstalled%3D0%22%7D%5D%2C%22wx_list%22%3A%5B%7B%22ps%22%3A%22%u5728%u7EBF%u5BA2%u670D%22%2C%22kf%22%3A%22https%3A//www.bt.cn/new/wechat_customer%22%7D%5D%2C%22vips_list%22%3A%7B%22%u591A%u5BF9%u4E00%u6280%u672F%u652F%u6301%22%3A%7B%22pro%22%3A0%2C%22ltd%22%3A0%2C%22vltd%22%3A1%7D%2C%22%u5168%u5E745%u6B21%u5B89%u5168%u6392%u67E5%22%3A%7B%22pro%22%3A0%2C%22ltd%22%3A0%2C%22vltd%22%3A1%7D%2C%225%u5206%u949F%u6025%u901F%u54CD%u5E94%22%3A%7B%22pro%22%3A0%2C%22ltd%22%3A1%2C%22vltd%22%3A1%7D%2C%2230+%u6B3E%u4ED8%u8D39%u63D2%u4EF6%22%3A%7B%22pro%22%3A0%2C%22ltd%22%3A1%2C%22vltd%22%3A1%7D%2C%2220+%u4F01%u4E1A%u7248%u4E13%u4EAB%u529F%u80FD%22%3A%7B%22pro%22%3A0%2C%22ltd%22%3A1%2C%22vltd%22%3A1%7D%2C%221000%u6761%u514D%u8D39%u77ED%u4FE1%28%u5E74%u4ED8%29%22%3A%7B%22pro%22%3A0%2C%22ltd%22%3A1%2C%22vltd%22%3A1%7D%2C%222%u5F20SSL%u5546%u7528%u8BC1%u4E66%28%u5E74%u4ED8%29%22%3A%7B%22pro%22%3A0%2C%22ltd%22%3A1%2C%22vltd%22%3A1%7D%2C%22%u4E13%u4EAB%u4F01%u4E1A%u670D%u52A1%u7FA4%28%u5E74%u4ED8%29%22%3A%7B%22pro%22%3A0%2C%22ltd%22%3A1%2C%22vltd%22%3A1%7D%2C%22WAF%u9632%u706B%u5899%22%3A%7B%22pro%22%3A1%2C%22ltd%22%3A1%2C%22vltd%22%3A1%7D%2C%22%u66F4%u6362%u6388%u6743IP%22%3A%7B%22pro%22%3A1%2C%22ltd%22%3A1%2C%22vltd%22%3A1%7D%2C%22%u5BA2%u670D%u4F18%u5148%u54CD%u5E94%22%3A%7B%22pro%22%3A1%2C%22ltd%22%3A1%2C%22vltd%22%3A1%7D%2C%2215+%u6B3E%u4ED8%u8D39%u63D2%u4EF6%22%3A%7B%22pro%22%3A1%2C%22ltd%22%3A1%2C%22vltd%22%3A1%7D%2C%2215%u5929%u65E0%u7406%u7531%u9000%u6B3E%22%3A%7B%22pro%22%3A1%2C%22ltd%22%3A1%2C%22vltd%22%3A1%7D%7D%7D; load_search=undefined; load_page=1; p5=1; load_type=5; file_recycle_status=true; db_page_model=mysql; backup_path=/www/backup; 6ee004500db39a7b550405578fd99dc1=eef43b85-04e3-49af-89d9-79902e1ea2fb.Id0HycvHaeX8g5XdetHW8lthAyI; 8c0f367431bd489cd5c1f7da4e88dead=32a1487d-263c-4f3b-b664-82f76a7949dc.kYlbhmO--hr_iqxwBnYy6CrGMTw; 479fabe9ab89a92bbf19dc7bc7249214=259a265a-5b57-477f-9129-a719e4769aa6.eIpdgnoYxsAZQrQStk5vT_8c_JI; bt_user_info=%7B%22status%22%3Atrue%2C%22msg%22%3A%22%u83B7%u53D6%u6210%u529F%21%22%2C%22data%22%3A%7B%22username%22%3A%22178****4785%22%7D%7D; rank=list; Path=/www/wwwroot/code/application/index/controller; code-server-session=%24argon2id%24v%3D19%24m%3D65536%2Ct%3D3%2Cp%3D4%24%2F5XgYJRS0I7VnYrR08hNSQ%246qSoQWo56hz1Fw6fDk22%2FT9Po%2FhjNdfMTiJZWPgKVMk',
  'accept-language' => 'zh-CN,zh;q=0.9,en;q=0.8,en-GB;q=0.7,en-US;q=0.6',
  'accept-encoding' => 'gzip, deflate',
  'referer' => 'http://10.0.0.242/index/index/class',
  'accept' => 'text/html,application/xhtml+xml,application/xml;q=0.9,image/webp,image/apng,*/*;q=0.8,application/signed-exchange;v=b3;q=0.7',
  'user-agent' => 'Mozilla/5.0 (Windows NT 10.0; Win64; x64) AppleWebKit/537.36 (KHTML, like Gecko) Chrome/119.0.0.0 Safari/537.36 Edg/119.0.0.0',
  'upgrade-insecure-requests' => '1',
  'connection' => 'keep-alive',
  'host' => '10.0.0.242',
  'content-length' => '',
  'content-type' => '',
)
[ info ] [ PARAM ] array (
)
[ info ] [ LANG ] /www/wwwroot/code/public/../application/index/lang/zh-cn.php
[ info ] [ BEHAVIOR ] Run app\common\behavior\Common @module_init [ RunTime:0.005740s ]
[ info ] [ LANG ] /www/wwwroot/code/public/../application/index/lang/zh-cn/index.php
[ info ] [ RUN ] app\index\controller\Index->index[ /www/wwwroot/code/application/index/controller/Index.php ]
[ info ] [ DB ] INIT mysql
[ info ] [ VIEW ] /www/wwwroot/code/public/../application/index/view/index/index.html [ array (
  0 => 'user',
  1 => 'site',
  2 => 'config',
  3 => 'sitename',
  4 => 'secsitename',
  5 => 'message',
) ]
[ info ] [ LOG ] INIT File
