---------------------------------------------------------------
[ 2024-04-03T01:32:42+08:00 ] 23.251.41.71 GET wuliji01.xiaozmax.top:6789/
[运行时间：0.073679s] [吞吐率：13.57req/s] [内存消耗：3,541.78kb] [文件加载：76]
[ info ] [ BEHAVIOR ] Run Closure @app_init [ RunTime:0.000091s ]
[ info ] [ CACHE ] INIT File
[ info ] [ BEHAVIOR ] Run Closure @app_init [ RunTime:0.002362s ]
[ info ] [ BEHAVIOR ] Run app\common\behavior\Common @app_init [ RunTime:0.000926s ]
[ info ] [ LANG ] /www/wwwroot/code/thinkphp/lang/zh-cn.php
[ info ] [ BEHAVIOR ] Run app\common\behavior\Common @app_dispatch [ RunTime:0.000059s ]
[ info ] [ ROUTE ] array (
  'type' => 'module',
  'module' => 
  array (
    0 => '',
    1 => NULL,
    2 => NULL,
  ),
)
[ info ] [ HEADER ] array (
  'accept-encoding' => 'gzip',
  'accept' => '*/*',
  'user-agent' => 'Mozilla/5.0 (iPhone; CPU iPhone OS 12_1_4 like Mac OS X) AppleWebKit/605.1.15 (KHTML, like Gecko) Mobile/16D57 MicroMessenger/7.0.3(0x17000321) NetType/WIFI Language/zh_CN',
  'host' => 'wuliji01.xiaozmax.top:6789',
  'content-length' => '',
  'content-type' => '',
)
[ info ] [ PARAM ] array (
)
[ info ] [ LANG ] /www/wwwroot/code/public/../application/index/lang/zh-cn.php
[ info ] [ BEHAVIOR ] Run app\common\behavior\Common @module_init [ RunTime:0.002423s ]
[ info ] [ BEHAVIOR ] Run \addons\ueditor\Ueditor @config_init [ RunTime:0.000206s ]
[ info ] [ LANG ] /www/wwwroot/code/public/../application/index/lang/zh-cn/index.php
[ info ] [ RUN ] app\index\controller\Index->index[ /www/wwwroot/code/application/index/controller/Index.php ]
[ info ] [ SESSION ] INIT array (
  'id' => '',
  'var_session_id' => '',
  'prefix' => 'think',
  'type' => '',
  'auto_start' => true,
)
[ info ] [ DB ] INIT mysql
[ info ] [ VIEW ] /www/wwwroot/code/public/../application/index/view/index/index.html [ array (
  0 => 'user',
  1 => 'site',
  2 => 'config',
  3 => 'sitename',
  4 => 'secsitename',
  5 => 'message',
) ]
[ info ] [ LOG ] INIT File
---------------------------------------------------------------
[ 2024-04-03T17:47:23+08:00 ] 10.0.0.9 GET 10.0.0.36/index/teaching/signinnow?signin_id=1
[运行时间：0.255459s] [吞吐率：3.91req/s] [内存消耗：3,888.27kb] [文件加载：78]
[ info ] [ BEHAVIOR ] Run Closure @app_init [ RunTime:0.015414s ]
[ info ] [ CACHE ] INIT File
[ info ] [ BEHAVIOR ] Run Closure @app_init [ RunTime:0.008992s ]
[ info ] [ BEHAVIOR ] Run app\common\behavior\Common @app_init [ RunTime:0.002984s ]
[ info ] [ LANG ] /www/wwwroot/code/thinkphp/lang/zh-cn.php
[ info ] [ BEHAVIOR ] Run app\common\behavior\Common @app_dispatch [ RunTime:0.000066s ]
[ info ] [ ROUTE ] array (
  'type' => 'module',
  'module' => 
  array (
    0 => 'index',
    1 => 'teaching',
    2 => 'signinnow',
  ),
)
[ info ] [ HEADER ] array (
  'cookie' => 'order=id%20desc; serverType=nginx; pro_end=-1; ltd_end=-1; sites_path=/www/wwwroot; force=0; p-1=1; load_page=1; 96a309293ecde5a4989ea3c21c27f9c6=da789d08-dc58-4c88-9b29-8f5610afbc60.MX3tiD7XpFuRgDgfpl8YcStNNNM; site_model=php; bt_user_info=%7B%22status%22%3Atrue%2C%22msg%22%3A%22%u83B7%u53D6%u6210%u529F%21%22%2C%22data%22%3A%7B%22username%22%3A%22178****4785%22%7D%7D; rank=list; file_recycle_status=true; soft_remarks=%7B%22list%22%3A%5B%22%u66F4%u6362%u6388%u6743IP%22%2C%225%u5206%u949F%u6781%u901F%u54CD%u5E94%22%2C%2215%u5929%u65E0%u7406%u7531%u9000%u6B3E%22%2C%2230+%u6B3E%u4ED8%u8D39%u63D2%u4EF6%22%2C%2220+%u4F01%u4E1A%u7248%u4E13%u4EAB%u529F%u80FD%22%2C%221000%u6761%u514D%u8D39%u77ED%u4FE1%uFF08%u5E74%u4ED8%uFF09%22%2C%222%u5F20SSL%u5546%u7528%u8BC1%u4E66%uFF08%u5E74%u4ED8%uFF09%22%2C%22%u4E13%u4EAB%u4F01%u4E1A%u670D%u52A1%u7FA4%uFF08%u5E74%u4ED8%uFF09%22%5D%2C%22pro_list%22%3A%5B%22%u66F4%u6362%u6388%u6743IP%22%2C%22%u5BA2%u670D%u4F18%u5148%u54CD%u5E94%22%2C%2215+%u6B3E%u4ED8%u8D39%u63D2%u4EF6%22%2C%2215%u5929%u65E0%u7406%u7531%u9000%u6B3E%22%2C%22%u5546%u7528%u9632%u706B%u5899%u6388%u6743%22%5D%2C%22kfqq%22%3A%223007255432%22%2C%22kf%22%3A%22http%3A//q.url.cn/CDfQPS%3F_type%3Dwpa%26qidian%3Dtrue%22%2C%22qun%22%3A%22%22%2C%22activity_list%22%3A%5B%22%3Cspan%20style%3D%5C%22color%3A%23D98704%3Bpadding-right%3A10px%5C%22%3E618%u7279%u60E0%u6D3B%u52A8%uFF0C6%u67089%u65E5-%206%u670818%u65E5%uFF0C%u6700%u9AD8%u51CF15000%u5143%3C/span%3E%3Ca%20style%3D%5C%22text-decoration%3Anone%3B%5C%22%20href%3D%5C%22https%3A//www.bt.cn/618%5C%22%20rel%3D%5C%22noreferrer%5C%22%20%20target%3D%5C%22_blank%5C%22%20class%3D%5C%22btlink%5C%22%3E%u70B9%u51FB%u7ACB%u5373%u67E5%u770B%3E%3E%3C/a%3E%22%5D%2C%22kf_list%22%3A%5B%7B%22qq%22%3A%223007255432%22%2C%22kf%22%3A%22http%3A//q.url.cn/CDfQPS%3F_type%3Dwpa%26qidian%3Dtrue%22%7D%2C%7B%22qq%22%3A%222927440070%22%2C%22kf%22%3A%22http%3A//wpa.qq.com/msgrd%3Fv%3D3%26uin%3D2927440070%26site%3Dqq%26menu%3Dyes%26from%3Dmessage%26isappinstalled%3D0%22%7D%5D%2C%22wx_list%22%3A%5B%7B%22ps%22%3A%22%u5728%u7EBF%u5BA2%u670D%22%2C%22kf%22%3A%22https%3A//www.bt.cn/new/wechat_customer%22%7D%5D%2C%22vips_list%22%3A%7B%22%u591A%u5BF9%u4E00%u6280%u672F%u652F%u6301%22%3A%7B%22pro%22%3A0%2C%22ltd%22%3A0%2C%22vltd%22%3A1%7D%2C%22%u5168%u5E745%u6B21%u5B89%u5168%u6392%u67E5%22%3A%7B%22pro%22%3A0%2C%22ltd%22%3A0%2C%22vltd%22%3A1%7D%2C%225%u5206%u949F%u6025%u901F%u54CD%u5E94%22%3A%7B%22pro%22%3A0%2C%22ltd%22%3A1%2C%22vltd%22%3A1%7D%2C%2230+%u6B3E%u4ED8%u8D39%u63D2%u4EF6%22%3A%7B%22pro%22%3A0%2C%22ltd%22%3A1%2C%22vltd%22%3A1%7D%2C%2220+%u4F01%u4E1A%u7248%u4E13%u4EAB%u529F%u80FD%22%3A%7B%22pro%22%3A0%2C%22ltd%22%3A1%2C%22vltd%22%3A1%7D%2C%221000%u6761%u514D%u8D39%u77ED%u4FE1%28%u5E74%u4ED8%29%22%3A%7B%22pro%22%3A0%2C%22ltd%22%3A1%2C%22vltd%22%3A1%7D%2C%222%u5F20SSL%u5546%u7528%u8BC1%u4E66%28%u5E74%u4ED8%29%22%3A%7B%22pro%22%3A0%2C%22ltd%22%3A1%2C%22vltd%22%3A1%7D%2C%22%u4E13%u4EAB%u4F01%u4E1A%u670D%u52A1%u7FA4%28%u5E74%u4ED8%29%22%3A%7B%22pro%22%3A0%2C%22ltd%22%3A1%2C%22vltd%22%3A1%7D%2C%22WAF%u9632%u706B%u5899%22%3A%7B%22pro%22%3A1%2C%22ltd%22%3A1%2C%22vltd%22%3A1%7D%2C%22%u66F4%u6362%u6388%u6743IP%22%3A%7B%22pro%22%3A1%2C%22ltd%22%3A1%2C%22vltd%22%3A1%7D%2C%22%u5BA2%u670D%u4F18%u5148%u54CD%u5E94%22%3A%7B%22pro%22%3A1%2C%22ltd%22%3A1%2C%22vltd%22%3A1%7D%2C%2215+%u6B3E%u4ED8%u8D39%u63D2%u4EF6%22%3A%7B%22pro%22%3A1%2C%22ltd%22%3A1%2C%22vltd%22%3A1%7D%2C%2215%u5929%u65E0%u7406%u7531%u9000%u6B3E%22%3A%7B%22pro%22%3A1%2C%22ltd%22%3A1%2C%22vltd%22%3A1%7D%7D%7D; p0=1; SetName=; ChangePath=28; db_page_model=mysql; backup_path=/www/backup; uid=7; token=80ea3801-35aa-43d7-8d24-65ea74b05763; p5=1; is_install=true; commandInputViewUUID=jTc5N8NpWbYJfAZ; yunzhitecnuid=7; yunzhitecntoken=aed04d30-f619-40e8-b578-4db273dc5d52; diskPath=/; taskStatus=true; site_type=0; record_paste_type=null; PHPSESSID=ht7c926u79f5c9oq1htm7spt42; code-server-session=%24argon2id%24v%3D19%24m%3D65536%2Ct%3D3%2Cp%3D4%24nwcuNwVT5%2Bmh7Qjj4t%2BciA%24QEOP4QEy7ty8QrAk1CghzQzvKCuNvPOZOCio3CIdXiY; 09c41e670af26b64907bdcc89aed7864=be7d581d-d35b-4513-96b4-988f12c3ec23.HlwB9aflC1JtHFCR6HTEk2ljKcM; files_sort=name; name_reverse=False; distribution=ubuntu; load_search=undefined; softType=-1; load_type=-1; Path=/www/wwwroot/code/application',
  'accept-language' => 'zh-CN,zh;q=0.9,en;q=0.8,en-GB;q=0.7,en-US;q=0.6',
  'accept-encoding' => 'gzip, deflate',
  'accept' => 'text/html,application/xhtml+xml,application/xml;q=0.9,image/avif,image/webp,image/apng,*/*;q=0.8,application/signed-exchange;v=b3;q=0.7',
  'user-agent' => 'Mozilla/5.0 (Windows NT 10.0; Win64; x64) AppleWebKit/537.36 (KHTML, like Gecko) Chrome/122.0.0.0 Safari/537.36 Edg/122.0.0.0',
  'upgrade-insecure-requests' => '1',
  'cache-control' => 'max-age=0',
  'connection' => 'keep-alive',
  'host' => '10.0.0.36',
  'content-length' => '',
  'content-type' => '',
)
[ info ] [ PARAM ] array (
  'signin_id' => '1',
)
[ info ] [ LANG ] /www/wwwroot/code/public/../application/index/lang/zh-cn.php
[ info ] [ BEHAVIOR ] Run app\common\behavior\Common @module_init [ RunTime:0.006801s ]
[ info ] [ TOKEN ] INIT Mysql
[ info ] [ DB ] INIT mysql
[ info ] [ BEHAVIOR ] Run \addons\ueditor\Ueditor @config_init [ RunTime:0.000543s ]
[ info ] [ RUN ] app\index\controller\Teaching->signinnow[ /www/wwwroot/code/application/index/controller/Teaching.php ]
[ info ] [ VIEW ] /www/wwwroot/code/public/../application/index/view/teaching/signinnow.html [ array (
  0 => 'user',
  1 => 'site',
  2 => 'config',
  3 => 'title',
  4 => 'can_signin',
  5 => 'signin_name',
  6 => 'start_time',
  7 => 'end_time',
  8 => 'signin_type',
  9 => 'user_type',
) ]
[ info ] [ LOG ] INIT File
---------------------------------------------------------------
[ 2024-04-03T17:47:24+08:00 ] 10.0.0.9 GET 10.0.0.36/index/ajax/lang?callback=define&controllername=teaching&lang=zh-cn&v=1712137642&v=1712137642
[运行时间：0.106594s] [吞吐率：9.38req/s] [内存消耗：3,671.66kb] [文件加载：79]
[ info ] [ BEHAVIOR ] Run Closure @app_init [ RunTime:0.000142s ]
[ info ] [ CACHE ] INIT File
[ info ] [ BEHAVIOR ] Run Closure @app_init [ RunTime:0.002137s ]
[ info ] [ BEHAVIOR ] Run app\common\behavior\Common @app_init [ RunTime:0.000827s ]
[ info ] [ LANG ] /www/wwwroot/code/thinkphp/lang/zh-cn.php
[ info ] [ BEHAVIOR ] Run app\common\behavior\Common @app_dispatch [ RunTime:0.000049s ]
[ info ] [ ROUTE ] array (
  'type' => 'module',
  'module' => 
  array (
    0 => 'index',
    1 => 'ajax',
    2 => 'lang',
  ),
)
[ info ] [ HEADER ] array (
  'cookie' => 'order=id%20desc; serverType=nginx; pro_end=-1; ltd_end=-1; sites_path=/www/wwwroot; force=0; p-1=1; load_page=1; 96a309293ecde5a4989ea3c21c27f9c6=da789d08-dc58-4c88-9b29-8f5610afbc60.MX3tiD7XpFuRgDgfpl8YcStNNNM; site_model=php; bt_user_info=%7B%22status%22%3Atrue%2C%22msg%22%3A%22%u83B7%u53D6%u6210%u529F%21%22%2C%22data%22%3A%7B%22username%22%3A%22178****4785%22%7D%7D; rank=list; file_recycle_status=true; soft_remarks=%7B%22list%22%3A%5B%22%u66F4%u6362%u6388%u6743IP%22%2C%225%u5206%u949F%u6781%u901F%u54CD%u5E94%22%2C%2215%u5929%u65E0%u7406%u7531%u9000%u6B3E%22%2C%2230+%u6B3E%u4ED8%u8D39%u63D2%u4EF6%22%2C%2220+%u4F01%u4E1A%u7248%u4E13%u4EAB%u529F%u80FD%22%2C%221000%u6761%u514D%u8D39%u77ED%u4FE1%uFF08%u5E74%u4ED8%uFF09%22%2C%222%u5F20SSL%u5546%u7528%u8BC1%u4E66%uFF08%u5E74%u4ED8%uFF09%22%2C%22%u4E13%u4EAB%u4F01%u4E1A%u670D%u52A1%u7FA4%uFF08%u5E74%u4ED8%uFF09%22%5D%2C%22pro_list%22%3A%5B%22%u66F4%u6362%u6388%u6743IP%22%2C%22%u5BA2%u670D%u4F18%u5148%u54CD%u5E94%22%2C%2215+%u6B3E%u4ED8%u8D39%u63D2%u4EF6%22%2C%2215%u5929%u65E0%u7406%u7531%u9000%u6B3E%22%2C%22%u5546%u7528%u9632%u706B%u5899%u6388%u6743%22%5D%2C%22kfqq%22%3A%223007255432%22%2C%22kf%22%3A%22http%3A//q.url.cn/CDfQPS%3F_type%3Dwpa%26qidian%3Dtrue%22%2C%22qun%22%3A%22%22%2C%22activity_list%22%3A%5B%22%3Cspan%20style%3D%5C%22color%3A%23D98704%3Bpadding-right%3A10px%5C%22%3E618%u7279%u60E0%u6D3B%u52A8%uFF0C6%u67089%u65E5-%206%u670818%u65E5%uFF0C%u6700%u9AD8%u51CF15000%u5143%3C/span%3E%3Ca%20style%3D%5C%22text-decoration%3Anone%3B%5C%22%20href%3D%5C%22https%3A//www.bt.cn/618%5C%22%20rel%3D%5C%22noreferrer%5C%22%20%20target%3D%5C%22_blank%5C%22%20class%3D%5C%22btlink%5C%22%3E%u70B9%u51FB%u7ACB%u5373%u67E5%u770B%3E%3E%3C/a%3E%22%5D%2C%22kf_list%22%3A%5B%7B%22qq%22%3A%223007255432%22%2C%22kf%22%3A%22http%3A//q.url.cn/CDfQPS%3F_type%3Dwpa%26qidian%3Dtrue%22%7D%2C%7B%22qq%22%3A%222927440070%22%2C%22kf%22%3A%22http%3A//wpa.qq.com/msgrd%3Fv%3D3%26uin%3D2927440070%26site%3Dqq%26menu%3Dyes%26from%3Dmessage%26isappinstalled%3D0%22%7D%5D%2C%22wx_list%22%3A%5B%7B%22ps%22%3A%22%u5728%u7EBF%u5BA2%u670D%22%2C%22kf%22%3A%22https%3A//www.bt.cn/new/wechat_customer%22%7D%5D%2C%22vips_list%22%3A%7B%22%u591A%u5BF9%u4E00%u6280%u672F%u652F%u6301%22%3A%7B%22pro%22%3A0%2C%22ltd%22%3A0%2C%22vltd%22%3A1%7D%2C%22%u5168%u5E745%u6B21%u5B89%u5168%u6392%u67E5%22%3A%7B%22pro%22%3A0%2C%22ltd%22%3A0%2C%22vltd%22%3A1%7D%2C%225%u5206%u949F%u6025%u901F%u54CD%u5E94%22%3A%7B%22pro%22%3A0%2C%22ltd%22%3A1%2C%22vltd%22%3A1%7D%2C%2230+%u6B3E%u4ED8%u8D39%u63D2%u4EF6%22%3A%7B%22pro%22%3A0%2C%22ltd%22%3A1%2C%22vltd%22%3A1%7D%2C%2220+%u4F01%u4E1A%u7248%u4E13%u4EAB%u529F%u80FD%22%3A%7B%22pro%22%3A0%2C%22ltd%22%3A1%2C%22vltd%22%3A1%7D%2C%221000%u6761%u514D%u8D39%u77ED%u4FE1%28%u5E74%u4ED8%29%22%3A%7B%22pro%22%3A0%2C%22ltd%22%3A1%2C%22vltd%22%3A1%7D%2C%222%u5F20SSL%u5546%u7528%u8BC1%u4E66%28%u5E74%u4ED8%29%22%3A%7B%22pro%22%3A0%2C%22ltd%22%3A1%2C%22vltd%22%3A1%7D%2C%22%u4E13%u4EAB%u4F01%u4E1A%u670D%u52A1%u7FA4%28%u5E74%u4ED8%29%22%3A%7B%22pro%22%3A0%2C%22ltd%22%3A1%2C%22vltd%22%3A1%7D%2C%22WAF%u9632%u706B%u5899%22%3A%7B%22pro%22%3A1%2C%22ltd%22%3A1%2C%22vltd%22%3A1%7D%2C%22%u66F4%u6362%u6388%u6743IP%22%3A%7B%22pro%22%3A1%2C%22ltd%22%3A1%2C%22vltd%22%3A1%7D%2C%22%u5BA2%u670D%u4F18%u5148%u54CD%u5E94%22%3A%7B%22pro%22%3A1%2C%22ltd%22%3A1%2C%22vltd%22%3A1%7D%2C%2215+%u6B3E%u4ED8%u8D39%u63D2%u4EF6%22%3A%7B%22pro%22%3A1%2C%22ltd%22%3A1%2C%22vltd%22%3A1%7D%2C%2215%u5929%u65E0%u7406%u7531%u9000%u6B3E%22%3A%7B%22pro%22%3A1%2C%22ltd%22%3A1%2C%22vltd%22%3A1%7D%7D%7D; p0=1; SetName=; ChangePath=28; db_page_model=mysql; backup_path=/www/backup; uid=7; token=80ea3801-35aa-43d7-8d24-65ea74b05763; p5=1; is_install=true; commandInputViewUUID=jTc5N8NpWbYJfAZ; yunzhitecnuid=7; yunzhitecntoken=aed04d30-f619-40e8-b578-4db273dc5d52; diskPath=/; taskStatus=true; site_type=0; record_paste_type=null; PHPSESSID=ht7c926u79f5c9oq1htm7spt42; code-server-session=%24argon2id%24v%3D19%24m%3D65536%2Ct%3D3%2Cp%3D4%24nwcuNwVT5%2Bmh7Qjj4t%2BciA%24QEOP4QEy7ty8QrAk1CghzQzvKCuNvPOZOCio3CIdXiY; 09c41e670af26b64907bdcc89aed7864=be7d581d-d35b-4513-96b4-988f12c3ec23.HlwB9aflC1JtHFCR6HTEk2ljKcM; files_sort=name; name_reverse=False; distribution=ubuntu; load_search=undefined; softType=-1; load_type=-1; Path=/www/wwwroot/code/application',
  'accept-language' => 'zh-CN,zh;q=0.9,en;q=0.8,en-GB;q=0.7,en-US;q=0.6',
  'accept-encoding' => 'gzip, deflate',
  'referer' => 'http://10.0.0.36/index/teaching/signinnow?signin_id=1',
  'accept' => '*/*',
  'user-agent' => 'Mozilla/5.0 (Windows NT 10.0; Win64; x64) AppleWebKit/537.36 (KHTML, like Gecko) Chrome/122.0.0.0 Safari/537.36 Edg/122.0.0.0',
  'connection' => 'keep-alive',
  'host' => '10.0.0.36',
  'content-length' => '',
  'content-type' => '',
)
[ info ] [ PARAM ] array (
  'callback' => 'define',
  'controllername' => 'teaching',
  'lang' => 'zh-cn',
  'v' => '1712137642',
)
[ info ] [ LANG ] /www/wwwroot/code/public/../application/index/lang/zh-cn.php
[ info ] [ BEHAVIOR ] Run app\common\behavior\Common @module_init [ RunTime:0.002443s ]
[ info ] [ TOKEN ] INIT Mysql
[ info ] [ DB ] INIT mysql
[ info ] [ BEHAVIOR ] Run \addons\ueditor\Ueditor @config_init [ RunTime:0.000158s ]
[ info ] [ LANG ] /www/wwwroot/code/public/../application/index/lang/zh-cn/ajax.php
[ info ] [ RUN ] app\index\controller\Ajax->lang[ /www/wwwroot/code/application/index/controller/Ajax.php ]
[ info ] [ LOG ] INIT File
---------------------------------------------------------------
[ 2024-04-03T18:52:07+08:00 ] 10.0.0.9 GET 10.0.0.36/index/teaching/signinnow?signin_id=1
[运行时间：0.258107s] [吞吐率：3.87req/s] [内存消耗：3,888.20kb] [文件加载：78]
[ info ] [ BEHAVIOR ] Run Closure @app_init [ RunTime:0.015795s ]
[ info ] [ CACHE ] INIT File
[ info ] [ BEHAVIOR ] Run Closure @app_init [ RunTime:0.008709s ]
[ info ] [ BEHAVIOR ] Run app\common\behavior\Common @app_init [ RunTime:0.003165s ]
[ info ] [ LANG ] /www/wwwroot/code/thinkphp/lang/zh-cn.php
[ info ] [ BEHAVIOR ] Run app\common\behavior\Common @app_dispatch [ RunTime:0.000111s ]
[ info ] [ ROUTE ] array (
  'type' => 'module',
  'module' => 
  array (
    0 => 'index',
    1 => 'teaching',
    2 => 'signinnow',
  ),
)
[ info ] [ HEADER ] array (
  'cookie' => 'order=id%20desc; serverType=nginx; pro_end=-1; ltd_end=-1; sites_path=/www/wwwroot; force=0; p-1=1; load_page=1; 96a309293ecde5a4989ea3c21c27f9c6=da789d08-dc58-4c88-9b29-8f5610afbc60.MX3tiD7XpFuRgDgfpl8YcStNNNM; site_model=php; bt_user_info=%7B%22status%22%3Atrue%2C%22msg%22%3A%22%u83B7%u53D6%u6210%u529F%21%22%2C%22data%22%3A%7B%22username%22%3A%22178****4785%22%7D%7D; rank=list; file_recycle_status=true; soft_remarks=%7B%22list%22%3A%5B%22%u66F4%u6362%u6388%u6743IP%22%2C%225%u5206%u949F%u6781%u901F%u54CD%u5E94%22%2C%2215%u5929%u65E0%u7406%u7531%u9000%u6B3E%22%2C%2230+%u6B3E%u4ED8%u8D39%u63D2%u4EF6%22%2C%2220+%u4F01%u4E1A%u7248%u4E13%u4EAB%u529F%u80FD%22%2C%221000%u6761%u514D%u8D39%u77ED%u4FE1%uFF08%u5E74%u4ED8%uFF09%22%2C%222%u5F20SSL%u5546%u7528%u8BC1%u4E66%uFF08%u5E74%u4ED8%uFF09%22%2C%22%u4E13%u4EAB%u4F01%u4E1A%u670D%u52A1%u7FA4%uFF08%u5E74%u4ED8%uFF09%22%5D%2C%22pro_list%22%3A%5B%22%u66F4%u6362%u6388%u6743IP%22%2C%22%u5BA2%u670D%u4F18%u5148%u54CD%u5E94%22%2C%2215+%u6B3E%u4ED8%u8D39%u63D2%u4EF6%22%2C%2215%u5929%u65E0%u7406%u7531%u9000%u6B3E%22%2C%22%u5546%u7528%u9632%u706B%u5899%u6388%u6743%22%5D%2C%22kfqq%22%3A%223007255432%22%2C%22kf%22%3A%22http%3A//q.url.cn/CDfQPS%3F_type%3Dwpa%26qidian%3Dtrue%22%2C%22qun%22%3A%22%22%2C%22activity_list%22%3A%5B%22%3Cspan%20style%3D%5C%22color%3A%23D98704%3Bpadding-right%3A10px%5C%22%3E618%u7279%u60E0%u6D3B%u52A8%uFF0C6%u67089%u65E5-%206%u670818%u65E5%uFF0C%u6700%u9AD8%u51CF15000%u5143%3C/span%3E%3Ca%20style%3D%5C%22text-decoration%3Anone%3B%5C%22%20href%3D%5C%22https%3A//www.bt.cn/618%5C%22%20rel%3D%5C%22noreferrer%5C%22%20%20target%3D%5C%22_blank%5C%22%20class%3D%5C%22btlink%5C%22%3E%u70B9%u51FB%u7ACB%u5373%u67E5%u770B%3E%3E%3C/a%3E%22%5D%2C%22kf_list%22%3A%5B%7B%22qq%22%3A%223007255432%22%2C%22kf%22%3A%22http%3A//q.url.cn/CDfQPS%3F_type%3Dwpa%26qidian%3Dtrue%22%7D%2C%7B%22qq%22%3A%222927440070%22%2C%22kf%22%3A%22http%3A//wpa.qq.com/msgrd%3Fv%3D3%26uin%3D2927440070%26site%3Dqq%26menu%3Dyes%26from%3Dmessage%26isappinstalled%3D0%22%7D%5D%2C%22wx_list%22%3A%5B%7B%22ps%22%3A%22%u5728%u7EBF%u5BA2%u670D%22%2C%22kf%22%3A%22https%3A//www.bt.cn/new/wechat_customer%22%7D%5D%2C%22vips_list%22%3A%7B%22%u591A%u5BF9%u4E00%u6280%u672F%u652F%u6301%22%3A%7B%22pro%22%3A0%2C%22ltd%22%3A0%2C%22vltd%22%3A1%7D%2C%22%u5168%u5E745%u6B21%u5B89%u5168%u6392%u67E5%22%3A%7B%22pro%22%3A0%2C%22ltd%22%3A0%2C%22vltd%22%3A1%7D%2C%225%u5206%u949F%u6025%u901F%u54CD%u5E94%22%3A%7B%22pro%22%3A0%2C%22ltd%22%3A1%2C%22vltd%22%3A1%7D%2C%2230+%u6B3E%u4ED8%u8D39%u63D2%u4EF6%22%3A%7B%22pro%22%3A0%2C%22ltd%22%3A1%2C%22vltd%22%3A1%7D%2C%2220+%u4F01%u4E1A%u7248%u4E13%u4EAB%u529F%u80FD%22%3A%7B%22pro%22%3A0%2C%22ltd%22%3A1%2C%22vltd%22%3A1%7D%2C%221000%u6761%u514D%u8D39%u77ED%u4FE1%28%u5E74%u4ED8%29%22%3A%7B%22pro%22%3A0%2C%22ltd%22%3A1%2C%22vltd%22%3A1%7D%2C%222%u5F20SSL%u5546%u7528%u8BC1%u4E66%28%u5E74%u4ED8%29%22%3A%7B%22pro%22%3A0%2C%22ltd%22%3A1%2C%22vltd%22%3A1%7D%2C%22%u4E13%u4EAB%u4F01%u4E1A%u670D%u52A1%u7FA4%28%u5E74%u4ED8%29%22%3A%7B%22pro%22%3A0%2C%22ltd%22%3A1%2C%22vltd%22%3A1%7D%2C%22WAF%u9632%u706B%u5899%22%3A%7B%22pro%22%3A1%2C%22ltd%22%3A1%2C%22vltd%22%3A1%7D%2C%22%u66F4%u6362%u6388%u6743IP%22%3A%7B%22pro%22%3A1%2C%22ltd%22%3A1%2C%22vltd%22%3A1%7D%2C%22%u5BA2%u670D%u4F18%u5148%u54CD%u5E94%22%3A%7B%22pro%22%3A1%2C%22ltd%22%3A1%2C%22vltd%22%3A1%7D%2C%2215+%u6B3E%u4ED8%u8D39%u63D2%u4EF6%22%3A%7B%22pro%22%3A1%2C%22ltd%22%3A1%2C%22vltd%22%3A1%7D%2C%2215%u5929%u65E0%u7406%u7531%u9000%u6B3E%22%3A%7B%22pro%22%3A1%2C%22ltd%22%3A1%2C%22vltd%22%3A1%7D%7D%7D; p0=1; SetName=; ChangePath=28; db_page_model=mysql; backup_path=/www/backup; uid=7; token=80ea3801-35aa-43d7-8d24-65ea74b05763; p5=1; is_install=true; commandInputViewUUID=jTc5N8NpWbYJfAZ; yunzhitecnuid=7; yunzhitecntoken=aed04d30-f619-40e8-b578-4db273dc5d52; diskPath=/; taskStatus=true; site_type=0; record_paste_type=null; PHPSESSID=ht7c926u79f5c9oq1htm7spt42; code-server-session=%24argon2id%24v%3D19%24m%3D65536%2Ct%3D3%2Cp%3D4%24nwcuNwVT5%2Bmh7Qjj4t%2BciA%24QEOP4QEy7ty8QrAk1CghzQzvKCuNvPOZOCio3CIdXiY; 09c41e670af26b64907bdcc89aed7864=be7d581d-d35b-4513-96b4-988f12c3ec23.HlwB9aflC1JtHFCR6HTEk2ljKcM; files_sort=name; name_reverse=False; distribution=ubuntu; load_search=undefined; softType=-1; load_type=-1; Path=/www/wwwroot/code/application',
  'accept-language' => 'zh-CN,zh;q=0.9,en;q=0.8,en-GB;q=0.7,en-US;q=0.6',
  'accept-encoding' => 'gzip, deflate',
  'accept' => 'text/html,application/xhtml+xml,application/xml;q=0.9,image/avif,image/webp,image/apng,*/*;q=0.8,application/signed-exchange;v=b3;q=0.7',
  'user-agent' => 'Mozilla/5.0 (Windows NT 10.0; Win64; x64) AppleWebKit/537.36 (KHTML, like Gecko) Chrome/122.0.0.0 Safari/537.36 Edg/122.0.0.0',
  'upgrade-insecure-requests' => '1',
  'connection' => 'keep-alive',
  'host' => '10.0.0.36',
  'content-length' => '',
  'content-type' => '',
)
[ info ] [ PARAM ] array (
  'signin_id' => '1',
)
[ info ] [ LANG ] /www/wwwroot/code/public/../application/index/lang/zh-cn.php
[ info ] [ BEHAVIOR ] Run app\common\behavior\Common @module_init [ RunTime:0.004321s ]
[ info ] [ TOKEN ] INIT Mysql
[ info ] [ DB ] INIT mysql
[ info ] [ BEHAVIOR ] Run \addons\ueditor\Ueditor @config_init [ RunTime:0.000663s ]
[ info ] [ RUN ] app\index\controller\Teaching->signinnow[ /www/wwwroot/code/application/index/controller/Teaching.php ]
[ info ] [ VIEW ] /www/wwwroot/code/public/../application/index/view/teaching/signinnow.html [ array (
  0 => 'user',
  1 => 'site',
  2 => 'config',
  3 => 'title',
  4 => 'can_signin',
  5 => 'signin_name',
  6 => 'start_time',
  7 => 'end_time',
  8 => 'signin_type',
  9 => 'user_type',
) ]
[ info ] [ LOG ] INIT File
---------------------------------------------------------------
[ 2024-04-03T18:52:08+08:00 ] 10.0.0.9 GET 10.0.0.36/index/ajax/lang?callback=define&controllername=teaching&lang=zh-cn&v=1712141527&v=1712141527
[运行时间：0.070423s] [吞吐率：14.20req/s] [内存消耗：3,671.66kb] [文件加载：79]
[ info ] [ BEHAVIOR ] Run Closure @app_init [ RunTime:0.000208s ]
[ info ] [ CACHE ] INIT File
[ info ] [ BEHAVIOR ] Run Closure @app_init [ RunTime:0.002168s ]
[ info ] [ BEHAVIOR ] Run app\common\behavior\Common @app_init [ RunTime:0.000862s ]
[ info ] [ LANG ] /www/wwwroot/code/thinkphp/lang/zh-cn.php
[ info ] [ BEHAVIOR ] Run app\common\behavior\Common @app_dispatch [ RunTime:0.000053s ]
[ info ] [ ROUTE ] array (
  'type' => 'module',
  'module' => 
  array (
    0 => 'index',
    1 => 'ajax',
    2 => 'lang',
  ),
)
[ info ] [ HEADER ] array (
  'cookie' => 'order=id%20desc; serverType=nginx; pro_end=-1; ltd_end=-1; sites_path=/www/wwwroot; force=0; p-1=1; load_page=1; 96a309293ecde5a4989ea3c21c27f9c6=da789d08-dc58-4c88-9b29-8f5610afbc60.MX3tiD7XpFuRgDgfpl8YcStNNNM; site_model=php; bt_user_info=%7B%22status%22%3Atrue%2C%22msg%22%3A%22%u83B7%u53D6%u6210%u529F%21%22%2C%22data%22%3A%7B%22username%22%3A%22178****4785%22%7D%7D; rank=list; file_recycle_status=true; soft_remarks=%7B%22list%22%3A%5B%22%u66F4%u6362%u6388%u6743IP%22%2C%225%u5206%u949F%u6781%u901F%u54CD%u5E94%22%2C%2215%u5929%u65E0%u7406%u7531%u9000%u6B3E%22%2C%2230+%u6B3E%u4ED8%u8D39%u63D2%u4EF6%22%2C%2220+%u4F01%u4E1A%u7248%u4E13%u4EAB%u529F%u80FD%22%2C%221000%u6761%u514D%u8D39%u77ED%u4FE1%uFF08%u5E74%u4ED8%uFF09%22%2C%222%u5F20SSL%u5546%u7528%u8BC1%u4E66%uFF08%u5E74%u4ED8%uFF09%22%2C%22%u4E13%u4EAB%u4F01%u4E1A%u670D%u52A1%u7FA4%uFF08%u5E74%u4ED8%uFF09%22%5D%2C%22pro_list%22%3A%5B%22%u66F4%u6362%u6388%u6743IP%22%2C%22%u5BA2%u670D%u4F18%u5148%u54CD%u5E94%22%2C%2215+%u6B3E%u4ED8%u8D39%u63D2%u4EF6%22%2C%2215%u5929%u65E0%u7406%u7531%u9000%u6B3E%22%2C%22%u5546%u7528%u9632%u706B%u5899%u6388%u6743%22%5D%2C%22kfqq%22%3A%223007255432%22%2C%22kf%22%3A%22http%3A//q.url.cn/CDfQPS%3F_type%3Dwpa%26qidian%3Dtrue%22%2C%22qun%22%3A%22%22%2C%22activity_list%22%3A%5B%22%3Cspan%20style%3D%5C%22color%3A%23D98704%3Bpadding-right%3A10px%5C%22%3E618%u7279%u60E0%u6D3B%u52A8%uFF0C6%u67089%u65E5-%206%u670818%u65E5%uFF0C%u6700%u9AD8%u51CF15000%u5143%3C/span%3E%3Ca%20style%3D%5C%22text-decoration%3Anone%3B%5C%22%20href%3D%5C%22https%3A//www.bt.cn/618%5C%22%20rel%3D%5C%22noreferrer%5C%22%20%20target%3D%5C%22_blank%5C%22%20class%3D%5C%22btlink%5C%22%3E%u70B9%u51FB%u7ACB%u5373%u67E5%u770B%3E%3E%3C/a%3E%22%5D%2C%22kf_list%22%3A%5B%7B%22qq%22%3A%223007255432%22%2C%22kf%22%3A%22http%3A//q.url.cn/CDfQPS%3F_type%3Dwpa%26qidian%3Dtrue%22%7D%2C%7B%22qq%22%3A%222927440070%22%2C%22kf%22%3A%22http%3A//wpa.qq.com/msgrd%3Fv%3D3%26uin%3D2927440070%26site%3Dqq%26menu%3Dyes%26from%3Dmessage%26isappinstalled%3D0%22%7D%5D%2C%22wx_list%22%3A%5B%7B%22ps%22%3A%22%u5728%u7EBF%u5BA2%u670D%22%2C%22kf%22%3A%22https%3A//www.bt.cn/new/wechat_customer%22%7D%5D%2C%22vips_list%22%3A%7B%22%u591A%u5BF9%u4E00%u6280%u672F%u652F%u6301%22%3A%7B%22pro%22%3A0%2C%22ltd%22%3A0%2C%22vltd%22%3A1%7D%2C%22%u5168%u5E745%u6B21%u5B89%u5168%u6392%u67E5%22%3A%7B%22pro%22%3A0%2C%22ltd%22%3A0%2C%22vltd%22%3A1%7D%2C%225%u5206%u949F%u6025%u901F%u54CD%u5E94%22%3A%7B%22pro%22%3A0%2C%22ltd%22%3A1%2C%22vltd%22%3A1%7D%2C%2230+%u6B3E%u4ED8%u8D39%u63D2%u4EF6%22%3A%7B%22pro%22%3A0%2C%22ltd%22%3A1%2C%22vltd%22%3A1%7D%2C%2220+%u4F01%u4E1A%u7248%u4E13%u4EAB%u529F%u80FD%22%3A%7B%22pro%22%3A0%2C%22ltd%22%3A1%2C%22vltd%22%3A1%7D%2C%221000%u6761%u514D%u8D39%u77ED%u4FE1%28%u5E74%u4ED8%29%22%3A%7B%22pro%22%3A0%2C%22ltd%22%3A1%2C%22vltd%22%3A1%7D%2C%222%u5F20SSL%u5546%u7528%u8BC1%u4E66%28%u5E74%u4ED8%29%22%3A%7B%22pro%22%3A0%2C%22ltd%22%3A1%2C%22vltd%22%3A1%7D%2C%22%u4E13%u4EAB%u4F01%u4E1A%u670D%u52A1%u7FA4%28%u5E74%u4ED8%29%22%3A%7B%22pro%22%3A0%2C%22ltd%22%3A1%2C%22vltd%22%3A1%7D%2C%22WAF%u9632%u706B%u5899%22%3A%7B%22pro%22%3A1%2C%22ltd%22%3A1%2C%22vltd%22%3A1%7D%2C%22%u66F4%u6362%u6388%u6743IP%22%3A%7B%22pro%22%3A1%2C%22ltd%22%3A1%2C%22vltd%22%3A1%7D%2C%22%u5BA2%u670D%u4F18%u5148%u54CD%u5E94%22%3A%7B%22pro%22%3A1%2C%22ltd%22%3A1%2C%22vltd%22%3A1%7D%2C%2215+%u6B3E%u4ED8%u8D39%u63D2%u4EF6%22%3A%7B%22pro%22%3A1%2C%22ltd%22%3A1%2C%22vltd%22%3A1%7D%2C%2215%u5929%u65E0%u7406%u7531%u9000%u6B3E%22%3A%7B%22pro%22%3A1%2C%22ltd%22%3A1%2C%22vltd%22%3A1%7D%7D%7D; p0=1; SetName=; ChangePath=28; db_page_model=mysql; backup_path=/www/backup; uid=7; token=80ea3801-35aa-43d7-8d24-65ea74b05763; p5=1; is_install=true; commandInputViewUUID=jTc5N8NpWbYJfAZ; yunzhitecnuid=7; yunzhitecntoken=aed04d30-f619-40e8-b578-4db273dc5d52; diskPath=/; taskStatus=true; site_type=0; record_paste_type=null; PHPSESSID=ht7c926u79f5c9oq1htm7spt42; code-server-session=%24argon2id%24v%3D19%24m%3D65536%2Ct%3D3%2Cp%3D4%24nwcuNwVT5%2Bmh7Qjj4t%2BciA%24QEOP4QEy7ty8QrAk1CghzQzvKCuNvPOZOCio3CIdXiY; 09c41e670af26b64907bdcc89aed7864=be7d581d-d35b-4513-96b4-988f12c3ec23.HlwB9aflC1JtHFCR6HTEk2ljKcM; files_sort=name; name_reverse=False; distribution=ubuntu; load_search=undefined; softType=-1; load_type=-1; Path=/www/wwwroot/code/application',
  'accept-language' => 'zh-CN,zh;q=0.9,en;q=0.8,en-GB;q=0.7,en-US;q=0.6',
  'accept-encoding' => 'gzip, deflate',
  'referer' => 'http://10.0.0.36/index/teaching/signinnow?signin_id=1',
  'accept' => '*/*',
  'user-agent' => 'Mozilla/5.0 (Windows NT 10.0; Win64; x64) AppleWebKit/537.36 (KHTML, like Gecko) Chrome/122.0.0.0 Safari/537.36 Edg/122.0.0.0',
  'connection' => 'keep-alive',
  'host' => '10.0.0.36',
  'content-length' => '',
  'content-type' => '',
)
[ info ] [ PARAM ] array (
  'callback' => 'define',
  'controllername' => 'teaching',
  'lang' => 'zh-cn',
  'v' => '1712141527',
)
[ info ] [ LANG ] /www/wwwroot/code/public/../application/index/lang/zh-cn.php
[ info ] [ BEHAVIOR ] Run app\common\behavior\Common @module_init [ RunTime:0.002454s ]
[ info ] [ TOKEN ] INIT Mysql
[ info ] [ DB ] INIT mysql
[ info ] [ BEHAVIOR ] Run \addons\ueditor\Ueditor @config_init [ RunTime:0.000189s ]
[ info ] [ LANG ] /www/wwwroot/code/public/../application/index/lang/zh-cn/ajax.php
[ info ] [ RUN ] app\index\controller\Ajax->lang[ /www/wwwroot/code/application/index/controller/Ajax.php ]
[ info ] [ LOG ] INIT File
