---------------------------------------------------------------
[ 2024-02-09T16:23:12+08:00 ] 10.0.0.61 GET 10.0.0.242/
[运行时间：0.210492s] [吞吐率：4.75req/s] [内存消耗：3,525.98kb] [文件加载：73]
[ info ] [ BEHAVIOR ] Run Closure @app_init [ RunTime:0.004809s ]
[ info ] [ CACHE ] INIT File
[ info ] [ BEHAVIOR ] Run Closure @app_init [ RunTime:0.003418s ]
[ info ] [ BEHAVIOR ] Run app\common\behavior\Common @app_init [ RunTime:0.001950s ]
[ info ] [ LANG ] /www/wwwroot/code/thinkphp/lang/zh-cn.php
[ info ] [ BEHAVIOR ] Run app\common\behavior\Common @app_dispatch [ RunTime:0.000077s ]
[ info ] [ ROUTE ] array (
  'type' => 'module',
  'module' => 
  array (
    0 => '',
    1 => NULL,
    2 => NULL,
  ),
)
[ info ] [ HEADER ] array (
  'cookie' => 'cloudreve-session=MTcwMzg3NTQ2OXxOd3dBTkROS05GUllVa3MxUTFsWE5UTTNXRGRaVTFwQ1dUTTJORmcxVmtOTlZrMVBVVlJYVlROU1VEYzFRVkJMTlZwRlMwNWFWa0U9fLK0NfTcnmgCtGnxne2xudhR-LDm7mHuIQUmM1ZSvnBP; 0c2824ca3bf26da7038babc69970a4f2=2cb25389-e818-40de-8d3e-b0c9cb3a633f.pj3-S_5rJVRCIzMyHbjXPUrqfeI; order=id%20desc; serverType=nginx; bt_user_info=%7B%22status%22%3Atrue%2C%22msg%22%3A%22%u83B7%u53D6%u6210%u529F%21%22%2C%22data%22%3A%7B%22username%22%3A%22178****4785%22%7D%7D; pro_end=-1; ltd_end=-1; sites_path=/www/wwwroot; site_model=php; site_type=0; rank=list; file_recycle_status=true; 1858b45bca4f876838470b98649c20ea=c2d9cf71-20d3-4d6d-84f5-8286c68bd1cd.6M4Ml66_6jOZu5gTsKgCqgqhgkw; memSize=5928; Path=/www/wwwroot/code/public/files; distribution=ubuntu; force=0; soft_remarks=%7B%22list%22%3A%5B%22%u66F4%u6362%u6388%u6743IP%22%2C%225%u5206%u949F%u6781%u901F%u54CD%u5E94%22%2C%2215%u5929%u65E0%u7406%u7531%u9000%u6B3E%22%2C%2230+%u6B3E%u4ED8%u8D39%u63D2%u4EF6%22%2C%2220+%u4F01%u4E1A%u7248%u4E13%u4EAB%u529F%u80FD%22%2C%221000%u6761%u514D%u8D39%u77ED%u4FE1%uFF08%u5E74%u4ED8%uFF09%22%2C%222%u5F20SSL%u5546%u7528%u8BC1%u4E66%uFF08%u5E74%u4ED8%uFF09%22%2C%22%u4E13%u4EAB%u4F01%u4E1A%u670D%u52A1%u7FA4%uFF08%u5E74%u4ED8%uFF09%22%5D%2C%22pro_list%22%3A%5B%22%u66F4%u6362%u6388%u6743IP%22%2C%22%u5BA2%u670D%u4F18%u5148%u54CD%u5E94%22%2C%2215+%u6B3E%u4ED8%u8D39%u63D2%u4EF6%22%2C%2215%u5929%u65E0%u7406%u7531%u9000%u6B3E%22%2C%22%u5546%u7528%u9632%u706B%u5899%u6388%u6743%22%5D%2C%22kfqq%22%3A%223007255432%22%2C%22kf%22%3A%22http%3A//q.url.cn/CDfQPS%3F_type%3Dwpa%26qidian%3Dtrue%22%2C%22qun%22%3A%22%22%2C%22activity_list%22%3A%5B%22%3Cspan%20style%3D%5C%22color%3A%23D98704%3Bpadding-right%3A10px%5C%22%3E618%u7279%u60E0%u6D3B%u52A8%uFF0C6%u67089%u65E5-%206%u670818%u65E5%uFF0C%u6700%u9AD8%u51CF15000%u5143%3C/span%3E%3Ca%20style%3D%5C%22text-decoration%3Anone%3B%5C%22%20href%3D%5C%22https%3A//www.bt.cn/618%5C%22%20rel%3D%5C%22noreferrer%5C%22%20%20target%3D%5C%22_blank%5C%22%20class%3D%5C%22btlink%5C%22%3E%u70B9%u51FB%u7ACB%u5373%u67E5%u770B%3E%3E%3C/a%3E%22%5D%2C%22kf_list%22%3A%5B%7B%22qq%22%3A%223007255432%22%2C%22kf%22%3A%22http%3A//q.url.cn/CDfQPS%3F_type%3Dwpa%26qidian%3Dtrue%22%7D%2C%7B%22qq%22%3A%222927440070%22%2C%22kf%22%3A%22http%3A//wpa.qq.com/msgrd%3Fv%3D3%26uin%3D2927440070%26site%3Dqq%26menu%3Dyes%26from%3Dmessage%26isappinstalled%3D0%22%7D%5D%2C%22wx_list%22%3A%5B%7B%22ps%22%3A%22%u5728%u7EBF%u5BA2%u670D%22%2C%22kf%22%3A%22https%3A//www.bt.cn/new/wechat_customer%22%7D%5D%2C%22vips_list%22%3A%7B%22%u591A%u5BF9%u4E00%u6280%u672F%u652F%u6301%22%3A%7B%22pro%22%3A0%2C%22ltd%22%3A0%2C%22vltd%22%3A1%7D%2C%22%u5168%u5E745%u6B21%u5B89%u5168%u6392%u67E5%22%3A%7B%22pro%22%3A0%2C%22ltd%22%3A0%2C%22vltd%22%3A1%7D%2C%225%u5206%u949F%u6025%u901F%u54CD%u5E94%22%3A%7B%22pro%22%3A0%2C%22ltd%22%3A1%2C%22vltd%22%3A1%7D%2C%2230+%u6B3E%u4ED8%u8D39%u63D2%u4EF6%22%3A%7B%22pro%22%3A0%2C%22ltd%22%3A1%2C%22vltd%22%3A1%7D%2C%2220+%u4F01%u4E1A%u7248%u4E13%u4EAB%u529F%u80FD%22%3A%7B%22pro%22%3A0%2C%22ltd%22%3A1%2C%22vltd%22%3A1%7D%2C%221000%u6761%u514D%u8D39%u77ED%u4FE1%28%u5E74%u4ED8%29%22%3A%7B%22pro%22%3A0%2C%22ltd%22%3A1%2C%22vltd%22%3A1%7D%2C%222%u5F20SSL%u5546%u7528%u8BC1%u4E66%28%u5E74%u4ED8%29%22%3A%7B%22pro%22%3A0%2C%22ltd%22%3A1%2C%22vltd%22%3A1%7D%2C%22%u4E13%u4EAB%u4F01%u4E1A%u670D%u52A1%u7FA4%28%u5E74%u4ED8%29%22%3A%7B%22pro%22%3A0%2C%22ltd%22%3A1%2C%22vltd%22%3A1%7D%2C%22WAF%u9632%u706B%u5899%22%3A%7B%22pro%22%3A1%2C%22ltd%22%3A1%2C%22vltd%22%3A1%7D%2C%22%u66F4%u6362%u6388%u6743IP%22%3A%7B%22pro%22%3A1%2C%22ltd%22%3A1%2C%22vltd%22%3A1%7D%2C%22%u5BA2%u670D%u4F18%u5148%u54CD%u5E94%22%3A%7B%22pro%22%3A1%2C%22ltd%22%3A1%2C%22vltd%22%3A1%7D%2C%2215+%u6B3E%u4ED8%u8D39%u63D2%u4EF6%22%3A%7B%22pro%22%3A1%2C%22ltd%22%3A1%2C%22vltd%22%3A1%7D%2C%2215%u5929%u65E0%u7406%u7531%u9000%u6B3E%22%3A%7B%22pro%22%3A1%2C%22ltd%22%3A1%2C%22vltd%22%3A1%7D%7D%7D; load_search=undefined; load_page=1; p5=1; softType=-1; p-1=1; load_type=-1',
  'accept-language' => 'zh-CN,zh;q=0.9,en;q=0.8,en-GB;q=0.7,en-US;q=0.6',
  'accept-encoding' => 'gzip, deflate',
  'accept' => 'text/html,application/xhtml+xml,application/xml;q=0.9,image/webp,image/apng,*/*;q=0.8,application/signed-exchange;v=b3;q=0.7',
  'user-agent' => 'Mozilla/5.0 (Windows NT 10.0; Win64; x64) AppleWebKit/537.36 (KHTML, like Gecko) Chrome/119.0.0.0 Safari/537.36 Edg/119.0.0.0',
  'upgrade-insecure-requests' => '1',
  'cache-control' => 'max-age=0',
  'connection' => 'keep-alive',
  'host' => '10.0.0.242',
  'content-length' => '',
  'content-type' => '',
)
[ info ] [ PARAM ] array (
)
[ info ] [ LANG ] /www/wwwroot/code/public/../application/index/lang/zh-cn.php
[ info ] [ BEHAVIOR ] Run app\common\behavior\Common @module_init [ RunTime:0.006327s ]
[ info ] [ LANG ] /www/wwwroot/code/public/../application/index/lang/zh-cn/index.php
[ info ] [ RUN ] app\index\controller\Index->index[ /www/wwwroot/code/application/index/controller/Index.php ]
[ info ] [ DB ] INIT mysql
[ info ] [ VIEW ] /www/wwwroot/code/public/../application/index/view/index/index.html [ array (
  0 => 'user',
  1 => 'site',
  2 => 'config',
  3 => 'sitename',
  4 => 'secsitename',
  5 => 'message',
) ]
[ info ] [ LOG ] INIT File
---------------------------------------------------------------
[ 2024-02-09T16:23:14+08:00 ] 10.0.0.61 GET 10.0.0.242/favicon.ico
[运行时间：0.069462s] [吞吐率：14.40req/s] [内存消耗：1,862.86kb] [文件加载：53]
[ info ] [ BEHAVIOR ] Run Closure @app_init [ RunTime:0.000378s ]
[ info ] [ CACHE ] INIT File
[ info ] [ BEHAVIOR ] Run Closure @app_init [ RunTime:0.003221s ]
[ info ] [ BEHAVIOR ] Run app\common\behavior\Common @app_init [ RunTime:0.001930s ]
[ info ] [ LANG ] /www/wwwroot/code/thinkphp/lang/zh-cn.php
[ info ] [ BEHAVIOR ] Run app\common\behavior\Common @app_dispatch [ RunTime:0.000100s ]
[ info ] [ ROUTE ] array (
  'type' => 'module',
  'module' => 
  array (
    0 => 'favicon.ico',
    1 => NULL,
    2 => NULL,
  ),
)
[ info ] [ HEADER ] array (
  'cookie' => 'cloudreve-session=MTcwMzg3NTQ2OXxOd3dBTkROS05GUllVa3MxUTFsWE5UTTNXRGRaVTFwQ1dUTTJORmcxVmtOTlZrMVBVVlJYVlROU1VEYzFRVkJMTlZwRlMwNWFWa0U9fLK0NfTcnmgCtGnxne2xudhR-LDm7mHuIQUmM1ZSvnBP; 0c2824ca3bf26da7038babc69970a4f2=2cb25389-e818-40de-8d3e-b0c9cb3a633f.pj3-S_5rJVRCIzMyHbjXPUrqfeI; order=id%20desc; serverType=nginx; bt_user_info=%7B%22status%22%3Atrue%2C%22msg%22%3A%22%u83B7%u53D6%u6210%u529F%21%22%2C%22data%22%3A%7B%22username%22%3A%22178****4785%22%7D%7D; pro_end=-1; ltd_end=-1; sites_path=/www/wwwroot; site_model=php; site_type=0; rank=list; file_recycle_status=true; 1858b45bca4f876838470b98649c20ea=c2d9cf71-20d3-4d6d-84f5-8286c68bd1cd.6M4Ml66_6jOZu5gTsKgCqgqhgkw; memSize=5928; Path=/www/wwwroot/code/public/files; distribution=ubuntu; force=0; soft_remarks=%7B%22list%22%3A%5B%22%u66F4%u6362%u6388%u6743IP%22%2C%225%u5206%u949F%u6781%u901F%u54CD%u5E94%22%2C%2215%u5929%u65E0%u7406%u7531%u9000%u6B3E%22%2C%2230+%u6B3E%u4ED8%u8D39%u63D2%u4EF6%22%2C%2220+%u4F01%u4E1A%u7248%u4E13%u4EAB%u529F%u80FD%22%2C%221000%u6761%u514D%u8D39%u77ED%u4FE1%uFF08%u5E74%u4ED8%uFF09%22%2C%222%u5F20SSL%u5546%u7528%u8BC1%u4E66%uFF08%u5E74%u4ED8%uFF09%22%2C%22%u4E13%u4EAB%u4F01%u4E1A%u670D%u52A1%u7FA4%uFF08%u5E74%u4ED8%uFF09%22%5D%2C%22pro_list%22%3A%5B%22%u66F4%u6362%u6388%u6743IP%22%2C%22%u5BA2%u670D%u4F18%u5148%u54CD%u5E94%22%2C%2215+%u6B3E%u4ED8%u8D39%u63D2%u4EF6%22%2C%2215%u5929%u65E0%u7406%u7531%u9000%u6B3E%22%2C%22%u5546%u7528%u9632%u706B%u5899%u6388%u6743%22%5D%2C%22kfqq%22%3A%223007255432%22%2C%22kf%22%3A%22http%3A//q.url.cn/CDfQPS%3F_type%3Dwpa%26qidian%3Dtrue%22%2C%22qun%22%3A%22%22%2C%22activity_list%22%3A%5B%22%3Cspan%20style%3D%5C%22color%3A%23D98704%3Bpadding-right%3A10px%5C%22%3E618%u7279%u60E0%u6D3B%u52A8%uFF0C6%u67089%u65E5-%206%u670818%u65E5%uFF0C%u6700%u9AD8%u51CF15000%u5143%3C/span%3E%3Ca%20style%3D%5C%22text-decoration%3Anone%3B%5C%22%20href%3D%5C%22https%3A//www.bt.cn/618%5C%22%20rel%3D%5C%22noreferrer%5C%22%20%20target%3D%5C%22_blank%5C%22%20class%3D%5C%22btlink%5C%22%3E%u70B9%u51FB%u7ACB%u5373%u67E5%u770B%3E%3E%3C/a%3E%22%5D%2C%22kf_list%22%3A%5B%7B%22qq%22%3A%223007255432%22%2C%22kf%22%3A%22http%3A//q.url.cn/CDfQPS%3F_type%3Dwpa%26qidian%3Dtrue%22%7D%2C%7B%22qq%22%3A%222927440070%22%2C%22kf%22%3A%22http%3A//wpa.qq.com/msgrd%3Fv%3D3%26uin%3D2927440070%26site%3Dqq%26menu%3Dyes%26from%3Dmessage%26isappinstalled%3D0%22%7D%5D%2C%22wx_list%22%3A%5B%7B%22ps%22%3A%22%u5728%u7EBF%u5BA2%u670D%22%2C%22kf%22%3A%22https%3A//www.bt.cn/new/wechat_customer%22%7D%5D%2C%22vips_list%22%3A%7B%22%u591A%u5BF9%u4E00%u6280%u672F%u652F%u6301%22%3A%7B%22pro%22%3A0%2C%22ltd%22%3A0%2C%22vltd%22%3A1%7D%2C%22%u5168%u5E745%u6B21%u5B89%u5168%u6392%u67E5%22%3A%7B%22pro%22%3A0%2C%22ltd%22%3A0%2C%22vltd%22%3A1%7D%2C%225%u5206%u949F%u6025%u901F%u54CD%u5E94%22%3A%7B%22pro%22%3A0%2C%22ltd%22%3A1%2C%22vltd%22%3A1%7D%2C%2230+%u6B3E%u4ED8%u8D39%u63D2%u4EF6%22%3A%7B%22pro%22%3A0%2C%22ltd%22%3A1%2C%22vltd%22%3A1%7D%2C%2220+%u4F01%u4E1A%u7248%u4E13%u4EAB%u529F%u80FD%22%3A%7B%22pro%22%3A0%2C%22ltd%22%3A1%2C%22vltd%22%3A1%7D%2C%221000%u6761%u514D%u8D39%u77ED%u4FE1%28%u5E74%u4ED8%29%22%3A%7B%22pro%22%3A0%2C%22ltd%22%3A1%2C%22vltd%22%3A1%7D%2C%222%u5F20SSL%u5546%u7528%u8BC1%u4E66%28%u5E74%u4ED8%29%22%3A%7B%22pro%22%3A0%2C%22ltd%22%3A1%2C%22vltd%22%3A1%7D%2C%22%u4E13%u4EAB%u4F01%u4E1A%u670D%u52A1%u7FA4%28%u5E74%u4ED8%29%22%3A%7B%22pro%22%3A0%2C%22ltd%22%3A1%2C%22vltd%22%3A1%7D%2C%22WAF%u9632%u706B%u5899%22%3A%7B%22pro%22%3A1%2C%22ltd%22%3A1%2C%22vltd%22%3A1%7D%2C%22%u66F4%u6362%u6388%u6743IP%22%3A%7B%22pro%22%3A1%2C%22ltd%22%3A1%2C%22vltd%22%3A1%7D%2C%22%u5BA2%u670D%u4F18%u5148%u54CD%u5E94%22%3A%7B%22pro%22%3A1%2C%22ltd%22%3A1%2C%22vltd%22%3A1%7D%2C%2215+%u6B3E%u4ED8%u8D39%u63D2%u4EF6%22%3A%7B%22pro%22%3A1%2C%22ltd%22%3A1%2C%22vltd%22%3A1%7D%2C%2215%u5929%u65E0%u7406%u7531%u9000%u6B3E%22%3A%7B%22pro%22%3A1%2C%22ltd%22%3A1%2C%22vltd%22%3A1%7D%7D%7D; load_search=undefined; load_page=1; p5=1; softType=-1; p-1=1; load_type=-1',
  'accept-language' => 'zh-CN,zh;q=0.9,en;q=0.8,en-GB;q=0.7,en-US;q=0.6',
  'accept-encoding' => 'gzip, deflate',
  'referer' => 'http://10.0.0.242/',
  'accept' => 'image/webp,image/apng,image/svg+xml,image/*,*/*;q=0.8',
  'user-agent' => 'Mozilla/5.0 (Windows NT 10.0; Win64; x64) AppleWebKit/537.36 (KHTML, like Gecko) Chrome/119.0.0.0 Safari/537.36 Edg/119.0.0.0',
  'connection' => 'keep-alive',
  'host' => '10.0.0.242',
  'content-length' => '',
  'content-type' => '',
)
[ info ] [ PARAM ] array (
)
[ info ] [ LOG ] INIT File
